2022-11-28 02:52:25 [undefined] error: uncaughtException: Cannot read properties of undefined (reading 'email')
TypeError: Cannot read properties of undefined (reading 'email')
    at Object.isOwner (C:\Users\sun\Desktop\team08 project\team08-project\backend\src\utils\/auth.js:4:18)
    at Object.status (C:\Users\sun\Desktop\team08 project\team08-project\backend\src\utils\/auth.js:12:14)
    at _callee2$ (C:\Users\sun\Desktop\team08 project\team08-project\backend\/app.js:162:8)
    at tryCatch (C:\Users\sun\Desktop\team08 project\team08-project\backend\/app.js:2:1)
    at Generator.<anonymous> (C:\Users\sun\Desktop\team08 project\team08-project\backend\/app.js:2:1)
    at Generator.next (C:\Users\sun\Desktop\team08 project\team08-project\backend\/app.js:2:1)
    at asyncGeneratorStep (C:\Users\sun\Desktop\team08 project\team08-project\backend\/app.js:2:1)
    at _next (C:\Users\sun\Desktop\team08 project\team08-project\backend\/app.js:2:1)
    at C:\Users\sun\Desktop\team08 project\team08-project\backend\/app.js:2:1
    at new Promise (<anonymous>)
    at C:\Users\sun\Desktop\team08 project\team08-project\backend\/app.js:2:1
    at C:\Users\sun\Desktop\team08 project\team08-project\backend\/app.js:169:2
    at Layer.handle [as handle_request] (C:\Users\sun\Desktop\team08 project\team08-project\backend\node_modules\express\lib\router\layer.js:95:5)
    at next (C:\Users\sun\Desktop\team08 project\team08-project\backend\node_modules\express\lib\router\route.js:144:13)
    at Route.dispatch (C:\Users\sun\Desktop\team08 project\team08-project\backend\node_modules\express\lib\router\route.js:114:3)
    at Layer.handle [as handle_request] (C:\Users\sun\Desktop\team08 project\team08-project\backend\node_modules\express\lib\router\layer.js:95:5)
    at C:\Users\sun\Desktop\team08 project\team08-project\backend\node_modules\express\lib\router\index.js:284:15
    at Function.process_params (C:\Users\sun\Desktop\team08 project\team08-project\backend\node_modules\express\lib\router\index.js:346:12)
    at next (C:\Users\sun\Desktop\team08 project\team08-project\backend\node_modules\express\lib\router\index.js:280:10)
    at SessionStrategy.strategy.pass (C:\Users\sun\Desktop\team08 project\team08-project\backend\node_modules\passport\lib\middleware\authenticate.js:346:9)
    at SessionStrategy.authenticate (C:\Users\sun\Desktop\team08 project\team08-project\backend\node_modules\passport\lib\strategies\session.js:75:10)
    at attempt (C:\Users\sun\Desktop\team08 project\team08-project\backend\node_modules\passport\lib\middleware\authenticate.js:369:16)
    at authenticate (C:\Users\sun\Desktop\team08 project\team08-project\backend\node_modules\passport\lib\middleware\authenticate.js:370:7)
    at Layer.handle [as handle_request] (C:\Users\sun\Desktop\team08 project\team08-project\backend\node_modules\express\lib\router\layer.js:95:5)
    at trim_prefix (C:\Users\sun\Desktop\team08 project\team08-project\backend\node_modules\express\lib\router\index.js:328:13)
    at C:\Users\sun\Desktop\team08 project\team08-project\backend\node_modules\express\lib\router\index.js:286:9
    at Function.process_params (C:\Users\sun\Desktop\team08 project\team08-project\backend\node_modules\express\lib\router\index.js:346:12)
    at next (C:\Users\sun\Desktop\team08 project\team08-project\backend\node_modules\express\lib\router\index.js:280:10)
    at initialize (C:\Users\sun\Desktop\team08 project\team08-project\backend\node_modules\passport\lib\middleware\initialize.js:98:5)
    at Layer.handle [as handle_request] (C:\Users\sun\Desktop\team08 project\team08-project\backend\node_modules\express\lib\router\layer.js:95:5)
    at trim_prefix (C:\Users\sun\Desktop\team08 project\team08-project\backend\node_modules\express\lib\router\index.js:328:13)
    at C:\Users\sun\Desktop\team08 project\team08-project\backend\node_modules\express\lib\router\index.js:286:9
    at Function.process_params (C:\Users\sun\Desktop\team08 project\team08-project\backend\node_modules\express\lib\router\index.js:346:12)
    at next (C:\Users\sun\Desktop\team08 project\team08-project\backend\node_modules\express\lib\router\index.js:280:10)
    at C:\Users\sun\Desktop\team08 project\team08-project\backend\node_modules\express-session\index.js:506:7
    at Query.<anonymous> (C:\Users\sun\Desktop\team08 project\team08-project\backend\node_modules\express-mysql-session\index.js:193:4)
    at Query.<anonymous> (C:\Users\sun\Desktop\team08 project\team08-project\backend\node_modules\underscore\underscore-node-f-pre.js:1206:19)
    at Query.<anonymous> (C:\Users\sun\Desktop\team08 project\team08-project\backend\node_modules\mysql\lib\Connection.js:526:10)
    at Query._callback (C:\Users\sun\Desktop\team08 project\team08-project\backend\node_modules\mysql\lib\Connection.js:488:16)
    at Query.Sequence.end (C:\Users\sun\Desktop\team08 project\team08-project\backend\node_modules\mysql\lib\protocol\sequences\Sequence.js:83:24)
    at Query._handleFinalResultPacket (C:\Users\sun\Desktop\team08 project\team08-project\backend\node_modules\mysql\lib\protocol\sequences\Query.js:149:8)
    at Query.EofPacket (C:\Users\sun\Desktop\team08 project\team08-project\backend\node_modules\mysql\lib\protocol\sequences\Query.js:133:8)
    at Protocol._parsePacket (C:\Users\sun\Desktop\team08 project\team08-project\backend\node_modules\mysql\lib\protocol\Protocol.js:291:23)
    at Parser._parsePacket (C:\Users\sun\Desktop\team08 project\team08-project\backend\node_modules\mysql\lib\protocol\Parser.js:433:10)
    at Parser.write (C:\Users\sun\Desktop\team08 project\team08-project\backend\node_modules\mysql\lib\protocol\Parser.js:43:10)
    at Protocol.write (C:\Users\sun\Desktop\team08 project\team08-project\backend\node_modules\mysql\lib\protocol\Protocol.js:38:16)
    at Socket.<anonymous> (C:\Users\sun\Desktop\team08 project\team08-project\backend\node_modules\mysql\lib\Connection.js:88:28)
    at Socket.<anonymous> (C:\Users\sun\Desktop\team08 project\team08-project\backend\node_modules\mysql\lib\Connection.js:526:10)
    at Socket.emit (node:events:513:28)
    at Socket.emit (node:domain:489:12)
2022-11-28 02:53:02 [undefined] error: uncaughtException: Cannot read properties of undefined (reading 'email')
TypeError: Cannot read properties of undefined (reading 'email')
    at Object.isOwner (C:\Users\sun\Desktop\team08 project\team08-project\backend\src\utils\/auth.js:4:18)
    at Object.status (C:\Users\sun\Desktop\team08 project\team08-project\backend\src\utils\/auth.js:12:14)
    at _callee2$ (C:\Users\sun\Desktop\team08 project\team08-project\backend\/app.js:162:8)
    at tryCatch (C:\Users\sun\Desktop\team08 project\team08-project\backend\/app.js:2:1)
    at Generator.<anonymous> (C:\Users\sun\Desktop\team08 project\team08-project\backend\/app.js:2:1)
    at Generator.next (C:\Users\sun\Desktop\team08 project\team08-project\backend\/app.js:2:1)
    at asyncGeneratorStep (C:\Users\sun\Desktop\team08 project\team08-project\backend\/app.js:2:1)
    at _next (C:\Users\sun\Desktop\team08 project\team08-project\backend\/app.js:2:1)
    at C:\Users\sun\Desktop\team08 project\team08-project\backend\/app.js:2:1
    at new Promise (<anonymous>)
    at C:\Users\sun\Desktop\team08 project\team08-project\backend\/app.js:2:1
    at C:\Users\sun\Desktop\team08 project\team08-project\backend\/app.js:169:2
    at Layer.handle [as handle_request] (C:\Users\sun\Desktop\team08 project\team08-project\backend\node_modules\express\lib\router\layer.js:95:5)
    at next (C:\Users\sun\Desktop\team08 project\team08-project\backend\node_modules\express\lib\router\route.js:144:13)
    at Route.dispatch (C:\Users\sun\Desktop\team08 project\team08-project\backend\node_modules\express\lib\router\route.js:114:3)
    at Layer.handle [as handle_request] (C:\Users\sun\Desktop\team08 project\team08-project\backend\node_modules\express\lib\router\layer.js:95:5)
    at C:\Users\sun\Desktop\team08 project\team08-project\backend\node_modules\express\lib\router\index.js:284:15
    at Function.process_params (C:\Users\sun\Desktop\team08 project\team08-project\backend\node_modules\express\lib\router\index.js:346:12)
    at next (C:\Users\sun\Desktop\team08 project\team08-project\backend\node_modules\express\lib\router\index.js:280:10)
    at SessionStrategy.strategy.pass (C:\Users\sun\Desktop\team08 project\team08-project\backend\node_modules\passport\lib\middleware\authenticate.js:346:9)
    at SessionStrategy.authenticate (C:\Users\sun\Desktop\team08 project\team08-project\backend\node_modules\passport\lib\strategies\session.js:75:10)
    at attempt (C:\Users\sun\Desktop\team08 project\team08-project\backend\node_modules\passport\lib\middleware\authenticate.js:369:16)
    at authenticate (C:\Users\sun\Desktop\team08 project\team08-project\backend\node_modules\passport\lib\middleware\authenticate.js:370:7)
    at Layer.handle [as handle_request] (C:\Users\sun\Desktop\team08 project\team08-project\backend\node_modules\express\lib\router\layer.js:95:5)
    at trim_prefix (C:\Users\sun\Desktop\team08 project\team08-project\backend\node_modules\express\lib\router\index.js:328:13)
    at C:\Users\sun\Desktop\team08 project\team08-project\backend\node_modules\express\lib\router\index.js:286:9
    at Function.process_params (C:\Users\sun\Desktop\team08 project\team08-project\backend\node_modules\express\lib\router\index.js:346:12)
    at next (C:\Users\sun\Desktop\team08 project\team08-project\backend\node_modules\express\lib\router\index.js:280:10)
    at initialize (C:\Users\sun\Desktop\team08 project\team08-project\backend\node_modules\passport\lib\middleware\initialize.js:98:5)
    at Layer.handle [as handle_request] (C:\Users\sun\Desktop\team08 project\team08-project\backend\node_modules\express\lib\router\layer.js:95:5)
    at trim_prefix (C:\Users\sun\Desktop\team08 project\team08-project\backend\node_modules\express\lib\router\index.js:328:13)
    at C:\Users\sun\Desktop\team08 project\team08-project\backend\node_modules\express\lib\router\index.js:286:9
    at Function.process_params (C:\Users\sun\Desktop\team08 project\team08-project\backend\node_modules\express\lib\router\index.js:346:12)
    at next (C:\Users\sun\Desktop\team08 project\team08-project\backend\node_modules\express\lib\router\index.js:280:10)
    at C:\Users\sun\Desktop\team08 project\team08-project\backend\node_modules\express-session\index.js:506:7
    at Query.<anonymous> (C:\Users\sun\Desktop\team08 project\team08-project\backend\node_modules\express-mysql-session\index.js:193:4)
    at Query.<anonymous> (C:\Users\sun\Desktop\team08 project\team08-project\backend\node_modules\underscore\underscore-node-f-pre.js:1206:19)
    at Query.<anonymous> (C:\Users\sun\Desktop\team08 project\team08-project\backend\node_modules\mysql\lib\Connection.js:526:10)
    at Query._callback (C:\Users\sun\Desktop\team08 project\team08-project\backend\node_modules\mysql\lib\Connection.js:488:16)
    at Query.Sequence.end (C:\Users\sun\Desktop\team08 project\team08-project\backend\node_modules\mysql\lib\protocol\sequences\Sequence.js:83:24)
    at Query._handleFinalResultPacket (C:\Users\sun\Desktop\team08 project\team08-project\backend\node_modules\mysql\lib\protocol\sequences\Query.js:149:8)
    at Query.EofPacket (C:\Users\sun\Desktop\team08 project\team08-project\backend\node_modules\mysql\lib\protocol\sequences\Query.js:133:8)
    at Protocol._parsePacket (C:\Users\sun\Desktop\team08 project\team08-project\backend\node_modules\mysql\lib\protocol\Protocol.js:291:23)
    at Parser._parsePacket (C:\Users\sun\Desktop\team08 project\team08-project\backend\node_modules\mysql\lib\protocol\Parser.js:433:10)
    at Parser.write (C:\Users\sun\Desktop\team08 project\team08-project\backend\node_modules\mysql\lib\protocol\Parser.js:43:10)
    at Protocol.write (C:\Users\sun\Desktop\team08 project\team08-project\backend\node_modules\mysql\lib\protocol\Protocol.js:38:16)
    at Socket.<anonymous> (C:\Users\sun\Desktop\team08 project\team08-project\backend\node_modules\mysql\lib\Connection.js:88:28)
    at Socket.<anonymous> (C:\Users\sun\Desktop\team08 project\team08-project\backend\node_modules\mysql\lib\Connection.js:526:10)
    at Socket.emit (node:events:513:28)
    at Socket.emit (node:domain:489:12)
2022-11-28 02:54:51 [undefined] error: uncaughtException: Cannot read properties of undefined (reading 'email')
TypeError: Cannot read properties of undefined (reading 'email')
    at Object.isOwner (C:\Users\sun\Desktop\team08 project\team08-project\backend\src\utils\/auth.js:4:18)
    at Object.status (C:\Users\sun\Desktop\team08 project\team08-project\backend\src\utils\/auth.js:12:14)
    at _callee2$ (C:\Users\sun\Desktop\team08 project\team08-project\backend\/app.js:163:8)
    at tryCatch (C:\Users\sun\Desktop\team08 project\team08-project\backend\/app.js:2:1)
    at Generator.<anonymous> (C:\Users\sun\Desktop\team08 project\team08-project\backend\/app.js:2:1)
    at Generator.next (C:\Users\sun\Desktop\team08 project\team08-project\backend\/app.js:2:1)
    at asyncGeneratorStep (C:\Users\sun\Desktop\team08 project\team08-project\backend\/app.js:2:1)
    at _next (C:\Users\sun\Desktop\team08 project\team08-project\backend\/app.js:2:1)
    at C:\Users\sun\Desktop\team08 project\team08-project\backend\/app.js:2:1
    at new Promise (<anonymous>)
    at C:\Users\sun\Desktop\team08 project\team08-project\backend\/app.js:2:1
    at C:\Users\sun\Desktop\team08 project\team08-project\backend\/app.js:170:2
    at Layer.handle [as handle_request] (C:\Users\sun\Desktop\team08 project\team08-project\backend\node_modules\express\lib\router\layer.js:95:5)
    at next (C:\Users\sun\Desktop\team08 project\team08-project\backend\node_modules\express\lib\router\route.js:144:13)
    at Route.dispatch (C:\Users\sun\Desktop\team08 project\team08-project\backend\node_modules\express\lib\router\route.js:114:3)
    at Layer.handle [as handle_request] (C:\Users\sun\Desktop\team08 project\team08-project\backend\node_modules\express\lib\router\layer.js:95:5)
    at C:\Users\sun\Desktop\team08 project\team08-project\backend\node_modules\express\lib\router\index.js:284:15
    at Function.process_params (C:\Users\sun\Desktop\team08 project\team08-project\backend\node_modules\express\lib\router\index.js:346:12)
    at next (C:\Users\sun\Desktop\team08 project\team08-project\backend\node_modules\express\lib\router\index.js:280:10)
    at SessionStrategy.strategy.pass (C:\Users\sun\Desktop\team08 project\team08-project\backend\node_modules\passport\lib\middleware\authenticate.js:346:9)
    at SessionStrategy.authenticate (C:\Users\sun\Desktop\team08 project\team08-project\backend\node_modules\passport\lib\strategies\session.js:75:10)
    at attempt (C:\Users\sun\Desktop\team08 project\team08-project\backend\node_modules\passport\lib\middleware\authenticate.js:369:16)
    at authenticate (C:\Users\sun\Desktop\team08 project\team08-project\backend\node_modules\passport\lib\middleware\authenticate.js:370:7)
    at Layer.handle [as handle_request] (C:\Users\sun\Desktop\team08 project\team08-project\backend\node_modules\express\lib\router\layer.js:95:5)
    at trim_prefix (C:\Users\sun\Desktop\team08 project\team08-project\backend\node_modules\express\lib\router\index.js:328:13)
    at C:\Users\sun\Desktop\team08 project\team08-project\backend\node_modules\express\lib\router\index.js:286:9
    at Function.process_params (C:\Users\sun\Desktop\team08 project\team08-project\backend\node_modules\express\lib\router\index.js:346:12)
    at next (C:\Users\sun\Desktop\team08 project\team08-project\backend\node_modules\express\lib\router\index.js:280:10)
    at initialize (C:\Users\sun\Desktop\team08 project\team08-project\backend\node_modules\passport\lib\middleware\initialize.js:98:5)
    at Layer.handle [as handle_request] (C:\Users\sun\Desktop\team08 project\team08-project\backend\node_modules\express\lib\router\layer.js:95:5)
    at trim_prefix (C:\Users\sun\Desktop\team08 project\team08-project\backend\node_modules\express\lib\router\index.js:328:13)
    at C:\Users\sun\Desktop\team08 project\team08-project\backend\node_modules\express\lib\router\index.js:286:9
    at Function.process_params (C:\Users\sun\Desktop\team08 project\team08-project\backend\node_modules\express\lib\router\index.js:346:12)
    at next (C:\Users\sun\Desktop\team08 project\team08-project\backend\node_modules\express\lib\router\index.js:280:10)
    at C:\Users\sun\Desktop\team08 project\team08-project\backend\node_modules\express-session\index.js:506:7
    at Query.<anonymous> (C:\Users\sun\Desktop\team08 project\team08-project\backend\node_modules\express-mysql-session\index.js:172:12)
    at Query.<anonymous> (C:\Users\sun\Desktop\team08 project\team08-project\backend\node_modules\underscore\underscore-node-f-pre.js:1206:19)
    at Query.<anonymous> (C:\Users\sun\Desktop\team08 project\team08-project\backend\node_modules\mysql\lib\Connection.js:526:10)
    at Query._callback (C:\Users\sun\Desktop\team08 project\team08-project\backend\node_modules\mysql\lib\Connection.js:488:16)
    at Query.Sequence.end (C:\Users\sun\Desktop\team08 project\team08-project\backend\node_modules\mysql\lib\protocol\sequences\Sequence.js:83:24)
    at Query._handleFinalResultPacket (C:\Users\sun\Desktop\team08 project\team08-project\backend\node_modules\mysql\lib\protocol\sequences\Query.js:149:8)
    at Query.EofPacket (C:\Users\sun\Desktop\team08 project\team08-project\backend\node_modules\mysql\lib\protocol\sequences\Query.js:133:8)
    at Protocol._parsePacket (C:\Users\sun\Desktop\team08 project\team08-project\backend\node_modules\mysql\lib\protocol\Protocol.js:291:23)
    at Parser._parsePacket (C:\Users\sun\Desktop\team08 project\team08-project\backend\node_modules\mysql\lib\protocol\Parser.js:433:10)
    at Parser.write (C:\Users\sun\Desktop\team08 project\team08-project\backend\node_modules\mysql\lib\protocol\Parser.js:43:10)
    at Protocol.write (C:\Users\sun\Desktop\team08 project\team08-project\backend\node_modules\mysql\lib\protocol\Protocol.js:38:16)
    at Socket.<anonymous> (C:\Users\sun\Desktop\team08 project\team08-project\backend\node_modules\mysql\lib\Connection.js:88:28)
    at Socket.<anonymous> (C:\Users\sun\Desktop\team08 project\team08-project\backend\node_modules\mysql\lib\Connection.js:526:10)
    at Socket.emit (node:events:513:28)
    at Socket.emit (node:domain:489:12)
2022-11-28 02:56:11 [undefined] error: uncaughtException: Cannot read properties of undefined (reading 'email')
TypeError: Cannot read properties of undefined (reading 'email')
    at Object.isOwner (C:\Users\sun\Desktop\team08 project\team08-project\backend\src\utils\/auth.js:4:18)
    at Object.status (C:\Users\sun\Desktop\team08 project\team08-project\backend\src\utils\/auth.js:12:14)
    at _callee2$ (C:\Users\sun\Desktop\team08 project\team08-project\backend\/app.js:163:8)
    at tryCatch (C:\Users\sun\Desktop\team08 project\team08-project\backend\/app.js:2:1)
    at Generator.<anonymous> (C:\Users\sun\Desktop\team08 project\team08-project\backend\/app.js:2:1)
    at Generator.next (C:\Users\sun\Desktop\team08 project\team08-project\backend\/app.js:2:1)
    at asyncGeneratorStep (C:\Users\sun\Desktop\team08 project\team08-project\backend\/app.js:2:1)
    at _next (C:\Users\sun\Desktop\team08 project\team08-project\backend\/app.js:2:1)
    at C:\Users\sun\Desktop\team08 project\team08-project\backend\/app.js:2:1
    at new Promise (<anonymous>)
    at C:\Users\sun\Desktop\team08 project\team08-project\backend\/app.js:2:1
    at C:\Users\sun\Desktop\team08 project\team08-project\backend\/app.js:170:2
    at Layer.handle [as handle_request] (C:\Users\sun\Desktop\team08 project\team08-project\backend\node_modules\express\lib\router\layer.js:95:5)
    at next (C:\Users\sun\Desktop\team08 project\team08-project\backend\node_modules\express\lib\router\route.js:144:13)
    at Route.dispatch (C:\Users\sun\Desktop\team08 project\team08-project\backend\node_modules\express\lib\router\route.js:114:3)
    at Layer.handle [as handle_request] (C:\Users\sun\Desktop\team08 project\team08-project\backend\node_modules\express\lib\router\layer.js:95:5)
    at C:\Users\sun\Desktop\team08 project\team08-project\backend\node_modules\express\lib\router\index.js:284:15
    at Function.process_params (C:\Users\sun\Desktop\team08 project\team08-project\backend\node_modules\express\lib\router\index.js:346:12)
    at next (C:\Users\sun\Desktop\team08 project\team08-project\backend\node_modules\express\lib\router\index.js:280:10)
    at SessionStrategy.strategy.pass (C:\Users\sun\Desktop\team08 project\team08-project\backend\node_modules\passport\lib\middleware\authenticate.js:346:9)
    at SessionStrategy.authenticate (C:\Users\sun\Desktop\team08 project\team08-project\backend\node_modules\passport\lib\strategies\session.js:75:10)
    at attempt (C:\Users\sun\Desktop\team08 project\team08-project\backend\node_modules\passport\lib\middleware\authenticate.js:369:16)
    at authenticate (C:\Users\sun\Desktop\team08 project\team08-project\backend\node_modules\passport\lib\middleware\authenticate.js:370:7)
    at Layer.handle [as handle_request] (C:\Users\sun\Desktop\team08 project\team08-project\backend\node_modules\express\lib\router\layer.js:95:5)
    at trim_prefix (C:\Users\sun\Desktop\team08 project\team08-project\backend\node_modules\express\lib\router\index.js:328:13)
    at C:\Users\sun\Desktop\team08 project\team08-project\backend\node_modules\express\lib\router\index.js:286:9
    at Function.process_params (C:\Users\sun\Desktop\team08 project\team08-project\backend\node_modules\express\lib\router\index.js:346:12)
    at next (C:\Users\sun\Desktop\team08 project\team08-project\backend\node_modules\express\lib\router\index.js:280:10)
    at initialize (C:\Users\sun\Desktop\team08 project\team08-project\backend\node_modules\passport\lib\middleware\initialize.js:98:5)
    at Layer.handle [as handle_request] (C:\Users\sun\Desktop\team08 project\team08-project\backend\node_modules\express\lib\router\layer.js:95:5)
    at trim_prefix (C:\Users\sun\Desktop\team08 project\team08-project\backend\node_modules\express\lib\router\index.js:328:13)
    at C:\Users\sun\Desktop\team08 project\team08-project\backend\node_modules\express\lib\router\index.js:286:9
    at Function.process_params (C:\Users\sun\Desktop\team08 project\team08-project\backend\node_modules\express\lib\router\index.js:346:12)
    at next (C:\Users\sun\Desktop\team08 project\team08-project\backend\node_modules\express\lib\router\index.js:280:10)
    at C:\Users\sun\Desktop\team08 project\team08-project\backend\node_modules\express-session\index.js:506:7
    at Query.<anonymous> (C:\Users\sun\Desktop\team08 project\team08-project\backend\node_modules\express-mysql-session\index.js:193:4)
    at Query.<anonymous> (C:\Users\sun\Desktop\team08 project\team08-project\backend\node_modules\underscore\underscore-node-f-pre.js:1206:19)
    at Query.<anonymous> (C:\Users\sun\Desktop\team08 project\team08-project\backend\node_modules\mysql\lib\Connection.js:526:10)
    at Query._callback (C:\Users\sun\Desktop\team08 project\team08-project\backend\node_modules\mysql\lib\Connection.js:488:16)
    at Query.Sequence.end (C:\Users\sun\Desktop\team08 project\team08-project\backend\node_modules\mysql\lib\protocol\sequences\Sequence.js:83:24)
    at Query._handleFinalResultPacket (C:\Users\sun\Desktop\team08 project\team08-project\backend\node_modules\mysql\lib\protocol\sequences\Query.js:149:8)
    at Query.EofPacket (C:\Users\sun\Desktop\team08 project\team08-project\backend\node_modules\mysql\lib\protocol\sequences\Query.js:133:8)
    at Protocol._parsePacket (C:\Users\sun\Desktop\team08 project\team08-project\backend\node_modules\mysql\lib\protocol\Protocol.js:291:23)
    at Parser._parsePacket (C:\Users\sun\Desktop\team08 project\team08-project\backend\node_modules\mysql\lib\protocol\Parser.js:433:10)
    at Parser.write (C:\Users\sun\Desktop\team08 project\team08-project\backend\node_modules\mysql\lib\protocol\Parser.js:43:10)
    at Protocol.write (C:\Users\sun\Desktop\team08 project\team08-project\backend\node_modules\mysql\lib\protocol\Protocol.js:38:16)
    at Socket.<anonymous> (C:\Users\sun\Desktop\team08 project\team08-project\backend\node_modules\mysql\lib\Connection.js:88:28)
    at Socket.<anonymous> (C:\Users\sun\Desktop\team08 project\team08-project\backend\node_modules\mysql\lib\Connection.js:526:10)
    at Socket.emit (node:events:513:28)
    at Socket.emit (node:domain:489:12)
2022-11-28 02:57:39 [undefined] error: uncaughtException: Cannot read properties of undefined (reading 'email')
TypeError: Cannot read properties of undefined (reading 'email')
    at Object.isOwner (C:\Users\sun\Desktop\team08 project\team08-project\backend\src\utils\/auth.js:4:18)
    at Object.status (C:\Users\sun\Desktop\team08 project\team08-project\backend\src\utils\/auth.js:12:14)
    at _callee2$ (C:\Users\sun\Desktop\team08 project\team08-project\backend\/app.js:163:8)
    at tryCatch (C:\Users\sun\Desktop\team08 project\team08-project\backend\/app.js:2:1)
    at Generator.<anonymous> (C:\Users\sun\Desktop\team08 project\team08-project\backend\/app.js:2:1)
    at Generator.next (C:\Users\sun\Desktop\team08 project\team08-project\backend\/app.js:2:1)
    at asyncGeneratorStep (C:\Users\sun\Desktop\team08 project\team08-project\backend\/app.js:2:1)
    at _next (C:\Users\sun\Desktop\team08 project\team08-project\backend\/app.js:2:1)
    at C:\Users\sun\Desktop\team08 project\team08-project\backend\/app.js:2:1
    at new Promise (<anonymous>)
    at C:\Users\sun\Desktop\team08 project\team08-project\backend\/app.js:2:1
    at C:\Users\sun\Desktop\team08 project\team08-project\backend\/app.js:170:2
    at Layer.handle [as handle_request] (C:\Users\sun\Desktop\team08 project\team08-project\backend\node_modules\express\lib\router\layer.js:95:5)
    at next (C:\Users\sun\Desktop\team08 project\team08-project\backend\node_modules\express\lib\router\route.js:144:13)
    at Route.dispatch (C:\Users\sun\Desktop\team08 project\team08-project\backend\node_modules\express\lib\router\route.js:114:3)
    at Layer.handle [as handle_request] (C:\Users\sun\Desktop\team08 project\team08-project\backend\node_modules\express\lib\router\layer.js:95:5)
    at C:\Users\sun\Desktop\team08 project\team08-project\backend\node_modules\express\lib\router\index.js:284:15
    at Function.process_params (C:\Users\sun\Desktop\team08 project\team08-project\backend\node_modules\express\lib\router\index.js:346:12)
    at next (C:\Users\sun\Desktop\team08 project\team08-project\backend\node_modules\express\lib\router\index.js:280:10)
    at SessionStrategy.strategy.pass (C:\Users\sun\Desktop\team08 project\team08-project\backend\node_modules\passport\lib\middleware\authenticate.js:346:9)
    at SessionStrategy.authenticate (C:\Users\sun\Desktop\team08 project\team08-project\backend\node_modules\passport\lib\strategies\session.js:75:10)
    at attempt (C:\Users\sun\Desktop\team08 project\team08-project\backend\node_modules\passport\lib\middleware\authenticate.js:369:16)
    at authenticate (C:\Users\sun\Desktop\team08 project\team08-project\backend\node_modules\passport\lib\middleware\authenticate.js:370:7)
    at Layer.handle [as handle_request] (C:\Users\sun\Desktop\team08 project\team08-project\backend\node_modules\express\lib\router\layer.js:95:5)
    at trim_prefix (C:\Users\sun\Desktop\team08 project\team08-project\backend\node_modules\express\lib\router\index.js:328:13)
    at C:\Users\sun\Desktop\team08 project\team08-project\backend\node_modules\express\lib\router\index.js:286:9
    at Function.process_params (C:\Users\sun\Desktop\team08 project\team08-project\backend\node_modules\express\lib\router\index.js:346:12)
    at next (C:\Users\sun\Desktop\team08 project\team08-project\backend\node_modules\express\lib\router\index.js:280:10)
    at initialize (C:\Users\sun\Desktop\team08 project\team08-project\backend\node_modules\passport\lib\middleware\initialize.js:98:5)
    at Layer.handle [as handle_request] (C:\Users\sun\Desktop\team08 project\team08-project\backend\node_modules\express\lib\router\layer.js:95:5)
    at trim_prefix (C:\Users\sun\Desktop\team08 project\team08-project\backend\node_modules\express\lib\router\index.js:328:13)
    at C:\Users\sun\Desktop\team08 project\team08-project\backend\node_modules\express\lib\router\index.js:286:9
    at Function.process_params (C:\Users\sun\Desktop\team08 project\team08-project\backend\node_modules\express\lib\router\index.js:346:12)
    at next (C:\Users\sun\Desktop\team08 project\team08-project\backend\node_modules\express\lib\router\index.js:280:10)
    at session (C:\Users\sun\Desktop\team08 project\team08-project\backend\node_modules\express-session\index.js:479:7)
    at Layer.handle [as handle_request] (C:\Users\sun\Desktop\team08 project\team08-project\backend\node_modules\express\lib\router\layer.js:95:5)
    at trim_prefix (C:\Users\sun\Desktop\team08 project\team08-project\backend\node_modules\express\lib\router\index.js:328:13)
    at C:\Users\sun\Desktop\team08 project\team08-project\backend\node_modules\express\lib\router\index.js:286:9
    at Function.process_params (C:\Users\sun\Desktop\team08 project\team08-project\backend\node_modules\express\lib\router\index.js:346:12)
    at next (C:\Users\sun\Desktop\team08 project\team08-project\backend\node_modules\express\lib\router\index.js:280:10)
    at cors (C:\Users\sun\Desktop\team08 project\team08-project\backend\node_modules\cors\lib\index.js:188:7)
    at C:\Users\sun\Desktop\team08 project\team08-project\backend\node_modules\cors\lib\index.js:224:17
    at originCallback (C:\Users\sun\Desktop\team08 project\team08-project\backend\node_modules\cors\lib\index.js:214:15)
    at C:\Users\sun\Desktop\team08 project\team08-project\backend\node_modules\cors\lib\index.js:219:13
    at optionsCallback (C:\Users\sun\Desktop\team08 project\team08-project\backend\node_modules\cors\lib\index.js:199:9)
    at corsMiddleware (C:\Users\sun\Desktop\team08 project\team08-project\backend\node_modules\cors\lib\index.js:204:7)
    at Layer.handle [as handle_request] (C:\Users\sun\Desktop\team08 project\team08-project\backend\node_modules\express\lib\router\layer.js:95:5)
    at trim_prefix (C:\Users\sun\Desktop\team08 project\team08-project\backend\node_modules\express\lib\router\index.js:328:13)
    at C:\Users\sun\Desktop\team08 project\team08-project\backend\node_modules\express\lib\router\index.js:286:9
    at Function.process_params (C:\Users\sun\Desktop\team08 project\team08-project\backend\node_modules\express\lib\router\index.js:346:12)
2022-11-28 03:00:31 [undefined] error: uncaughtException: Cannot read properties of undefined (reading 'email')
TypeError: Cannot read properties of undefined (reading 'email')
    at Object.isOwner (C:\Users\sun\Desktop\team08 project\team08-project\backend\src\utils\/auth.js:4:18)
    at Object.status (C:\Users\sun\Desktop\team08 project\team08-project\backend\src\utils\/auth.js:12:14)
    at _callee2$ (C:\Users\sun\Desktop\team08 project\team08-project\backend\/app.js:164:8)
    at tryCatch (C:\Users\sun\Desktop\team08 project\team08-project\backend\/app.js:2:1)
    at Generator.<anonymous> (C:\Users\sun\Desktop\team08 project\team08-project\backend\/app.js:2:1)
    at Generator.next (C:\Users\sun\Desktop\team08 project\team08-project\backend\/app.js:2:1)
    at asyncGeneratorStep (C:\Users\sun\Desktop\team08 project\team08-project\backend\/app.js:2:1)
    at _next (C:\Users\sun\Desktop\team08 project\team08-project\backend\/app.js:2:1)
    at C:\Users\sun\Desktop\team08 project\team08-project\backend\/app.js:2:1
    at new Promise (<anonymous>)
    at C:\Users\sun\Desktop\team08 project\team08-project\backend\/app.js:2:1
    at C:\Users\sun\Desktop\team08 project\team08-project\backend\/app.js:171:2
    at Layer.handle [as handle_request] (C:\Users\sun\Desktop\team08 project\team08-project\backend\node_modules\express\lib\router\layer.js:95:5)
    at next (C:\Users\sun\Desktop\team08 project\team08-project\backend\node_modules\express\lib\router\route.js:144:13)
    at Route.dispatch (C:\Users\sun\Desktop\team08 project\team08-project\backend\node_modules\express\lib\router\route.js:114:3)
    at Layer.handle [as handle_request] (C:\Users\sun\Desktop\team08 project\team08-project\backend\node_modules\express\lib\router\layer.js:95:5)
    at C:\Users\sun\Desktop\team08 project\team08-project\backend\node_modules\express\lib\router\index.js:284:15
    at Function.process_params (C:\Users\sun\Desktop\team08 project\team08-project\backend\node_modules\express\lib\router\index.js:346:12)
    at next (C:\Users\sun\Desktop\team08 project\team08-project\backend\node_modules\express\lib\router\index.js:280:10)
    at SessionStrategy.strategy.pass (C:\Users\sun\Desktop\team08 project\team08-project\backend\node_modules\passport\lib\middleware\authenticate.js:346:9)
    at SessionStrategy.authenticate (C:\Users\sun\Desktop\team08 project\team08-project\backend\node_modules\passport\lib\strategies\session.js:75:10)
    at attempt (C:\Users\sun\Desktop\team08 project\team08-project\backend\node_modules\passport\lib\middleware\authenticate.js:369:16)
    at authenticate (C:\Users\sun\Desktop\team08 project\team08-project\backend\node_modules\passport\lib\middleware\authenticate.js:370:7)
    at Layer.handle [as handle_request] (C:\Users\sun\Desktop\team08 project\team08-project\backend\node_modules\express\lib\router\layer.js:95:5)
    at trim_prefix (C:\Users\sun\Desktop\team08 project\team08-project\backend\node_modules\express\lib\router\index.js:328:13)
    at C:\Users\sun\Desktop\team08 project\team08-project\backend\node_modules\express\lib\router\index.js:286:9
    at Function.process_params (C:\Users\sun\Desktop\team08 project\team08-project\backend\node_modules\express\lib\router\index.js:346:12)
    at next (C:\Users\sun\Desktop\team08 project\team08-project\backend\node_modules\express\lib\router\index.js:280:10)
    at initialize (C:\Users\sun\Desktop\team08 project\team08-project\backend\node_modules\passport\lib\middleware\initialize.js:98:5)
    at Layer.handle [as handle_request] (C:\Users\sun\Desktop\team08 project\team08-project\backend\node_modules\express\lib\router\layer.js:95:5)
    at trim_prefix (C:\Users\sun\Desktop\team08 project\team08-project\backend\node_modules\express\lib\router\index.js:328:13)
    at C:\Users\sun\Desktop\team08 project\team08-project\backend\node_modules\express\lib\router\index.js:286:9
    at Function.process_params (C:\Users\sun\Desktop\team08 project\team08-project\backend\node_modules\express\lib\router\index.js:346:12)
    at next (C:\Users\sun\Desktop\team08 project\team08-project\backend\node_modules\express\lib\router\index.js:280:10)
    at session (C:\Users\sun\Desktop\team08 project\team08-project\backend\node_modules\express-session\index.js:479:7)
    at Layer.handle [as handle_request] (C:\Users\sun\Desktop\team08 project\team08-project\backend\node_modules\express\lib\router\layer.js:95:5)
    at trim_prefix (C:\Users\sun\Desktop\team08 project\team08-project\backend\node_modules\express\lib\router\index.js:328:13)
    at C:\Users\sun\Desktop\team08 project\team08-project\backend\node_modules\express\lib\router\index.js:286:9
    at Function.process_params (C:\Users\sun\Desktop\team08 project\team08-project\backend\node_modules\express\lib\router\index.js:346:12)
    at next (C:\Users\sun\Desktop\team08 project\team08-project\backend\node_modules\express\lib\router\index.js:280:10)
    at cors (C:\Users\sun\Desktop\team08 project\team08-project\backend\node_modules\cors\lib\index.js:188:7)
    at C:\Users\sun\Desktop\team08 project\team08-project\backend\node_modules\cors\lib\index.js:224:17
    at originCallback (C:\Users\sun\Desktop\team08 project\team08-project\backend\node_modules\cors\lib\index.js:214:15)
    at C:\Users\sun\Desktop\team08 project\team08-project\backend\node_modules\cors\lib\index.js:219:13
    at optionsCallback (C:\Users\sun\Desktop\team08 project\team08-project\backend\node_modules\cors\lib\index.js:199:9)
    at corsMiddleware (C:\Users\sun\Desktop\team08 project\team08-project\backend\node_modules\cors\lib\index.js:204:7)
    at Layer.handle [as handle_request] (C:\Users\sun\Desktop\team08 project\team08-project\backend\node_modules\express\lib\router\layer.js:95:5)
    at trim_prefix (C:\Users\sun\Desktop\team08 project\team08-project\backend\node_modules\express\lib\router\index.js:328:13)
    at C:\Users\sun\Desktop\team08 project\team08-project\backend\node_modules\express\lib\router\index.js:286:9
    at Function.process_params (C:\Users\sun\Desktop\team08 project\team08-project\backend\node_modules\express\lib\router\index.js:346:12)
2022-11-28 03:18:37 [undefined] error: uncaughtException: Cannot read properties of undefined (reading 'email')
TypeError: Cannot read properties of undefined (reading 'email')
    at Object.isOwner (C:\Users\sun\Desktop\team08 project\team08-project\backend\src\utils\/auth.js:4:18)
    at Object.status (C:\Users\sun\Desktop\team08 project\team08-project\backend\src\utils\/auth.js:12:14)
    at _callee2$ (C:\Users\sun\Desktop\team08 project\team08-project\backend\/app.js:163:8)
    at tryCatch (C:\Users\sun\Desktop\team08 project\team08-project\backend\/app.js:2:1)
    at Generator.<anonymous> (C:\Users\sun\Desktop\team08 project\team08-project\backend\/app.js:2:1)
    at Generator.next (C:\Users\sun\Desktop\team08 project\team08-project\backend\/app.js:2:1)
    at asyncGeneratorStep (C:\Users\sun\Desktop\team08 project\team08-project\backend\/app.js:2:1)
    at _next (C:\Users\sun\Desktop\team08 project\team08-project\backend\/app.js:2:1)
    at C:\Users\sun\Desktop\team08 project\team08-project\backend\/app.js:2:1
    at new Promise (<anonymous>)
    at C:\Users\sun\Desktop\team08 project\team08-project\backend\/app.js:2:1
    at C:\Users\sun\Desktop\team08 project\team08-project\backend\/app.js:170:2
    at Layer.handle [as handle_request] (C:\Users\sun\Desktop\team08 project\team08-project\backend\node_modules\express\lib\router\layer.js:95:5)
    at next (C:\Users\sun\Desktop\team08 project\team08-project\backend\node_modules\express\lib\router\route.js:144:13)
    at Route.dispatch (C:\Users\sun\Desktop\team08 project\team08-project\backend\node_modules\express\lib\router\route.js:114:3)
    at Layer.handle [as handle_request] (C:\Users\sun\Desktop\team08 project\team08-project\backend\node_modules\express\lib\router\layer.js:95:5)
    at C:\Users\sun\Desktop\team08 project\team08-project\backend\node_modules\express\lib\router\index.js:284:15
    at Function.process_params (C:\Users\sun\Desktop\team08 project\team08-project\backend\node_modules\express\lib\router\index.js:346:12)
    at next (C:\Users\sun\Desktop\team08 project\team08-project\backend\node_modules\express\lib\router\index.js:280:10)
    at SessionStrategy.strategy.pass (C:\Users\sun\Desktop\team08 project\team08-project\backend\node_modules\passport\lib\middleware\authenticate.js:346:9)
    at SessionStrategy.authenticate (C:\Users\sun\Desktop\team08 project\team08-project\backend\node_modules\passport\lib\strategies\session.js:75:10)
    at attempt (C:\Users\sun\Desktop\team08 project\team08-project\backend\node_modules\passport\lib\middleware\authenticate.js:369:16)
    at authenticate (C:\Users\sun\Desktop\team08 project\team08-project\backend\node_modules\passport\lib\middleware\authenticate.js:370:7)
    at Layer.handle [as handle_request] (C:\Users\sun\Desktop\team08 project\team08-project\backend\node_modules\express\lib\router\layer.js:95:5)
    at trim_prefix (C:\Users\sun\Desktop\team08 project\team08-project\backend\node_modules\express\lib\router\index.js:328:13)
    at C:\Users\sun\Desktop\team08 project\team08-project\backend\node_modules\express\lib\router\index.js:286:9
    at Function.process_params (C:\Users\sun\Desktop\team08 project\team08-project\backend\node_modules\express\lib\router\index.js:346:12)
    at next (C:\Users\sun\Desktop\team08 project\team08-project\backend\node_modules\express\lib\router\index.js:280:10)
    at initialize (C:\Users\sun\Desktop\team08 project\team08-project\backend\node_modules\passport\lib\middleware\initialize.js:98:5)
    at Layer.handle [as handle_request] (C:\Users\sun\Desktop\team08 project\team08-project\backend\node_modules\express\lib\router\layer.js:95:5)
    at trim_prefix (C:\Users\sun\Desktop\team08 project\team08-project\backend\node_modules\express\lib\router\index.js:328:13)
    at C:\Users\sun\Desktop\team08 project\team08-project\backend\node_modules\express\lib\router\index.js:286:9
    at Function.process_params (C:\Users\sun\Desktop\team08 project\team08-project\backend\node_modules\express\lib\router\index.js:346:12)
    at next (C:\Users\sun\Desktop\team08 project\team08-project\backend\node_modules\express\lib\router\index.js:280:10)
    at C:\Users\sun\Desktop\team08 project\team08-project\backend\node_modules\express-session\index.js:506:7
    at Query.<anonymous> (C:\Users\sun\Desktop\team08 project\team08-project\backend\node_modules\express-mysql-session\index.js:193:4)
    at Query.<anonymous> (C:\Users\sun\Desktop\team08 project\team08-project\backend\node_modules\underscore\underscore-node-f-pre.js:1206:19)
    at Query.<anonymous> (C:\Users\sun\Desktop\team08 project\team08-project\backend\node_modules\mysql\lib\Connection.js:526:10)
    at Query._callback (C:\Users\sun\Desktop\team08 project\team08-project\backend\node_modules\mysql\lib\Connection.js:488:16)
    at Query.Sequence.end (C:\Users\sun\Desktop\team08 project\team08-project\backend\node_modules\mysql\lib\protocol\sequences\Sequence.js:83:24)
    at Query._handleFinalResultPacket (C:\Users\sun\Desktop\team08 project\team08-project\backend\node_modules\mysql\lib\protocol\sequences\Query.js:149:8)
    at Query.EofPacket (C:\Users\sun\Desktop\team08 project\team08-project\backend\node_modules\mysql\lib\protocol\sequences\Query.js:133:8)
    at Protocol._parsePacket (C:\Users\sun\Desktop\team08 project\team08-project\backend\node_modules\mysql\lib\protocol\Protocol.js:291:23)
    at Parser._parsePacket (C:\Users\sun\Desktop\team08 project\team08-project\backend\node_modules\mysql\lib\protocol\Parser.js:433:10)
    at Parser.write (C:\Users\sun\Desktop\team08 project\team08-project\backend\node_modules\mysql\lib\protocol\Parser.js:43:10)
    at Protocol.write (C:\Users\sun\Desktop\team08 project\team08-project\backend\node_modules\mysql\lib\protocol\Protocol.js:38:16)
    at Socket.<anonymous> (C:\Users\sun\Desktop\team08 project\team08-project\backend\node_modules\mysql\lib\Connection.js:88:28)
    at Socket.<anonymous> (C:\Users\sun\Desktop\team08 project\team08-project\backend\node_modules\mysql\lib\Connection.js:526:10)
    at Socket.emit (node:events:513:28)
    at Socket.emit (node:domain:489:12)
2022-11-28 03:20:13 [undefined] error: uncaughtException: Cannot read properties of undefined (reading 'email')
TypeError: Cannot read properties of undefined (reading 'email')
    at Object.isOwner (C:\Users\sun\Desktop\team08 project\team08-project\backend\src\utils\/auth.js:4:18)
    at Object.status (C:\Users\sun\Desktop\team08 project\team08-project\backend\src\utils\/auth.js:12:14)
    at _callee2$ (C:\Users\sun\Desktop\team08 project\team08-project\backend\/app.js:167:8)
    at tryCatch (C:\Users\sun\Desktop\team08 project\team08-project\backend\/app.js:2:1)
    at Generator.<anonymous> (C:\Users\sun\Desktop\team08 project\team08-project\backend\/app.js:2:1)
    at Generator.next (C:\Users\sun\Desktop\team08 project\team08-project\backend\/app.js:2:1)
    at asyncGeneratorStep (C:\Users\sun\Desktop\team08 project\team08-project\backend\/app.js:2:1)
    at _next (C:\Users\sun\Desktop\team08 project\team08-project\backend\/app.js:2:1)
    at C:\Users\sun\Desktop\team08 project\team08-project\backend\/app.js:2:1
    at new Promise (<anonymous>)
    at C:\Users\sun\Desktop\team08 project\team08-project\backend\/app.js:2:1
    at C:\Users\sun\Desktop\team08 project\team08-project\backend\/app.js:176:2
    at Layer.handle [as handle_request] (C:\Users\sun\Desktop\team08 project\team08-project\backend\node_modules\express\lib\router\layer.js:95:5)
    at next (C:\Users\sun\Desktop\team08 project\team08-project\backend\node_modules\express\lib\router\route.js:144:13)
    at Route.dispatch (C:\Users\sun\Desktop\team08 project\team08-project\backend\node_modules\express\lib\router\route.js:114:3)
    at Layer.handle [as handle_request] (C:\Users\sun\Desktop\team08 project\team08-project\backend\node_modules\express\lib\router\layer.js:95:5)
    at C:\Users\sun\Desktop\team08 project\team08-project\backend\node_modules\express\lib\router\index.js:284:15
    at Function.process_params (C:\Users\sun\Desktop\team08 project\team08-project\backend\node_modules\express\lib\router\index.js:346:12)
    at next (C:\Users\sun\Desktop\team08 project\team08-project\backend\node_modules\express\lib\router\index.js:280:10)
    at SessionStrategy.strategy.pass (C:\Users\sun\Desktop\team08 project\team08-project\backend\node_modules\passport\lib\middleware\authenticate.js:346:9)
    at SessionStrategy.authenticate (C:\Users\sun\Desktop\team08 project\team08-project\backend\node_modules\passport\lib\strategies\session.js:75:10)
    at attempt (C:\Users\sun\Desktop\team08 project\team08-project\backend\node_modules\passport\lib\middleware\authenticate.js:369:16)
    at authenticate (C:\Users\sun\Desktop\team08 project\team08-project\backend\node_modules\passport\lib\middleware\authenticate.js:370:7)
    at Layer.handle [as handle_request] (C:\Users\sun\Desktop\team08 project\team08-project\backend\node_modules\express\lib\router\layer.js:95:5)
    at trim_prefix (C:\Users\sun\Desktop\team08 project\team08-project\backend\node_modules\express\lib\router\index.js:328:13)
    at C:\Users\sun\Desktop\team08 project\team08-project\backend\node_modules\express\lib\router\index.js:286:9
    at Function.process_params (C:\Users\sun\Desktop\team08 project\team08-project\backend\node_modules\express\lib\router\index.js:346:12)
    at next (C:\Users\sun\Desktop\team08 project\team08-project\backend\node_modules\express\lib\router\index.js:280:10)
    at initialize (C:\Users\sun\Desktop\team08 project\team08-project\backend\node_modules\passport\lib\middleware\initialize.js:98:5)
    at Layer.handle [as handle_request] (C:\Users\sun\Desktop\team08 project\team08-project\backend\node_modules\express\lib\router\layer.js:95:5)
    at trim_prefix (C:\Users\sun\Desktop\team08 project\team08-project\backend\node_modules\express\lib\router\index.js:328:13)
    at C:\Users\sun\Desktop\team08 project\team08-project\backend\node_modules\express\lib\router\index.js:286:9
    at Function.process_params (C:\Users\sun\Desktop\team08 project\team08-project\backend\node_modules\express\lib\router\index.js:346:12)
    at next (C:\Users\sun\Desktop\team08 project\team08-project\backend\node_modules\express\lib\router\index.js:280:10)
    at C:\Users\sun\Desktop\team08 project\team08-project\backend\node_modules\express-session\index.js:506:7
    at Query.<anonymous> (C:\Users\sun\Desktop\team08 project\team08-project\backend\node_modules\express-mysql-session\index.js:193:4)
    at Query.<anonymous> (C:\Users\sun\Desktop\team08 project\team08-project\backend\node_modules\underscore\underscore-node-f-pre.js:1206:19)
    at Query.<anonymous> (C:\Users\sun\Desktop\team08 project\team08-project\backend\node_modules\mysql\lib\Connection.js:526:10)
    at Query._callback (C:\Users\sun\Desktop\team08 project\team08-project\backend\node_modules\mysql\lib\Connection.js:488:16)
    at Query.Sequence.end (C:\Users\sun\Desktop\team08 project\team08-project\backend\node_modules\mysql\lib\protocol\sequences\Sequence.js:83:24)
    at Query._handleFinalResultPacket (C:\Users\sun\Desktop\team08 project\team08-project\backend\node_modules\mysql\lib\protocol\sequences\Query.js:149:8)
    at Query.EofPacket (C:\Users\sun\Desktop\team08 project\team08-project\backend\node_modules\mysql\lib\protocol\sequences\Query.js:133:8)
    at Protocol._parsePacket (C:\Users\sun\Desktop\team08 project\team08-project\backend\node_modules\mysql\lib\protocol\Protocol.js:291:23)
    at Parser._parsePacket (C:\Users\sun\Desktop\team08 project\team08-project\backend\node_modules\mysql\lib\protocol\Parser.js:433:10)
    at Parser.write (C:\Users\sun\Desktop\team08 project\team08-project\backend\node_modules\mysql\lib\protocol\Parser.js:43:10)
    at Protocol.write (C:\Users\sun\Desktop\team08 project\team08-project\backend\node_modules\mysql\lib\protocol\Protocol.js:38:16)
    at Socket.<anonymous> (C:\Users\sun\Desktop\team08 project\team08-project\backend\node_modules\mysql\lib\Connection.js:88:28)
    at Socket.<anonymous> (C:\Users\sun\Desktop\team08 project\team08-project\backend\node_modules\mysql\lib\Connection.js:526:10)
    at Socket.emit (node:events:513:28)
    at Socket.emit (node:domain:489:12)
2022-11-28 03:22:14 [undefined] error: uncaughtException: Cannot read properties of undefined (reading 'email')
TypeError: Cannot read properties of undefined (reading 'email')
    at Object.isOwner (C:\Users\sun\Desktop\team08 project\team08-project\backend\src\utils\/auth.js:4:18)
    at Object.status (C:\Users\sun\Desktop\team08 project\team08-project\backend\src\utils\/auth.js:12:14)
    at _callee2$ (C:\Users\sun\Desktop\team08 project\team08-project\backend\/app.js:165:8)
    at tryCatch (C:\Users\sun\Desktop\team08 project\team08-project\backend\/app.js:2:1)
    at Generator.<anonymous> (C:\Users\sun\Desktop\team08 project\team08-project\backend\/app.js:2:1)
    at Generator.next (C:\Users\sun\Desktop\team08 project\team08-project\backend\/app.js:2:1)
    at asyncGeneratorStep (C:\Users\sun\Desktop\team08 project\team08-project\backend\/app.js:2:1)
    at _next (C:\Users\sun\Desktop\team08 project\team08-project\backend\/app.js:2:1)
    at C:\Users\sun\Desktop\team08 project\team08-project\backend\/app.js:2:1
    at new Promise (<anonymous>)
    at C:\Users\sun\Desktop\team08 project\team08-project\backend\/app.js:2:1
    at C:\Users\sun\Desktop\team08 project\team08-project\backend\/app.js:172:2
    at Layer.handle [as handle_request] (C:\Users\sun\Desktop\team08 project\team08-project\backend\node_modules\express\lib\router\layer.js:95:5)
    at next (C:\Users\sun\Desktop\team08 project\team08-project\backend\node_modules\express\lib\router\route.js:144:13)
    at Route.dispatch (C:\Users\sun\Desktop\team08 project\team08-project\backend\node_modules\express\lib\router\route.js:114:3)
    at Layer.handle [as handle_request] (C:\Users\sun\Desktop\team08 project\team08-project\backend\node_modules\express\lib\router\layer.js:95:5)
    at C:\Users\sun\Desktop\team08 project\team08-project\backend\node_modules\express\lib\router\index.js:284:15
    at Function.process_params (C:\Users\sun\Desktop\team08 project\team08-project\backend\node_modules\express\lib\router\index.js:346:12)
    at next (C:\Users\sun\Desktop\team08 project\team08-project\backend\node_modules\express\lib\router\index.js:280:10)
    at SessionStrategy.strategy.pass (C:\Users\sun\Desktop\team08 project\team08-project\backend\node_modules\passport\lib\middleware\authenticate.js:346:9)
    at SessionStrategy.authenticate (C:\Users\sun\Desktop\team08 project\team08-project\backend\node_modules\passport\lib\strategies\session.js:75:10)
    at attempt (C:\Users\sun\Desktop\team08 project\team08-project\backend\node_modules\passport\lib\middleware\authenticate.js:369:16)
    at authenticate (C:\Users\sun\Desktop\team08 project\team08-project\backend\node_modules\passport\lib\middleware\authenticate.js:370:7)
    at Layer.handle [as handle_request] (C:\Users\sun\Desktop\team08 project\team08-project\backend\node_modules\express\lib\router\layer.js:95:5)
    at trim_prefix (C:\Users\sun\Desktop\team08 project\team08-project\backend\node_modules\express\lib\router\index.js:328:13)
    at C:\Users\sun\Desktop\team08 project\team08-project\backend\node_modules\express\lib\router\index.js:286:9
    at Function.process_params (C:\Users\sun\Desktop\team08 project\team08-project\backend\node_modules\express\lib\router\index.js:346:12)
    at next (C:\Users\sun\Desktop\team08 project\team08-project\backend\node_modules\express\lib\router\index.js:280:10)
    at initialize (C:\Users\sun\Desktop\team08 project\team08-project\backend\node_modules\passport\lib\middleware\initialize.js:98:5)
    at Layer.handle [as handle_request] (C:\Users\sun\Desktop\team08 project\team08-project\backend\node_modules\express\lib\router\layer.js:95:5)
    at trim_prefix (C:\Users\sun\Desktop\team08 project\team08-project\backend\node_modules\express\lib\router\index.js:328:13)
    at C:\Users\sun\Desktop\team08 project\team08-project\backend\node_modules\express\lib\router\index.js:286:9
    at Function.process_params (C:\Users\sun\Desktop\team08 project\team08-project\backend\node_modules\express\lib\router\index.js:346:12)
    at next (C:\Users\sun\Desktop\team08 project\team08-project\backend\node_modules\express\lib\router\index.js:280:10)
    at C:\Users\sun\Desktop\team08 project\team08-project\backend\node_modules\express-session\index.js:506:7
    at Query.<anonymous> (C:\Users\sun\Desktop\team08 project\team08-project\backend\node_modules\express-mysql-session\index.js:193:4)
    at Query.<anonymous> (C:\Users\sun\Desktop\team08 project\team08-project\backend\node_modules\underscore\underscore-node-f-pre.js:1206:19)
    at Query.<anonymous> (C:\Users\sun\Desktop\team08 project\team08-project\backend\node_modules\mysql\lib\Connection.js:526:10)
    at Query._callback (C:\Users\sun\Desktop\team08 project\team08-project\backend\node_modules\mysql\lib\Connection.js:488:16)
    at Query.Sequence.end (C:\Users\sun\Desktop\team08 project\team08-project\backend\node_modules\mysql\lib\protocol\sequences\Sequence.js:83:24)
    at Query._handleFinalResultPacket (C:\Users\sun\Desktop\team08 project\team08-project\backend\node_modules\mysql\lib\protocol\sequences\Query.js:149:8)
    at Query.EofPacket (C:\Users\sun\Desktop\team08 project\team08-project\backend\node_modules\mysql\lib\protocol\sequences\Query.js:133:8)
    at Protocol._parsePacket (C:\Users\sun\Desktop\team08 project\team08-project\backend\node_modules\mysql\lib\protocol\Protocol.js:291:23)
    at Parser._parsePacket (C:\Users\sun\Desktop\team08 project\team08-project\backend\node_modules\mysql\lib\protocol\Parser.js:433:10)
    at Parser.write (C:\Users\sun\Desktop\team08 project\team08-project\backend\node_modules\mysql\lib\protocol\Parser.js:43:10)
    at Protocol.write (C:\Users\sun\Desktop\team08 project\team08-project\backend\node_modules\mysql\lib\protocol\Protocol.js:38:16)
    at Socket.<anonymous> (C:\Users\sun\Desktop\team08 project\team08-project\backend\node_modules\mysql\lib\Connection.js:88:28)
    at Socket.<anonymous> (C:\Users\sun\Desktop\team08 project\team08-project\backend\node_modules\mysql\lib\Connection.js:526:10)
    at Socket.emit (node:events:513:28)
    at Socket.emit (node:domain:489:12)
2022-11-28 04:20:57 [undefined] error: uncaughtException: loginRequired is not defined
ReferenceError: loginRequired is not defined
    at Object.<anonymous> (C:\Users\sun\Desktop\team08 project\team08-project\backend\src\routes\/user.router.js:13:34)
    at Module._compile (node:internal/modules/cjs/loader:1126:14)
    at Module._compile (C:\Users\sun\Desktop\team08 project\team08-project\backend\node_modules\pirates\lib\index.js:136:24)
    at Module._extensions..js (node:internal/modules/cjs/loader:1180:10)
    at Object.newLoader [as .js] (C:\Users\sun\Desktop\team08 project\team08-project\backend\node_modules\pirates\lib\index.js:141:7)
    at Module.load (node:internal/modules/cjs/loader:1004:32)
    at Function.Module._load (node:internal/modules/cjs/loader:839:12)
    at Module.require (node:internal/modules/cjs/loader:1028:19)
    at require (node:internal/modules/cjs/helpers:102:18)
    at Object.<anonymous> (C:\Users\sun\Desktop\team08 project\team08-project\backend\/app.js:14:1)
    at Module._compile (node:internal/modules/cjs/loader:1126:14)
    at Module._compile (C:\Users\sun\Desktop\team08 project\team08-project\backend\node_modules\pirates\lib\index.js:136:24)
    at Module._extensions..js (node:internal/modules/cjs/loader:1180:10)
    at Object.newLoader [as .js] (C:\Users\sun\Desktop\team08 project\team08-project\backend\node_modules\pirates\lib\index.js:141:7)
    at Module.load (node:internal/modules/cjs/loader:1004:32)
    at Function.Module._load (node:internal/modules/cjs/loader:839:12)
    at Function.runMain (node:internal/modules/run_main:81:12)
    at Object.<anonymous> (C:\Users\sun\Desktop\team08 project\team08-project\backend\node_modules\@babel\node\src\_babel-node.ts:214:12)
    at Module._compile (node:internal/modules/cjs/loader:1126:14)
    at Object.Module._extensions..js (node:internal/modules/cjs/loader:1180:10)
    at Module.load (node:internal/modules/cjs/loader:1004:32)
    at Function.Module._load (node:internal/modules/cjs/loader:839:12)
    at Function.executeUserEntryPoint [as runMain] (node:internal/modules/run_main:81:12)
    at node:internal/main/run_main_module:17:47
2022-11-28 04:34:53 [undefined] error: uncaughtException: "feedBack" is read-only
TypeError: "feedBack" is read-only
    at _readOnlyError (C:\Users\sun\Desktop\team08 project\team08-project\backend\/app.js:63:29)
    at _callee2$ (C:\Users\sun\Desktop\team08 project\team08-project\backend\/app.js:169:33)
    at tryCatch (C:\Users\sun\Desktop\team08 project\team08-project\backend\/app.js:2:1)
    at Generator.<anonymous> (C:\Users\sun\Desktop\team08 project\team08-project\backend\/app.js:2:1)
    at Generator.next (C:\Users\sun\Desktop\team08 project\team08-project\backend\/app.js:2:1)
    at asyncGeneratorStep (C:\Users\sun\Desktop\team08 project\team08-project\backend\/app.js:2:1)
    at _next (C:\Users\sun\Desktop\team08 project\team08-project\backend\/app.js:2:1)
    at C:\Users\sun\Desktop\team08 project\team08-project\backend\/app.js:2:1
    at new Promise (<anonymous>)
    at C:\Users\sun\Desktop\team08 project\team08-project\backend\/app.js:2:1
    at C:\Users\sun\Desktop\team08 project\team08-project\backend\/app.js:173:2
    at Layer.handle [as handle_request] (C:\Users\sun\Desktop\team08 project\team08-project\backend\node_modules\express\lib\router\layer.js:95:5)
    at next (C:\Users\sun\Desktop\team08 project\team08-project\backend\node_modules\express\lib\router\route.js:144:13)
    at Route.dispatch (C:\Users\sun\Desktop\team08 project\team08-project\backend\node_modules\express\lib\router\route.js:114:3)
    at Layer.handle [as handle_request] (C:\Users\sun\Desktop\team08 project\team08-project\backend\node_modules\express\lib\router\layer.js:95:5)
    at C:\Users\sun\Desktop\team08 project\team08-project\backend\node_modules\express\lib\router\index.js:284:15
    at Function.process_params (C:\Users\sun\Desktop\team08 project\team08-project\backend\node_modules\express\lib\router\index.js:346:12)
    at next (C:\Users\sun\Desktop\team08 project\team08-project\backend\node_modules\express\lib\router\index.js:280:10)
    at SessionStrategy.strategy.pass (C:\Users\sun\Desktop\team08 project\team08-project\backend\node_modules\passport\lib\middleware\authenticate.js:346:9)
    at SessionStrategy.authenticate (C:\Users\sun\Desktop\team08 project\team08-project\backend\node_modules\passport\lib\strategies\session.js:75:10)
    at attempt (C:\Users\sun\Desktop\team08 project\team08-project\backend\node_modules\passport\lib\middleware\authenticate.js:369:16)
    at authenticate (C:\Users\sun\Desktop\team08 project\team08-project\backend\node_modules\passport\lib\middleware\authenticate.js:370:7)
    at Layer.handle [as handle_request] (C:\Users\sun\Desktop\team08 project\team08-project\backend\node_modules\express\lib\router\layer.js:95:5)
    at trim_prefix (C:\Users\sun\Desktop\team08 project\team08-project\backend\node_modules\express\lib\router\index.js:328:13)
    at C:\Users\sun\Desktop\team08 project\team08-project\backend\node_modules\express\lib\router\index.js:286:9
    at Function.process_params (C:\Users\sun\Desktop\team08 project\team08-project\backend\node_modules\express\lib\router\index.js:346:12)
    at next (C:\Users\sun\Desktop\team08 project\team08-project\backend\node_modules\express\lib\router\index.js:280:10)
    at initialize (C:\Users\sun\Desktop\team08 project\team08-project\backend\node_modules\passport\lib\middleware\initialize.js:98:5)
    at Layer.handle [as handle_request] (C:\Users\sun\Desktop\team08 project\team08-project\backend\node_modules\express\lib\router\layer.js:95:5)
    at trim_prefix (C:\Users\sun\Desktop\team08 project\team08-project\backend\node_modules\express\lib\router\index.js:328:13)
    at C:\Users\sun\Desktop\team08 project\team08-project\backend\node_modules\express\lib\router\index.js:286:9
    at Function.process_params (C:\Users\sun\Desktop\team08 project\team08-project\backend\node_modules\express\lib\router\index.js:346:12)
    at next (C:\Users\sun\Desktop\team08 project\team08-project\backend\node_modules\express\lib\router\index.js:280:10)
    at C:\Users\sun\Desktop\team08 project\team08-project\backend\node_modules\connect-flash\lib\flash.js:21:5
    at Layer.handle [as handle_request] (C:\Users\sun\Desktop\team08 project\team08-project\backend\node_modules\express\lib\router\layer.js:95:5)
    at trim_prefix (C:\Users\sun\Desktop\team08 project\team08-project\backend\node_modules\express\lib\router\index.js:328:13)
    at C:\Users\sun\Desktop\team08 project\team08-project\backend\node_modules\express\lib\router\index.js:286:9
    at Function.process_params (C:\Users\sun\Desktop\team08 project\team08-project\backend\node_modules\express\lib\router\index.js:346:12)
    at next (C:\Users\sun\Desktop\team08 project\team08-project\backend\node_modules\express\lib\router\index.js:280:10)
    at C:\Users\sun\Desktop\team08 project\team08-project\backend\node_modules\express-session\index.js:506:7
    at Query.<anonymous> (C:\Users\sun\Desktop\team08 project\team08-project\backend\node_modules\express-mysql-session\index.js:193:4)
    at Query.<anonymous> (C:\Users\sun\Desktop\team08 project\team08-project\backend\node_modules\underscore\underscore-node-f-pre.js:1206:19)
    at Query.<anonymous> (C:\Users\sun\Desktop\team08 project\team08-project\backend\node_modules\mysql\lib\Connection.js:526:10)
    at Query._callback (C:\Users\sun\Desktop\team08 project\team08-project\backend\node_modules\mysql\lib\Connection.js:488:16)
    at Query.Sequence.end (C:\Users\sun\Desktop\team08 project\team08-project\backend\node_modules\mysql\lib\protocol\sequences\Sequence.js:83:24)
    at Query._handleFinalResultPacket (C:\Users\sun\Desktop\team08 project\team08-project\backend\node_modules\mysql\lib\protocol\sequences\Query.js:149:8)
    at Query.EofPacket (C:\Users\sun\Desktop\team08 project\team08-project\backend\node_modules\mysql\lib\protocol\sequences\Query.js:133:8)
    at Protocol._parsePacket (C:\Users\sun\Desktop\team08 project\team08-project\backend\node_modules\mysql\lib\protocol\Protocol.js:291:23)
    at Parser._parsePacket (C:\Users\sun\Desktop\team08 project\team08-project\backend\node_modules\mysql\lib\protocol\Parser.js:433:10)
    at Parser.write (C:\Users\sun\Desktop\team08 project\team08-project\backend\node_modules\mysql\lib\protocol\Parser.js:43:10)
2022-11-28 04:36:08 [undefined] error: uncaughtException: "feedBack" is read-only
TypeError: "feedBack" is read-only
    at _readOnlyError (C:\Users\sun\Desktop\team08 project\team08-project\backend\/app.js:63:29)
    at _callee2$ (C:\Users\sun\Desktop\team08 project\team08-project\backend\/app.js:169:33)
    at tryCatch (C:\Users\sun\Desktop\team08 project\team08-project\backend\/app.js:2:1)
    at Generator.<anonymous> (C:\Users\sun\Desktop\team08 project\team08-project\backend\/app.js:2:1)
    at Generator.next (C:\Users\sun\Desktop\team08 project\team08-project\backend\/app.js:2:1)
    at asyncGeneratorStep (C:\Users\sun\Desktop\team08 project\team08-project\backend\/app.js:2:1)
    at _next (C:\Users\sun\Desktop\team08 project\team08-project\backend\/app.js:2:1)
    at C:\Users\sun\Desktop\team08 project\team08-project\backend\/app.js:2:1
    at new Promise (<anonymous>)
    at C:\Users\sun\Desktop\team08 project\team08-project\backend\/app.js:2:1
    at C:\Users\sun\Desktop\team08 project\team08-project\backend\/app.js:173:2
    at Layer.handle [as handle_request] (C:\Users\sun\Desktop\team08 project\team08-project\backend\node_modules\express\lib\router\layer.js:95:5)
    at next (C:\Users\sun\Desktop\team08 project\team08-project\backend\node_modules\express\lib\router\route.js:144:13)
    at Route.dispatch (C:\Users\sun\Desktop\team08 project\team08-project\backend\node_modules\express\lib\router\route.js:114:3)
    at Layer.handle [as handle_request] (C:\Users\sun\Desktop\team08 project\team08-project\backend\node_modules\express\lib\router\layer.js:95:5)
    at C:\Users\sun\Desktop\team08 project\team08-project\backend\node_modules\express\lib\router\index.js:284:15
    at Function.process_params (C:\Users\sun\Desktop\team08 project\team08-project\backend\node_modules\express\lib\router\index.js:346:12)
    at next (C:\Users\sun\Desktop\team08 project\team08-project\backend\node_modules\express\lib\router\index.js:280:10)
    at SessionStrategy.strategy.pass (C:\Users\sun\Desktop\team08 project\team08-project\backend\node_modules\passport\lib\middleware\authenticate.js:346:9)
    at SessionStrategy.authenticate (C:\Users\sun\Desktop\team08 project\team08-project\backend\node_modules\passport\lib\strategies\session.js:75:10)
    at attempt (C:\Users\sun\Desktop\team08 project\team08-project\backend\node_modules\passport\lib\middleware\authenticate.js:369:16)
    at authenticate (C:\Users\sun\Desktop\team08 project\team08-project\backend\node_modules\passport\lib\middleware\authenticate.js:370:7)
    at Layer.handle [as handle_request] (C:\Users\sun\Desktop\team08 project\team08-project\backend\node_modules\express\lib\router\layer.js:95:5)
    at trim_prefix (C:\Users\sun\Desktop\team08 project\team08-project\backend\node_modules\express\lib\router\index.js:328:13)
    at C:\Users\sun\Desktop\team08 project\team08-project\backend\node_modules\express\lib\router\index.js:286:9
    at Function.process_params (C:\Users\sun\Desktop\team08 project\team08-project\backend\node_modules\express\lib\router\index.js:346:12)
    at next (C:\Users\sun\Desktop\team08 project\team08-project\backend\node_modules\express\lib\router\index.js:280:10)
    at initialize (C:\Users\sun\Desktop\team08 project\team08-project\backend\node_modules\passport\lib\middleware\initialize.js:98:5)
    at Layer.handle [as handle_request] (C:\Users\sun\Desktop\team08 project\team08-project\backend\node_modules\express\lib\router\layer.js:95:5)
    at trim_prefix (C:\Users\sun\Desktop\team08 project\team08-project\backend\node_modules\express\lib\router\index.js:328:13)
    at C:\Users\sun\Desktop\team08 project\team08-project\backend\node_modules\express\lib\router\index.js:286:9
    at Function.process_params (C:\Users\sun\Desktop\team08 project\team08-project\backend\node_modules\express\lib\router\index.js:346:12)
    at next (C:\Users\sun\Desktop\team08 project\team08-project\backend\node_modules\express\lib\router\index.js:280:10)
    at C:\Users\sun\Desktop\team08 project\team08-project\backend\node_modules\connect-flash\lib\flash.js:21:5
    at Layer.handle [as handle_request] (C:\Users\sun\Desktop\team08 project\team08-project\backend\node_modules\express\lib\router\layer.js:95:5)
    at trim_prefix (C:\Users\sun\Desktop\team08 project\team08-project\backend\node_modules\express\lib\router\index.js:328:13)
    at C:\Users\sun\Desktop\team08 project\team08-project\backend\node_modules\express\lib\router\index.js:286:9
    at Function.process_params (C:\Users\sun\Desktop\team08 project\team08-project\backend\node_modules\express\lib\router\index.js:346:12)
    at next (C:\Users\sun\Desktop\team08 project\team08-project\backend\node_modules\express\lib\router\index.js:280:10)
    at C:\Users\sun\Desktop\team08 project\team08-project\backend\node_modules\express-session\index.js:506:7
    at Query.<anonymous> (C:\Users\sun\Desktop\team08 project\team08-project\backend\node_modules\express-mysql-session\index.js:193:4)
    at Query.<anonymous> (C:\Users\sun\Desktop\team08 project\team08-project\backend\node_modules\underscore\underscore-node-f-pre.js:1206:19)
    at Query.<anonymous> (C:\Users\sun\Desktop\team08 project\team08-project\backend\node_modules\mysql\lib\Connection.js:526:10)
    at Query._callback (C:\Users\sun\Desktop\team08 project\team08-project\backend\node_modules\mysql\lib\Connection.js:488:16)
    at Query.Sequence.end (C:\Users\sun\Desktop\team08 project\team08-project\backend\node_modules\mysql\lib\protocol\sequences\Sequence.js:83:24)
    at Query._handleFinalResultPacket (C:\Users\sun\Desktop\team08 project\team08-project\backend\node_modules\mysql\lib\protocol\sequences\Query.js:149:8)
    at Query.EofPacket (C:\Users\sun\Desktop\team08 project\team08-project\backend\node_modules\mysql\lib\protocol\sequences\Query.js:133:8)
    at Protocol._parsePacket (C:\Users\sun\Desktop\team08 project\team08-project\backend\node_modules\mysql\lib\protocol\Protocol.js:291:23)
    at Parser._parsePacket (C:\Users\sun\Desktop\team08 project\team08-project\backend\node_modules\mysql\lib\protocol\Parser.js:433:10)
    at Parser.write (C:\Users\sun\Desktop\team08 project\team08-project\backend\node_modules\mysql\lib\protocol\Parser.js:43:10)
2022-11-28 05:03:33 [undefined] error: uncaughtException: passport is not defined
ReferenceError: passport is not defined
    at Object.<anonymous> (C:\Users\sun\Desktop\team08 project\team08-project\backend\/app.js:63:3)
    at Module._compile (node:internal/modules/cjs/loader:1126:14)
    at Module._compile (C:\Users\sun\Desktop\team08 project\team08-project\backend\node_modules\pirates\lib\index.js:136:24)
    at Module._extensions..js (node:internal/modules/cjs/loader:1180:10)
    at Object.newLoader [as .js] (C:\Users\sun\Desktop\team08 project\team08-project\backend\node_modules\pirates\lib\index.js:141:7)
    at Module.load (node:internal/modules/cjs/loader:1004:32)
    at Function.Module._load (node:internal/modules/cjs/loader:839:12)
    at Function.runMain (node:internal/modules/run_main:81:12)
    at Object.<anonymous> (C:\Users\sun\Desktop\team08 project\team08-project\backend\node_modules\@babel\node\src\_babel-node.ts:214:12)
    at Module._compile (node:internal/modules/cjs/loader:1126:14)
    at Object.Module._extensions..js (node:internal/modules/cjs/loader:1180:10)
    at Module.load (node:internal/modules/cjs/loader:1004:32)
    at Function.Module._load (node:internal/modules/cjs/loader:839:12)
    at Function.executeUserEntryPoint [as runMain] (node:internal/modules/run_main:81:12)
    at node:internal/main/run_main_module:17:47
2022-11-28 05:04:08 [undefined] error: uncaughtException: Cannot read properties of undefined (reading 'use')
TypeError: Cannot read properties of undefined (reading 'use')
    at module.exports (C:\Users\sun\Desktop\team08 project\team08-project\backend\src\utils\/passport.js:9:7)
    at Object.<anonymous> (C:\Users\sun\Desktop\team08 project\team08-project\backend\/app.js:60:14)
    at Module._compile (node:internal/modules/cjs/loader:1126:14)
    at Module._compile (C:\Users\sun\Desktop\team08 project\team08-project\backend\node_modules\pirates\lib\index.js:136:24)
    at Module._extensions..js (node:internal/modules/cjs/loader:1180:10)
    at Object.newLoader [as .js] (C:\Users\sun\Desktop\team08 project\team08-project\backend\node_modules\pirates\lib\index.js:141:7)
    at Module.load (node:internal/modules/cjs/loader:1004:32)
    at Function.Module._load (node:internal/modules/cjs/loader:839:12)
    at Function.runMain (node:internal/modules/run_main:81:12)
    at Object.<anonymous> (C:\Users\sun\Desktop\team08 project\team08-project\backend\node_modules\@babel\node\src\_babel-node.ts:214:12)
    at Module._compile (node:internal/modules/cjs/loader:1126:14)
    at Object.Module._extensions..js (node:internal/modules/cjs/loader:1180:10)
    at Module.load (node:internal/modules/cjs/loader:1004:32)
    at Function.Module._load (node:internal/modules/cjs/loader:839:12)
    at Function.executeUserEntryPoint [as runMain] (node:internal/modules/run_main:81:12)
    at node:internal/main/run_main_module:17:47
2022-11-28 05:05:28 [undefined] error: uncaughtException: Cannot read properties of undefined (reading 'use')
TypeError: Cannot read properties of undefined (reading 'use')
    at module.exports (C:\Users\sun\Desktop\team08 project\team08-project\backend\src\utils\/passport.js:9:7)
    at Object.<anonymous> (C:\Users\sun\Desktop\team08 project\team08-project\backend\/app.js:60:14)
    at Module._compile (node:internal/modules/cjs/loader:1126:14)
    at Module._compile (C:\Users\sun\Desktop\team08 project\team08-project\backend\node_modules\pirates\lib\index.js:136:24)
    at Module._extensions..js (node:internal/modules/cjs/loader:1180:10)
    at Object.newLoader [as .js] (C:\Users\sun\Desktop\team08 project\team08-project\backend\node_modules\pirates\lib\index.js:141:7)
    at Module.load (node:internal/modules/cjs/loader:1004:32)
    at Function.Module._load (node:internal/modules/cjs/loader:839:12)
    at Function.runMain (node:internal/modules/run_main:81:12)
    at Object.<anonymous> (C:\Users\sun\Desktop\team08 project\team08-project\backend\node_modules\@babel\node\src\_babel-node.ts:214:12)
    at Module._compile (node:internal/modules/cjs/loader:1126:14)
    at Object.Module._extensions..js (node:internal/modules/cjs/loader:1180:10)
    at Module.load (node:internal/modules/cjs/loader:1004:32)
    at Function.Module._load (node:internal/modules/cjs/loader:839:12)
    at Function.executeUserEntryPoint [as runMain] (node:internal/modules/run_main:81:12)
    at node:internal/main/run_main_module:17:47
2022-11-28 05:05:59 [undefined] error: uncaughtException: Cannot read properties of undefined (reading 'use')
TypeError: Cannot read properties of undefined (reading 'use')
    at module.exports (C:\Users\sun\Desktop\team08 project\team08-project\backend\src\utils\/passport.js:9:7)
    at Object.<anonymous> (C:\Users\sun\Desktop\team08 project\team08-project\backend\/app.js:60:31)
    at Module._compile (node:internal/modules/cjs/loader:1126:14)
    at Module._compile (C:\Users\sun\Desktop\team08 project\team08-project\backend\node_modules\pirates\lib\index.js:136:24)
    at Module._extensions..js (node:internal/modules/cjs/loader:1180:10)
    at Object.newLoader [as .js] (C:\Users\sun\Desktop\team08 project\team08-project\backend\node_modules\pirates\lib\index.js:141:7)
    at Module.load (node:internal/modules/cjs/loader:1004:32)
    at Function.Module._load (node:internal/modules/cjs/loader:839:12)
    at Function.runMain (node:internal/modules/run_main:81:12)
    at Object.<anonymous> (C:\Users\sun\Desktop\team08 project\team08-project\backend\node_modules\@babel\node\src\_babel-node.ts:214:12)
    at Module._compile (node:internal/modules/cjs/loader:1126:14)
    at Object.Module._extensions..js (node:internal/modules/cjs/loader:1180:10)
    at Module.load (node:internal/modules/cjs/loader:1004:32)
    at Function.Module._load (node:internal/modules/cjs/loader:839:12)
    at Function.executeUserEntryPoint [as runMain] (node:internal/modules/run_main:81:12)
    at node:internal/main/run_main_module:17:47
2022-11-28 05:06:26 [undefined] error: uncaughtException: Cannot read properties of undefined (reading 'use')
TypeError: Cannot read properties of undefined (reading 'use')
    at module.exports (C:\Users\sun\Desktop\team08 project\team08-project\backend\src\utils\/passport.js:9:7)
    at Object.<anonymous> (C:\Users\sun\Desktop\team08 project\team08-project\backend\/app.js:61:31)
    at Module._compile (node:internal/modules/cjs/loader:1126:14)
    at Module._compile (C:\Users\sun\Desktop\team08 project\team08-project\backend\node_modules\pirates\lib\index.js:136:24)
    at Module._extensions..js (node:internal/modules/cjs/loader:1180:10)
    at Object.newLoader [as .js] (C:\Users\sun\Desktop\team08 project\team08-project\backend\node_modules\pirates\lib\index.js:141:7)
    at Module.load (node:internal/modules/cjs/loader:1004:32)
    at Function.Module._load (node:internal/modules/cjs/loader:839:12)
    at Function.runMain (node:internal/modules/run_main:81:12)
    at Object.<anonymous> (C:\Users\sun\Desktop\team08 project\team08-project\backend\node_modules\@babel\node\src\_babel-node.ts:214:12)
    at Module._compile (node:internal/modules/cjs/loader:1126:14)
    at Object.Module._extensions..js (node:internal/modules/cjs/loader:1180:10)
    at Module.load (node:internal/modules/cjs/loader:1004:32)
    at Function.Module._load (node:internal/modules/cjs/loader:839:12)
    at Function.executeUserEntryPoint [as runMain] (node:internal/modules/run_main:81:12)
    at node:internal/main/run_main_module:17:47
2022-11-28 05:08:46 [undefined] error: uncaughtException: Cannot read properties of undefined (reading 'use')
TypeError: Cannot read properties of undefined (reading 'use')
    at module.exports (C:\Users\sun\Desktop\team08 project\team08-project\backend\src\utils\/passport.js:9:7)
    at Object.<anonymous> (C:\Users\sun\Desktop\team08 project\team08-project\backend\/app.js:61:32)
    at Module._compile (node:internal/modules/cjs/loader:1126:14)
    at Module._compile (C:\Users\sun\Desktop\team08 project\team08-project\backend\node_modules\pirates\lib\index.js:136:24)
    at Module._extensions..js (node:internal/modules/cjs/loader:1180:10)
    at Object.newLoader [as .js] (C:\Users\sun\Desktop\team08 project\team08-project\backend\node_modules\pirates\lib\index.js:141:7)
    at Module.load (node:internal/modules/cjs/loader:1004:32)
    at Function.Module._load (node:internal/modules/cjs/loader:839:12)
    at Function.runMain (node:internal/modules/run_main:81:12)
    at Object.<anonymous> (C:\Users\sun\Desktop\team08 project\team08-project\backend\node_modules\@babel\node\src\_babel-node.ts:214:12)
    at Module._compile (node:internal/modules/cjs/loader:1126:14)
    at Object.Module._extensions..js (node:internal/modules/cjs/loader:1180:10)
    at Module.load (node:internal/modules/cjs/loader:1004:32)
    at Function.Module._load (node:internal/modules/cjs/loader:839:12)
    at Function.executeUserEntryPoint [as runMain] (node:internal/modules/run_main:81:12)
    at node:internal/main/run_main_module:17:47
2022-11-28 05:09:18 [undefined] error: uncaughtException: passport.authenticate is not a function
TypeError: passport.authenticate is not a function
    at Object.<anonymous> (C:\Users\sun\Desktop\team08 project\team08-project\backend\/app.js:65:12)
    at Module._compile (node:internal/modules/cjs/loader:1126:14)
    at Module._compile (C:\Users\sun\Desktop\team08 project\team08-project\backend\node_modules\pirates\lib\index.js:136:24)
    at Module._extensions..js (node:internal/modules/cjs/loader:1180:10)
    at Object.newLoader [as .js] (C:\Users\sun\Desktop\team08 project\team08-project\backend\node_modules\pirates\lib\index.js:141:7)
    at Module.load (node:internal/modules/cjs/loader:1004:32)
    at Function.Module._load (node:internal/modules/cjs/loader:839:12)
    at Function.runMain (node:internal/modules/run_main:81:12)
    at Object.<anonymous> (C:\Users\sun\Desktop\team08 project\team08-project\backend\node_modules\@babel\node\src\_babel-node.ts:214:12)
    at Module._compile (node:internal/modules/cjs/loader:1126:14)
    at Object.Module._extensions..js (node:internal/modules/cjs/loader:1180:10)
    at Module.load (node:internal/modules/cjs/loader:1004:32)
    at Function.Module._load (node:internal/modules/cjs/loader:839:12)
    at Function.executeUserEntryPoint [as runMain] (node:internal/modules/run_main:81:12)
    at node:internal/main/run_main_module:17:47
2022-11-28 05:10:30 [undefined] error: uncaughtException: passportLocal is not defined
ReferenceError: passportLocal is not defined
    at Object.<anonymous> (C:\Users\sun\Desktop\team08 project\team08-project\backend\/app.js:61:18)
    at Module._compile (node:internal/modules/cjs/loader:1126:14)
    at Module._compile (C:\Users\sun\Desktop\team08 project\team08-project\backend\node_modules\pirates\lib\index.js:136:24)
    at Module._extensions..js (node:internal/modules/cjs/loader:1180:10)
    at Object.newLoader [as .js] (C:\Users\sun\Desktop\team08 project\team08-project\backend\node_modules\pirates\lib\index.js:141:7)
    at Module.load (node:internal/modules/cjs/loader:1004:32)
    at Function.Module._load (node:internal/modules/cjs/loader:839:12)
    at Function.runMain (node:internal/modules/run_main:81:12)
    at Object.<anonymous> (C:\Users\sun\Desktop\team08 project\team08-project\backend\node_modules\@babel\node\src\_babel-node.ts:214:12)
    at Module._compile (node:internal/modules/cjs/loader:1126:14)
    at Object.Module._extensions..js (node:internal/modules/cjs/loader:1180:10)
    at Module.load (node:internal/modules/cjs/loader:1004:32)
    at Function.Module._load (node:internal/modules/cjs/loader:839:12)
    at Function.executeUserEntryPoint [as runMain] (node:internal/modules/run_main:81:12)
    at node:internal/main/run_main_module:17:47
2022-11-28 05:11:27 [undefined] error: uncaughtException: passport.authenticate is not a function
TypeError: passport.authenticate is not a function
    at Object.<anonymous> (C:\Users\sun\Desktop\team08 project\team08-project\backend\/app.js:65:12)
    at Module._compile (node:internal/modules/cjs/loader:1126:14)
    at Module._compile (C:\Users\sun\Desktop\team08 project\team08-project\backend\node_modules\pirates\lib\index.js:136:24)
    at Module._extensions..js (node:internal/modules/cjs/loader:1180:10)
    at Object.newLoader [as .js] (C:\Users\sun\Desktop\team08 project\team08-project\backend\node_modules\pirates\lib\index.js:141:7)
    at Module.load (node:internal/modules/cjs/loader:1004:32)
    at Function.Module._load (node:internal/modules/cjs/loader:839:12)
    at Function.runMain (node:internal/modules/run_main:81:12)
    at Object.<anonymous> (C:\Users\sun\Desktop\team08 project\team08-project\backend\node_modules\@babel\node\src\_babel-node.ts:214:12)
    at Module._compile (node:internal/modules/cjs/loader:1126:14)
    at Object.Module._extensions..js (node:internal/modules/cjs/loader:1180:10)
    at Module.load (node:internal/modules/cjs/loader:1004:32)
    at Function.Module._load (node:internal/modules/cjs/loader:839:12)
    at Function.executeUserEntryPoint [as runMain] (node:internal/modules/run_main:81:12)
    at node:internal/main/run_main_module:17:47
2022-11-28 05:11:38 [undefined] error: uncaughtException: passport.authenticate is not a function
TypeError: passport.authenticate is not a function
    at Object.<anonymous> (C:\Users\sun\Desktop\team08 project\team08-project\backend\/app.js:65:12)
    at Module._compile (node:internal/modules/cjs/loader:1126:14)
    at Module._compile (C:\Users\sun\Desktop\team08 project\team08-project\backend\node_modules\pirates\lib\index.js:136:24)
    at Module._extensions..js (node:internal/modules/cjs/loader:1180:10)
    at Object.newLoader [as .js] (C:\Users\sun\Desktop\team08 project\team08-project\backend\node_modules\pirates\lib\index.js:141:7)
    at Module.load (node:internal/modules/cjs/loader:1004:32)
    at Function.Module._load (node:internal/modules/cjs/loader:839:12)
    at Function.runMain (node:internal/modules/run_main:81:12)
    at Object.<anonymous> (C:\Users\sun\Desktop\team08 project\team08-project\backend\node_modules\@babel\node\src\_babel-node.ts:214:12)
    at Module._compile (node:internal/modules/cjs/loader:1126:14)
    at Object.Module._extensions..js (node:internal/modules/cjs/loader:1180:10)
    at Module.load (node:internal/modules/cjs/loader:1004:32)
    at Function.Module._load (node:internal/modules/cjs/loader:839:12)
    at Function.executeUserEntryPoint [as runMain] (node:internal/modules/run_main:81:12)
    at node:internal/main/run_main_module:17:47
2022-11-28 05:23:31 [undefined] error: uncaughtException: app.user is not a function
TypeError: app.user is not a function
    at Object.<anonymous> (C:\Users\sun\Desktop\team08 project\team08-project\backend\/app.js:77:5)
    at Module._compile (node:internal/modules/cjs/loader:1126:14)
    at Module._compile (C:\Users\sun\Desktop\team08 project\team08-project\backend\node_modules\pirates\lib\index.js:136:24)
    at Module._extensions..js (node:internal/modules/cjs/loader:1180:10)
    at Object.newLoader [as .js] (C:\Users\sun\Desktop\team08 project\team08-project\backend\node_modules\pirates\lib\index.js:141:7)
    at Module.load (node:internal/modules/cjs/loader:1004:32)
    at Function.Module._load (node:internal/modules/cjs/loader:839:12)
    at Function.runMain (node:internal/modules/run_main:81:12)
    at Object.<anonymous> (C:\Users\sun\Desktop\team08 project\team08-project\backend\node_modules\@babel\node\src\_babel-node.ts:214:12)
    at Module._compile (node:internal/modules/cjs/loader:1126:14)
    at Object.Module._extensions..js (node:internal/modules/cjs/loader:1180:10)
    at Module.load (node:internal/modules/cjs/loader:1004:32)
    at Function.Module._load (node:internal/modules/cjs/loader:839:12)
    at Function.executeUserEntryPoint [as runMain] (node:internal/modules/run_main:81:12)
    at node:internal/main/run_main_module:17:47
2022-11-28 05:24:47 [undefined] error: uncaughtException: app.user is not a function
TypeError: app.user is not a function
    at Object.<anonymous> (C:\Users\sun\Desktop\team08 project\team08-project\backend\/app.js:78:5)
    at Module._compile (node:internal/modules/cjs/loader:1126:14)
    at Module._compile (C:\Users\sun\Desktop\team08 project\team08-project\backend\node_modules\pirates\lib\index.js:136:24)
    at Module._extensions..js (node:internal/modules/cjs/loader:1180:10)
    at Object.newLoader [as .js] (C:\Users\sun\Desktop\team08 project\team08-project\backend\node_modules\pirates\lib\index.js:141:7)
    at Module.load (node:internal/modules/cjs/loader:1004:32)
    at Function.Module._load (node:internal/modules/cjs/loader:839:12)
    at Function.runMain (node:internal/modules/run_main:81:12)
    at Object.<anonymous> (C:\Users\sun\Desktop\team08 project\team08-project\backend\node_modules\@babel\node\src\_babel-node.ts:214:12)
    at Module._compile (node:internal/modules/cjs/loader:1126:14)
    at Object.Module._extensions..js (node:internal/modules/cjs/loader:1180:10)
    at Module.load (node:internal/modules/cjs/loader:1004:32)
    at Function.Module._load (node:internal/modules/cjs/loader:839:12)
    at Function.executeUserEntryPoint [as runMain] (node:internal/modules/run_main:81:12)
    at node:internal/main/run_main_module:17:47
2022-11-28 05:25:27 [undefined] error: uncaughtException: app.user is not a function
TypeError: app.user is not a function
    at Object.<anonymous> (C:\Users\sun\Desktop\team08 project\team08-project\backend\/app.js:78:5)
    at Module._compile (node:internal/modules/cjs/loader:1126:14)
    at Module._compile (C:\Users\sun\Desktop\team08 project\team08-project\backend\node_modules\pirates\lib\index.js:136:24)
    at Module._extensions..js (node:internal/modules/cjs/loader:1180:10)
    at Object.newLoader [as .js] (C:\Users\sun\Desktop\team08 project\team08-project\backend\node_modules\pirates\lib\index.js:141:7)
    at Module.load (node:internal/modules/cjs/loader:1004:32)
    at Function.Module._load (node:internal/modules/cjs/loader:839:12)
    at Function.runMain (node:internal/modules/run_main:81:12)
    at Object.<anonymous> (C:\Users\sun\Desktop\team08 project\team08-project\backend\node_modules\@babel\node\src\_babel-node.ts:214:12)
    at Module._compile (node:internal/modules/cjs/loader:1126:14)
2022-11-28 05:26:51 [undefined] error: uncaughtException: app.user is not a function
TypeError: app.user is not a function
    at Object.<anonymous> (C:\Users\sun\Desktop\team08 project\team08-project\backend\/app.js:78:5)
    at Module._compile (node:internal/modules/cjs/loader:1126:14)
    at Module._compile (C:\Users\sun\Desktop\team08 project\team08-project\backend\node_modules\pirates\lib\index.js:136:24)
    at Module._extensions..js (node:internal/modules/cjs/loader:1180:10)
    at Object.newLoader [as .js] (C:\Users\sun\Desktop\team08 project\team08-project\backend\node_modules\pirates\lib\index.js:141:7)
    at Module.load (node:internal/modules/cjs/loader:1004:32)
    at Function.Module._load (node:internal/modules/cjs/loader:839:12)
    at Function.runMain (node:internal/modules/run_main:81:12)
    at Object.<anonymous> (C:\Users\sun\Desktop\team08 project\team08-project\backend\node_modules\@babel\node\src\_babel-node.ts:214:12)
    at Module._compile (node:internal/modules/cjs/loader:1126:14)
2022-11-28 05:27:12 [undefined] error: uncaughtException: app.user is not a function
TypeError: app.user is not a function
    at Object.<anonymous> (C:\Users\sun\Desktop\team08 project\team08-project\backend\/app.js:77:5)
    at Module._compile (node:internal/modules/cjs/loader:1126:14)
    at Module._compile (C:\Users\sun\Desktop\team08 project\team08-project\backend\node_modules\pirates\lib\index.js:136:24)
    at Module._extensions..js (node:internal/modules/cjs/loader:1180:10)
    at Object.newLoader [as .js] (C:\Users\sun\Desktop\team08 project\team08-project\backend\node_modules\pirates\lib\index.js:141:7)
    at Module.load (node:internal/modules/cjs/loader:1004:32)
    at Function.Module._load (node:internal/modules/cjs/loader:839:12)
    at Function.runMain (node:internal/modules/run_main:81:12)
    at Object.<anonymous> (C:\Users\sun\Desktop\team08 project\team08-project\backend\node_modules\@babel\node\src\_babel-node.ts:214:12)
    at Module._compile (node:internal/modules/cjs/loader:1126:14)
    at Object.Module._extensions..js (node:internal/modules/cjs/loader:1180:10)
    at Module.load (node:internal/modules/cjs/loader:1004:32)
    at Function.Module._load (node:internal/modules/cjs/loader:839:12)
    at Function.executeUserEntryPoint [as runMain] (node:internal/modules/run_main:81:12)
    at node:internal/main/run_main_module:17:47
2022-11-28 05:39:12 [undefined] error: uncaughtException: app.user is not a function
TypeError: app.user is not a function
    at Object.<anonymous> (C:\Users\sun\Desktop\team08 project\team08-project\backend\/app.js:77:5)
    at Module._compile (node:internal/modules/cjs/loader:1126:14)
    at Module._compile (C:\Users\sun\Desktop\team08 project\team08-project\backend\node_modules\pirates\lib\index.js:136:24)
    at Module._extensions..js (node:internal/modules/cjs/loader:1180:10)
    at Object.newLoader [as .js] (C:\Users\sun\Desktop\team08 project\team08-project\backend\node_modules\pirates\lib\index.js:141:7)
    at Module.load (node:internal/modules/cjs/loader:1004:32)
    at Function.Module._load (node:internal/modules/cjs/loader:839:12)
    at Function.runMain (node:internal/modules/run_main:81:12)
    at Object.<anonymous> (C:\Users\sun\Desktop\team08 project\team08-project\backend\node_modules\@babel\node\src\_babel-node.ts:214:12)
    at Module._compile (node:internal/modules/cjs/loader:1126:14)
2022-11-28 05:39:50 [undefined] error: uncaughtException: authRouter is not defined
ReferenceError: authRouter is not defined
    at Object.<anonymous> (C:\Users\sun\Desktop\team08 project\team08-project\backend\/app.js:87:9)
    at Module._compile (node:internal/modules/cjs/loader:1126:14)
    at Module._compile (C:\Users\sun\Desktop\team08 project\team08-project\backend\node_modules\pirates\lib\index.js:136:24)
    at Module._extensions..js (node:internal/modules/cjs/loader:1180:10)
    at Object.newLoader [as .js] (C:\Users\sun\Desktop\team08 project\team08-project\backend\node_modules\pirates\lib\index.js:141:7)
    at Module.load (node:internal/modules/cjs/loader:1004:32)
    at Function.Module._load (node:internal/modules/cjs/loader:839:12)
    at Function.runMain (node:internal/modules/run_main:81:12)
    at Object.<anonymous> (C:\Users\sun\Desktop\team08 project\team08-project\backend\node_modules\@babel\node\src\_babel-node.ts:214:12)
    at Module._compile (node:internal/modules/cjs/loader:1126:14)
    at Object.Module._extensions..js (node:internal/modules/cjs/loader:1180:10)
    at Module.load (node:internal/modules/cjs/loader:1004:32)
    at Function.Module._load (node:internal/modules/cjs/loader:839:12)
    at Function.executeUserEntryPoint [as runMain] (node:internal/modules/run_main:81:12)
    at node:internal/main/run_main_module:17:47
2022-11-28 05:40:02 [undefined] error: uncaughtException: app.use() requires a middleware function
TypeError: app.use() requires a middleware function
    at Function.use (C:\Users\sun\Desktop\team08 project\team08-project\backend\node_modules\express\lib\application.js:217:11)
    at Object.<anonymous> (C:\Users\sun\Desktop\team08 project\team08-project\backend\/app.js:87:5)
    at Module._compile (node:internal/modules/cjs/loader:1126:14)
    at Module._compile (C:\Users\sun\Desktop\team08 project\team08-project\backend\node_modules\pirates\lib\index.js:136:24)
    at Module._extensions..js (node:internal/modules/cjs/loader:1180:10)
    at Object.newLoader [as .js] (C:\Users\sun\Desktop\team08 project\team08-project\backend\node_modules\pirates\lib\index.js:141:7)
    at Module.load (node:internal/modules/cjs/loader:1004:32)
    at Function.Module._load (node:internal/modules/cjs/loader:839:12)
    at Function.runMain (node:internal/modules/run_main:81:12)
    at Object.<anonymous> (C:\Users\sun\Desktop\team08 project\team08-project\backend\node_modules\@babel\node\src\_babel-node.ts:214:12)
    at Module._compile (node:internal/modules/cjs/loader:1126:14)
    at Object.Module._extensions..js (node:internal/modules/cjs/loader:1180:10)
    at Module.load (node:internal/modules/cjs/loader:1004:32)
    at Function.Module._load (node:internal/modules/cjs/loader:839:12)
    at Function.executeUserEntryPoint [as runMain] (node:internal/modules/run_main:81:12)
    at node:internal/main/run_main_module:17:47
2022-11-28 05:56:10 [undefined] error: uncaughtException: JWTStrategy is not defined
ReferenceError: JWTStrategy is not defined
    at module.exports (C:\Users\sun\Desktop\team08 project\team08-project\backend\src\utils\/passport.js:74:9)
    at Object.<anonymous> (C:\Users\sun\Desktop\team08 project\team08-project\backend\/app.js:61:31)
    at Module._compile (node:internal/modules/cjs/loader:1126:14)
    at Module._compile (C:\Users\sun\Desktop\team08 project\team08-project\backend\node_modules\pirates\lib\index.js:136:24)
    at Module._extensions..js (node:internal/modules/cjs/loader:1180:10)
    at Object.newLoader [as .js] (C:\Users\sun\Desktop\team08 project\team08-project\backend\node_modules\pirates\lib\index.js:141:7)
    at Module.load (node:internal/modules/cjs/loader:1004:32)
    at Function.Module._load (node:internal/modules/cjs/loader:839:12)
    at Function.runMain (node:internal/modules/run_main:81:12)
    at Object.<anonymous> (C:\Users\sun\Desktop\team08 project\team08-project\backend\node_modules\@babel\node\src\_babel-node.ts:214:12)
    at Module._compile (node:internal/modules/cjs/loader:1126:14)
    at Object.Module._extensions..js (node:internal/modules/cjs/loader:1180:10)
    at Module.load (node:internal/modules/cjs/loader:1004:32)
    at Function.Module._load (node:internal/modules/cjs/loader:839:12)
    at Function.executeUserEntryPoint [as runMain] (node:internal/modules/run_main:81:12)
    at node:internal/main/run_main_module:17:47
2022-11-28 06:06:30 [undefined] error: uncaughtException: JWTStrategy is not defined
ReferenceError: JWTStrategy is not defined
    at module.exports (C:\Users\sun\Desktop\team08 project\team08-project\backend\src\utils\/passport.js:74:9)
    at Object.<anonymous> (C:\Users\sun\Desktop\team08 project\team08-project\backend\/app.js:61:31)
    at Module._compile (node:internal/modules/cjs/loader:1126:14)
    at Module._compile (C:\Users\sun\Desktop\team08 project\team08-project\backend\node_modules\pirates\lib\index.js:136:24)
    at Module._extensions..js (node:internal/modules/cjs/loader:1180:10)
    at Object.newLoader [as .js] (C:\Users\sun\Desktop\team08 project\team08-project\backend\node_modules\pirates\lib\index.js:141:7)
    at Module.load (node:internal/modules/cjs/loader:1004:32)
    at Function.Module._load (node:internal/modules/cjs/loader:839:12)
    at Function.runMain (node:internal/modules/run_main:81:12)
    at Object.<anonymous> (C:\Users\sun\Desktop\team08 project\team08-project\backend\node_modules\@babel\node\src\_babel-node.ts:214:12)
    at Module._compile (node:internal/modules/cjs/loader:1126:14)
    at Object.Module._extensions..js (node:internal/modules/cjs/loader:1180:10)
    at Module.load (node:internal/modules/cjs/loader:1004:32)
    at Function.Module._load (node:internal/modules/cjs/loader:839:12)
    at Function.executeUserEntryPoint [as runMain] (node:internal/modules/run_main:81:12)
    at node:internal/main/run_main_module:17:47
2022-11-28 06:07:11 [undefined] error: uncaughtException: JWTStrategy is not defined
ReferenceError: JWTStrategy is not defined
    at module.exports (C:\Users\sun\Desktop\team08 project\team08-project\backend\src\utils\/passport.js:75:9)
    at Object.<anonymous> (C:\Users\sun\Desktop\team08 project\team08-project\backend\/app.js:61:31)
    at Module._compile (node:internal/modules/cjs/loader:1126:14)
    at Module._compile (C:\Users\sun\Desktop\team08 project\team08-project\backend\node_modules\pirates\lib\index.js:136:24)
    at Module._extensions..js (node:internal/modules/cjs/loader:1180:10)
    at Object.newLoader [as .js] (C:\Users\sun\Desktop\team08 project\team08-project\backend\node_modules\pirates\lib\index.js:141:7)
    at Module.load (node:internal/modules/cjs/loader:1004:32)
    at Function.Module._load (node:internal/modules/cjs/loader:839:12)
    at Function.runMain (node:internal/modules/run_main:81:12)
    at Object.<anonymous> (C:\Users\sun\Desktop\team08 project\team08-project\backend\node_modules\@babel\node\src\_babel-node.ts:214:12)
    at Module._compile (node:internal/modules/cjs/loader:1126:14)
    at Object.Module._extensions..js (node:internal/modules/cjs/loader:1180:10)
    at Module.load (node:internal/modules/cjs/loader:1004:32)
    at Function.Module._load (node:internal/modules/cjs/loader:839:12)
    at Function.executeUserEntryPoint [as runMain] (node:internal/modules/run_main:81:12)
    at node:internal/main/run_main_module:17:47
2022-11-28 06:07:25 [undefined] error: uncaughtException: JWTStrategy is not defined
ReferenceError: JWTStrategy is not defined
    at module.exports (C:\Users\sun\Desktop\team08 project\team08-project\backend\src\utils\/passport.js:75:9)
    at Object.<anonymous> (C:\Users\sun\Desktop\team08 project\team08-project\backend\/app.js:61:31)
    at Module._compile (node:internal/modules/cjs/loader:1126:14)
    at Module._compile (C:\Users\sun\Desktop\team08 project\team08-project\backend\node_modules\pirates\lib\index.js:136:24)
    at Module._extensions..js (node:internal/modules/cjs/loader:1180:10)
    at Object.newLoader [as .js] (C:\Users\sun\Desktop\team08 project\team08-project\backend\node_modules\pirates\lib\index.js:141:7)
    at Module.load (node:internal/modules/cjs/loader:1004:32)
    at Function.Module._load (node:internal/modules/cjs/loader:839:12)
    at Function.runMain (node:internal/modules/run_main:81:12)
    at Object.<anonymous> (C:\Users\sun\Desktop\team08 project\team08-project\backend\node_modules\@babel\node\src\_babel-node.ts:214:12)
    at Module._compile (node:internal/modules/cjs/loader:1126:14)
    at Object.Module._extensions..js (node:internal/modules/cjs/loader:1180:10)
    at Module.load (node:internal/modules/cjs/loader:1004:32)
    at Function.Module._load (node:internal/modules/cjs/loader:839:12)
    at Function.executeUserEntryPoint [as runMain] (node:internal/modules/run_main:81:12)
    at node:internal/main/run_main_module:17:47
2022-11-28 06:07:37 [undefined] error: uncaughtException: JWTStrategy is not defined
ReferenceError: JWTStrategy is not defined
    at module.exports (C:\Users\sun\Desktop\team08 project\team08-project\backend\src\utils\/passport.js:75:9)
    at Object.<anonymous> (C:\Users\sun\Desktop\team08 project\team08-project\backend\/app.js:61:31)
    at Module._compile (node:internal/modules/cjs/loader:1126:14)
    at Module._compile (C:\Users\sun\Desktop\team08 project\team08-project\backend\node_modules\pirates\lib\index.js:136:24)
    at Module._extensions..js (node:internal/modules/cjs/loader:1180:10)
    at Object.newLoader [as .js] (C:\Users\sun\Desktop\team08 project\team08-project\backend\node_modules\pirates\lib\index.js:141:7)
    at Module.load (node:internal/modules/cjs/loader:1004:32)
    at Function.Module._load (node:internal/modules/cjs/loader:839:12)
    at Function.runMain (node:internal/modules/run_main:81:12)
    at Object.<anonymous> (C:\Users\sun\Desktop\team08 project\team08-project\backend\node_modules\@babel\node\src\_babel-node.ts:214:12)
    at Module._compile (node:internal/modules/cjs/loader:1126:14)
    at Object.Module._extensions..js (node:internal/modules/cjs/loader:1180:10)
    at Module.load (node:internal/modules/cjs/loader:1004:32)
    at Function.Module._load (node:internal/modules/cjs/loader:839:12)
    at Function.executeUserEntryPoint [as runMain] (node:internal/modules/run_main:81:12)
    at node:internal/main/run_main_module:17:47
2022-11-28 06:08:10 [undefined] error: uncaughtException: JWTStrategy is not defined
ReferenceError: JWTStrategy is not defined
    at module.exports (C:\Users\sun\Desktop\team08 project\team08-project\backend\src\utils\/passport.js:76:9)
    at Object.<anonymous> (C:\Users\sun\Desktop\team08 project\team08-project\backend\/app.js:61:31)
    at Module._compile (node:internal/modules/cjs/loader:1126:14)
    at Module._compile (C:\Users\sun\Desktop\team08 project\team08-project\backend\node_modules\pirates\lib\index.js:136:24)
    at Module._extensions..js (node:internal/modules/cjs/loader:1180:10)
    at Object.newLoader [as .js] (C:\Users\sun\Desktop\team08 project\team08-project\backend\node_modules\pirates\lib\index.js:141:7)
    at Module.load (node:internal/modules/cjs/loader:1004:32)
    at Function.Module._load (node:internal/modules/cjs/loader:839:12)
    at Function.runMain (node:internal/modules/run_main:81:12)
    at Object.<anonymous> (C:\Users\sun\Desktop\team08 project\team08-project\backend\node_modules\@babel\node\src\_babel-node.ts:214:12)
    at Module._compile (node:internal/modules/cjs/loader:1126:14)
    at Object.Module._extensions..js (node:internal/modules/cjs/loader:1180:10)
    at Module.load (node:internal/modules/cjs/loader:1004:32)
    at Function.Module._load (node:internal/modules/cjs/loader:839:12)
    at Function.executeUserEntryPoint [as runMain] (node:internal/modules/run_main:81:12)
    at node:internal/main/run_main_module:17:47
2022-11-28 06:26:15 [undefined] error: uncaughtException: Cannot find module './src/utils/auth'
Require stack:
- C:\Users\sun\Desktop\team08 project\team08-project\backend\app.js
Error: Cannot find module './src/utils/auth'
Require stack:
- C:\Users\sun\Desktop\team08 project\team08-project\backend\app.js
    at Function.Module._resolveFilename (node:internal/modules/cjs/loader:956:15)
    at Function.Module._load (node:internal/modules/cjs/loader:804:27)
    at Module.require (node:internal/modules/cjs/loader:1028:19)
    at require (node:internal/modules/cjs/helpers:102:18)
    at Object.<anonymous> (C:\Users\sun\Desktop\team08 project\team08-project\backend\/app.js:23:1)
    at Module._compile (node:internal/modules/cjs/loader:1126:14)
    at Module._compile (C:\Users\sun\Desktop\team08 project\team08-project\backend\node_modules\pirates\lib\index.js:136:24)
    at Module._extensions..js (node:internal/modules/cjs/loader:1180:10)
    at Object.newLoader [as .js] (C:\Users\sun\Desktop\team08 project\team08-project\backend\node_modules\pirates\lib\index.js:141:7)
    at Module.load (node:internal/modules/cjs/loader:1004:32)
    at Function.Module._load (node:internal/modules/cjs/loader:839:12)
    at Function.runMain (node:internal/modules/run_main:81:12)
    at Object.<anonymous> (C:\Users\sun\Desktop\team08 project\team08-project\backend\node_modules\@babel\node\src\_babel-node.ts:214:12)
    at Module._compile (node:internal/modules/cjs/loader:1126:14)
    at Object.Module._extensions..js (node:internal/modules/cjs/loader:1180:10)
    at Module.load (node:internal/modules/cjs/loader:1004:32)
    at Function.Module._load (node:internal/modules/cjs/loader:839:12)
    at Function.executeUserEntryPoint [as runMain] (node:internal/modules/run_main:81:12)
    at node:internal/main/run_main_module:17:47
2022-11-28 06:40:53 [undefined] error: uncaughtException: passport is not defined
ReferenceError: passport is not defined
    at module.exports (C:\Users\sun\Desktop\team08 project\team08-project\backend\src\utils\passport\/passport.js:11:11)
    at Object.<anonymous> (C:\Users\sun\Desktop\team08 project\team08-project\backend\/app.js:62:31)
    at Module._compile (node:internal/modules/cjs/loader:1126:14)
    at Module._compile (C:\Users\sun\Desktop\team08 project\team08-project\backend\node_modules\pirates\lib\index.js:136:24)
    at Module._extensions..js (node:internal/modules/cjs/loader:1180:10)
    at Object.newLoader [as .js] (C:\Users\sun\Desktop\team08 project\team08-project\backend\node_modules\pirates\lib\index.js:141:7)
    at Module.load (node:internal/modules/cjs/loader:1004:32)
    at Function.Module._load (node:internal/modules/cjs/loader:839:12)
    at Function.runMain (node:internal/modules/run_main:81:12)
    at Object.<anonymous> (C:\Users\sun\Desktop\team08 project\team08-project\backend\node_modules\@babel\node\src\_babel-node.ts:214:12)
    at Module._compile (node:internal/modules/cjs/loader:1126:14)
    at Object.Module._extensions..js (node:internal/modules/cjs/loader:1180:10)
    at Module.load (node:internal/modules/cjs/loader:1004:32)
    at Function.Module._load (node:internal/modules/cjs/loader:839:12)
    at Function.executeUserEntryPoint [as runMain] (node:internal/modules/run_main:81:12)
    at node:internal/main/run_main_module:17:47
2022-11-28 06:41:14 [undefined] error: uncaughtException: passport is not defined
ReferenceError: passport is not defined
    at module.exports (C:\Users\sun\Desktop\team08 project\team08-project\backend\src\utils\passport\/passport.js:11:11)
    at Object.<anonymous> (C:\Users\sun\Desktop\team08 project\team08-project\backend\/app.js:61:31)
    at Module._compile (node:internal/modules/cjs/loader:1126:14)
    at Module._compile (C:\Users\sun\Desktop\team08 project\team08-project\backend\node_modules\pirates\lib\index.js:136:24)
    at Module._extensions..js (node:internal/modules/cjs/loader:1180:10)
    at Object.newLoader [as .js] (C:\Users\sun\Desktop\team08 project\team08-project\backend\node_modules\pirates\lib\index.js:141:7)
    at Module.load (node:internal/modules/cjs/loader:1004:32)
    at Function.Module._load (node:internal/modules/cjs/loader:839:12)
    at Function.runMain (node:internal/modules/run_main:81:12)
    at Object.<anonymous> (C:\Users\sun\Desktop\team08 project\team08-project\backend\node_modules\@babel\node\src\_babel-node.ts:214:12)
    at Module._compile (node:internal/modules/cjs/loader:1126:14)
    at Object.Module._extensions..js (node:internal/modules/cjs/loader:1180:10)
    at Module.load (node:internal/modules/cjs/loader:1004:32)
    at Function.Module._load (node:internal/modules/cjs/loader:839:12)
    at Function.executeUserEntryPoint [as runMain] (node:internal/modules/run_main:81:12)
    at node:internal/main/run_main_module:17:47
2022-11-28 09:08:07 [undefined] error: uncaughtException: User is not defined
ReferenceError: User is not defined
    at _callee$ (C:\Users\sun\Desktop\team08 project\team08-project\backend\src\utils\passport\/local.js:17:58)
    at tryCatch (C:\Users\sun\Desktop\team08 project\team08-project\backend\src\utils\passport\/local.js:2:1)
    at Generator.<anonymous> (C:\Users\sun\Desktop\team08 project\team08-project\backend\src\utils\passport\/local.js:2:1)
    at Generator.next (C:\Users\sun\Desktop\team08 project\team08-project\backend\src\utils\passport\/local.js:2:1)
    at asyncGeneratorStep (C:\Users\sun\Desktop\team08 project\team08-project\backend\src\utils\passport\/local.js:2:1)
    at _next (C:\Users\sun\Desktop\team08 project\team08-project\backend\src\utils\passport\/local.js:2:1)
    at C:\Users\sun\Desktop\team08 project\team08-project\backend\src\utils\passport\/local.js:2:1
    at new Promise (<anonymous>)
    at Strategy.<anonymous> (C:\Users\sun\Desktop\team08 project\team08-project\backend\src\utils\passport\/local.js:2:1)
    at Strategy._verify (C:\Users\sun\Desktop\team08 project\team08-project\backend\src\utils\passport\/local.js:38:8)
    at Strategy.authenticate (C:\Users\sun\Desktop\team08 project\team08-project\backend\node_modules\passport-local\lib\strategy.js:90:12)
    at attempt (C:\Users\sun\Desktop\team08 project\team08-project\backend\node_modules\passport\lib\middleware\authenticate.js:369:16)
    at authenticate (C:\Users\sun\Desktop\team08 project\team08-project\backend\node_modules\passport\lib\middleware\authenticate.js:370:7)
    at Layer.handle [as handle_request] (C:\Users\sun\Desktop\team08 project\team08-project\backend\node_modules\express\lib\router\layer.js:95:5)
    at next (C:\Users\sun\Desktop\team08 project\team08-project\backend\node_modules\express\lib\router\route.js:144:13)
    at Route.dispatch (C:\Users\sun\Desktop\team08 project\team08-project\backend\node_modules\express\lib\router\route.js:114:3)
    at Layer.handle [as handle_request] (C:\Users\sun\Desktop\team08 project\team08-project\backend\node_modules\express\lib\router\layer.js:95:5)
    at C:\Users\sun\Desktop\team08 project\team08-project\backend\node_modules\express\lib\router\index.js:284:15
    at Function.process_params (C:\Users\sun\Desktop\team08 project\team08-project\backend\node_modules\express\lib\router\index.js:346:12)
    at next (C:\Users\sun\Desktop\team08 project\team08-project\backend\node_modules\express\lib\router\index.js:280:10)
    at SessionStrategy.strategy.pass (C:\Users\sun\Desktop\team08 project\team08-project\backend\node_modules\passport\lib\middleware\authenticate.js:346:9)
    at SessionStrategy.authenticate (C:\Users\sun\Desktop\team08 project\team08-project\backend\node_modules\passport\lib\strategies\session.js:75:10)
    at attempt (C:\Users\sun\Desktop\team08 project\team08-project\backend\node_modules\passport\lib\middleware\authenticate.js:369:16)
    at authenticate (C:\Users\sun\Desktop\team08 project\team08-project\backend\node_modules\passport\lib\middleware\authenticate.js:370:7)
    at Layer.handle [as handle_request] (C:\Users\sun\Desktop\team08 project\team08-project\backend\node_modules\express\lib\router\layer.js:95:5)
    at trim_prefix (C:\Users\sun\Desktop\team08 project\team08-project\backend\node_modules\express\lib\router\index.js:328:13)
    at C:\Users\sun\Desktop\team08 project\team08-project\backend\node_modules\express\lib\router\index.js:286:9
    at Function.process_params (C:\Users\sun\Desktop\team08 project\team08-project\backend\node_modules\express\lib\router\index.js:346:12)
    at next (C:\Users\sun\Desktop\team08 project\team08-project\backend\node_modules\express\lib\router\index.js:280:10)
    at initialize (C:\Users\sun\Desktop\team08 project\team08-project\backend\node_modules\passport\lib\middleware\initialize.js:98:5)
    at Layer.handle [as handle_request] (C:\Users\sun\Desktop\team08 project\team08-project\backend\node_modules\express\lib\router\layer.js:95:5)
    at trim_prefix (C:\Users\sun\Desktop\team08 project\team08-project\backend\node_modules\express\lib\router\index.js:328:13)
    at C:\Users\sun\Desktop\team08 project\team08-project\backend\node_modules\express\lib\router\index.js:286:9
    at Function.process_params (C:\Users\sun\Desktop\team08 project\team08-project\backend\node_modules\express\lib\router\index.js:346:12)
    at next (C:\Users\sun\Desktop\team08 project\team08-project\backend\node_modules\express\lib\router\index.js:280:10)
    at C:\Users\sun\Desktop\team08 project\team08-project\backend\node_modules\connect-flash\lib\flash.js:21:5
    at Layer.handle [as handle_request] (C:\Users\sun\Desktop\team08 project\team08-project\backend\node_modules\express\lib\router\layer.js:95:5)
    at trim_prefix (C:\Users\sun\Desktop\team08 project\team08-project\backend\node_modules\express\lib\router\index.js:328:13)
    at C:\Users\sun\Desktop\team08 project\team08-project\backend\node_modules\express\lib\router\index.js:286:9
    at Function.process_params (C:\Users\sun\Desktop\team08 project\team08-project\backend\node_modules\express\lib\router\index.js:346:12)
    at next (C:\Users\sun\Desktop\team08 project\team08-project\backend\node_modules\express\lib\router\index.js:280:10)
    at C:\Users\sun\Desktop\team08 project\team08-project\backend\node_modules\express-session\index.js:506:7
    at Query.<anonymous> (C:\Users\sun\Desktop\team08 project\team08-project\backend\node_modules\express-mysql-session\index.js:172:12)
    at Query.<anonymous> (C:\Users\sun\Desktop\team08 project\team08-project\backend\node_modules\underscore\underscore-node-f-pre.js:1206:19)
    at Query.<anonymous> (C:\Users\sun\Desktop\team08 project\team08-project\backend\node_modules\mysql\lib\Connection.js:526:10)
    at Query._callback (C:\Users\sun\Desktop\team08 project\team08-project\backend\node_modules\mysql\lib\Connection.js:488:16)
    at Query.Sequence.end (C:\Users\sun\Desktop\team08 project\team08-project\backend\node_modules\mysql\lib\protocol\sequences\Sequence.js:83:24)
    at Query._handleFinalResultPacket (C:\Users\sun\Desktop\team08 project\team08-project\backend\node_modules\mysql\lib\protocol\sequences\Query.js:149:8)
    at Query.EofPacket (C:\Users\sun\Desktop\team08 project\team08-project\backend\node_modules\mysql\lib\protocol\sequences\Query.js:133:8)
    at Protocol._parsePacket (C:\Users\sun\Desktop\team08 project\team08-project\backend\node_modules\mysql\lib\protocol\Protocol.js:291:23)
2022-11-28 09:08:32 [undefined] error: uncaughtException: User is not defined
ReferenceError: User is not defined
    at _callee$ (C:\Users\sun\Desktop\team08 project\team08-project\backend\src\utils\passport\/local.js:17:58)
    at tryCatch (C:\Users\sun\Desktop\team08 project\team08-project\backend\src\utils\passport\/local.js:2:1)
    at Generator.<anonymous> (C:\Users\sun\Desktop\team08 project\team08-project\backend\src\utils\passport\/local.js:2:1)
    at Generator.next (C:\Users\sun\Desktop\team08 project\team08-project\backend\src\utils\passport\/local.js:2:1)
    at asyncGeneratorStep (C:\Users\sun\Desktop\team08 project\team08-project\backend\src\utils\passport\/local.js:2:1)
    at _next (C:\Users\sun\Desktop\team08 project\team08-project\backend\src\utils\passport\/local.js:2:1)
    at C:\Users\sun\Desktop\team08 project\team08-project\backend\src\utils\passport\/local.js:2:1
    at new Promise (<anonymous>)
    at Strategy.<anonymous> (C:\Users\sun\Desktop\team08 project\team08-project\backend\src\utils\passport\/local.js:2:1)
    at Strategy._verify (C:\Users\sun\Desktop\team08 project\team08-project\backend\src\utils\passport\/local.js:38:8)
    at Strategy.authenticate (C:\Users\sun\Desktop\team08 project\team08-project\backend\node_modules\passport-local\lib\strategy.js:90:12)
    at attempt (C:\Users\sun\Desktop\team08 project\team08-project\backend\node_modules\passport\lib\middleware\authenticate.js:369:16)
    at authenticate (C:\Users\sun\Desktop\team08 project\team08-project\backend\node_modules\passport\lib\middleware\authenticate.js:370:7)
    at Layer.handle [as handle_request] (C:\Users\sun\Desktop\team08 project\team08-project\backend\node_modules\express\lib\router\layer.js:95:5)
    at next (C:\Users\sun\Desktop\team08 project\team08-project\backend\node_modules\express\lib\router\route.js:144:13)
    at Route.dispatch (C:\Users\sun\Desktop\team08 project\team08-project\backend\node_modules\express\lib\router\route.js:114:3)
    at Layer.handle [as handle_request] (C:\Users\sun\Desktop\team08 project\team08-project\backend\node_modules\express\lib\router\layer.js:95:5)
    at C:\Users\sun\Desktop\team08 project\team08-project\backend\node_modules\express\lib\router\index.js:284:15
    at Function.process_params (C:\Users\sun\Desktop\team08 project\team08-project\backend\node_modules\express\lib\router\index.js:346:12)
    at next (C:\Users\sun\Desktop\team08 project\team08-project\backend\node_modules\express\lib\router\index.js:280:10)
    at SessionStrategy.strategy.pass (C:\Users\sun\Desktop\team08 project\team08-project\backend\node_modules\passport\lib\middleware\authenticate.js:346:9)
    at SessionStrategy.authenticate (C:\Users\sun\Desktop\team08 project\team08-project\backend\node_modules\passport\lib\strategies\session.js:75:10)
    at attempt (C:\Users\sun\Desktop\team08 project\team08-project\backend\node_modules\passport\lib\middleware\authenticate.js:369:16)
    at authenticate (C:\Users\sun\Desktop\team08 project\team08-project\backend\node_modules\passport\lib\middleware\authenticate.js:370:7)
    at Layer.handle [as handle_request] (C:\Users\sun\Desktop\team08 project\team08-project\backend\node_modules\express\lib\router\layer.js:95:5)
    at trim_prefix (C:\Users\sun\Desktop\team08 project\team08-project\backend\node_modules\express\lib\router\index.js:328:13)
    at C:\Users\sun\Desktop\team08 project\team08-project\backend\node_modules\express\lib\router\index.js:286:9
    at Function.process_params (C:\Users\sun\Desktop\team08 project\team08-project\backend\node_modules\express\lib\router\index.js:346:12)
    at next (C:\Users\sun\Desktop\team08 project\team08-project\backend\node_modules\express\lib\router\index.js:280:10)
    at initialize (C:\Users\sun\Desktop\team08 project\team08-project\backend\node_modules\passport\lib\middleware\initialize.js:98:5)
    at Layer.handle [as handle_request] (C:\Users\sun\Desktop\team08 project\team08-project\backend\node_modules\express\lib\router\layer.js:95:5)
    at trim_prefix (C:\Users\sun\Desktop\team08 project\team08-project\backend\node_modules\express\lib\router\index.js:328:13)
    at C:\Users\sun\Desktop\team08 project\team08-project\backend\node_modules\express\lib\router\index.js:286:9
    at Function.process_params (C:\Users\sun\Desktop\team08 project\team08-project\backend\node_modules\express\lib\router\index.js:346:12)
    at next (C:\Users\sun\Desktop\team08 project\team08-project\backend\node_modules\express\lib\router\index.js:280:10)
    at C:\Users\sun\Desktop\team08 project\team08-project\backend\node_modules\connect-flash\lib\flash.js:21:5
    at Layer.handle [as handle_request] (C:\Users\sun\Desktop\team08 project\team08-project\backend\node_modules\express\lib\router\layer.js:95:5)
    at trim_prefix (C:\Users\sun\Desktop\team08 project\team08-project\backend\node_modules\express\lib\router\index.js:328:13)
    at C:\Users\sun\Desktop\team08 project\team08-project\backend\node_modules\express\lib\router\index.js:286:9
    at Function.process_params (C:\Users\sun\Desktop\team08 project\team08-project\backend\node_modules\express\lib\router\index.js:346:12)
    at next (C:\Users\sun\Desktop\team08 project\team08-project\backend\node_modules\express\lib\router\index.js:280:10)
    at C:\Users\sun\Desktop\team08 project\team08-project\backend\node_modules\express-session\index.js:506:7
    at Query.<anonymous> (C:\Users\sun\Desktop\team08 project\team08-project\backend\node_modules\express-mysql-session\index.js:172:12)
    at Query.<anonymous> (C:\Users\sun\Desktop\team08 project\team08-project\backend\node_modules\underscore\underscore-node-f-pre.js:1206:19)
    at Query.<anonymous> (C:\Users\sun\Desktop\team08 project\team08-project\backend\node_modules\mysql\lib\Connection.js:526:10)
    at Query._callback (C:\Users\sun\Desktop\team08 project\team08-project\backend\node_modules\mysql\lib\Connection.js:488:16)
    at Query.Sequence.end (C:\Users\sun\Desktop\team08 project\team08-project\backend\node_modules\mysql\lib\protocol\sequences\Sequence.js:83:24)
    at Query._handleFinalResultPacket (C:\Users\sun\Desktop\team08 project\team08-project\backend\node_modules\mysql\lib\protocol\sequences\Query.js:149:8)
    at Query.EofPacket (C:\Users\sun\Desktop\team08 project\team08-project\backend\node_modules\mysql\lib\protocol\sequences\Query.js:133:8)
    at Protocol._parsePacket (C:\Users\sun\Desktop\team08 project\team08-project\backend\node_modules\mysql\lib\protocol\Protocol.js:291:23)
2022-11-28 09:09:21 [undefined] error: uncaughtException: User is not defined
ReferenceError: User is not defined
    at _callee$ (C:\Users\sun\Desktop\team08 project\team08-project\backend\src\utils\passport\/local.js:17:58)
    at tryCatch (C:\Users\sun\Desktop\team08 project\team08-project\backend\src\utils\passport\/local.js:2:1)
    at Generator.<anonymous> (C:\Users\sun\Desktop\team08 project\team08-project\backend\src\utils\passport\/local.js:2:1)
    at Generator.next (C:\Users\sun\Desktop\team08 project\team08-project\backend\src\utils\passport\/local.js:2:1)
    at asyncGeneratorStep (C:\Users\sun\Desktop\team08 project\team08-project\backend\src\utils\passport\/local.js:2:1)
    at _next (C:\Users\sun\Desktop\team08 project\team08-project\backend\src\utils\passport\/local.js:2:1)
    at C:\Users\sun\Desktop\team08 project\team08-project\backend\src\utils\passport\/local.js:2:1
    at new Promise (<anonymous>)
    at Strategy.<anonymous> (C:\Users\sun\Desktop\team08 project\team08-project\backend\src\utils\passport\/local.js:2:1)
    at Strategy._verify (C:\Users\sun\Desktop\team08 project\team08-project\backend\src\utils\passport\/local.js:38:8)
    at Strategy.authenticate (C:\Users\sun\Desktop\team08 project\team08-project\backend\node_modules\passport-local\lib\strategy.js:90:12)
    at attempt (C:\Users\sun\Desktop\team08 project\team08-project\backend\node_modules\passport\lib\middleware\authenticate.js:369:16)
    at authenticate (C:\Users\sun\Desktop\team08 project\team08-project\backend\node_modules\passport\lib\middleware\authenticate.js:370:7)
    at Layer.handle [as handle_request] (C:\Users\sun\Desktop\team08 project\team08-project\backend\node_modules\express\lib\router\layer.js:95:5)
    at next (C:\Users\sun\Desktop\team08 project\team08-project\backend\node_modules\express\lib\router\route.js:144:13)
    at Route.dispatch (C:\Users\sun\Desktop\team08 project\team08-project\backend\node_modules\express\lib\router\route.js:114:3)
    at Layer.handle [as handle_request] (C:\Users\sun\Desktop\team08 project\team08-project\backend\node_modules\express\lib\router\layer.js:95:5)
    at C:\Users\sun\Desktop\team08 project\team08-project\backend\node_modules\express\lib\router\index.js:284:15
    at Function.process_params (C:\Users\sun\Desktop\team08 project\team08-project\backend\node_modules\express\lib\router\index.js:346:12)
    at next (C:\Users\sun\Desktop\team08 project\team08-project\backend\node_modules\express\lib\router\index.js:280:10)
    at SessionStrategy.strategy.pass (C:\Users\sun\Desktop\team08 project\team08-project\backend\node_modules\passport\lib\middleware\authenticate.js:346:9)
    at SessionStrategy.authenticate (C:\Users\sun\Desktop\team08 project\team08-project\backend\node_modules\passport\lib\strategies\session.js:75:10)
    at attempt (C:\Users\sun\Desktop\team08 project\team08-project\backend\node_modules\passport\lib\middleware\authenticate.js:369:16)
    at authenticate (C:\Users\sun\Desktop\team08 project\team08-project\backend\node_modules\passport\lib\middleware\authenticate.js:370:7)
    at Layer.handle [as handle_request] (C:\Users\sun\Desktop\team08 project\team08-project\backend\node_modules\express\lib\router\layer.js:95:5)
    at trim_prefix (C:\Users\sun\Desktop\team08 project\team08-project\backend\node_modules\express\lib\router\index.js:328:13)
    at C:\Users\sun\Desktop\team08 project\team08-project\backend\node_modules\express\lib\router\index.js:286:9
    at Function.process_params (C:\Users\sun\Desktop\team08 project\team08-project\backend\node_modules\express\lib\router\index.js:346:12)
    at next (C:\Users\sun\Desktop\team08 project\team08-project\backend\node_modules\express\lib\router\index.js:280:10)
    at initialize (C:\Users\sun\Desktop\team08 project\team08-project\backend\node_modules\passport\lib\middleware\initialize.js:98:5)
    at Layer.handle [as handle_request] (C:\Users\sun\Desktop\team08 project\team08-project\backend\node_modules\express\lib\router\layer.js:95:5)
    at trim_prefix (C:\Users\sun\Desktop\team08 project\team08-project\backend\node_modules\express\lib\router\index.js:328:13)
    at C:\Users\sun\Desktop\team08 project\team08-project\backend\node_modules\express\lib\router\index.js:286:9
    at Function.process_params (C:\Users\sun\Desktop\team08 project\team08-project\backend\node_modules\express\lib\router\index.js:346:12)
    at next (C:\Users\sun\Desktop\team08 project\team08-project\backend\node_modules\express\lib\router\index.js:280:10)
    at C:\Users\sun\Desktop\team08 project\team08-project\backend\node_modules\connect-flash\lib\flash.js:21:5
    at Layer.handle [as handle_request] (C:\Users\sun\Desktop\team08 project\team08-project\backend\node_modules\express\lib\router\layer.js:95:5)
    at trim_prefix (C:\Users\sun\Desktop\team08 project\team08-project\backend\node_modules\express\lib\router\index.js:328:13)
    at C:\Users\sun\Desktop\team08 project\team08-project\backend\node_modules\express\lib\router\index.js:286:9
    at Function.process_params (C:\Users\sun\Desktop\team08 project\team08-project\backend\node_modules\express\lib\router\index.js:346:12)
    at next (C:\Users\sun\Desktop\team08 project\team08-project\backend\node_modules\express\lib\router\index.js:280:10)
    at C:\Users\sun\Desktop\team08 project\team08-project\backend\node_modules\express-session\index.js:506:7
    at Query.<anonymous> (C:\Users\sun\Desktop\team08 project\team08-project\backend\node_modules\express-mysql-session\index.js:172:12)
    at Query.<anonymous> (C:\Users\sun\Desktop\team08 project\team08-project\backend\node_modules\underscore\underscore-node-f-pre.js:1206:19)
    at Query.<anonymous> (C:\Users\sun\Desktop\team08 project\team08-project\backend\node_modules\mysql\lib\Connection.js:526:10)
    at Query._callback (C:\Users\sun\Desktop\team08 project\team08-project\backend\node_modules\mysql\lib\Connection.js:488:16)
    at Query.Sequence.end (C:\Users\sun\Desktop\team08 project\team08-project\backend\node_modules\mysql\lib\protocol\sequences\Sequence.js:83:24)
    at Query._handleFinalResultPacket (C:\Users\sun\Desktop\team08 project\team08-project\backend\node_modules\mysql\lib\protocol\sequences\Query.js:149:8)
    at Query.EofPacket (C:\Users\sun\Desktop\team08 project\team08-project\backend\node_modules\mysql\lib\protocol\sequences\Query.js:133:8)
    at Protocol._parsePacket (C:\Users\sun\Desktop\team08 project\team08-project\backend\node_modules\mysql\lib\protocol\Protocol.js:291:23)
2022-11-28 09:10:00 [undefined] error: uncaughtException: passport.authenticate is not a function
TypeError: passport.authenticate is not a function
    at Object.<anonymous> (C:\Users\sun\Desktop\team08 project\team08-project\backend\/app.js:65:12)
    at Module._compile (node:internal/modules/cjs/loader:1126:14)
    at Module._compile (C:\Users\sun\Desktop\team08 project\team08-project\backend\node_modules\pirates\lib\index.js:136:24)
    at Module._extensions..js (node:internal/modules/cjs/loader:1180:10)
    at Object.newLoader [as .js] (C:\Users\sun\Desktop\team08 project\team08-project\backend\node_modules\pirates\lib\index.js:141:7)
    at Module.load (node:internal/modules/cjs/loader:1004:32)
    at Function.Module._load (node:internal/modules/cjs/loader:839:12)
    at Function.runMain (node:internal/modules/run_main:81:12)
    at Object.<anonymous> (C:\Users\sun\Desktop\team08 project\team08-project\backend\node_modules\@babel\node\src\_babel-node.ts:214:12)
    at Module._compile (node:internal/modules/cjs/loader:1126:14)
    at Object.Module._extensions..js (node:internal/modules/cjs/loader:1180:10)
    at Module.load (node:internal/modules/cjs/loader:1004:32)
    at Function.Module._load (node:internal/modules/cjs/loader:839:12)
    at Function.executeUserEntryPoint [as runMain] (node:internal/modules/run_main:81:12)
    at node:internal/main/run_main_module:17:47
2022-11-28 09:10:13 [undefined] error: uncaughtException: passport.authenticate is not a function
TypeError: passport.authenticate is not a function
    at Object.<anonymous> (C:\Users\sun\Desktop\team08 project\team08-project\backend\/app.js:65:12)
    at Module._compile (node:internal/modules/cjs/loader:1126:14)
    at Module._compile (C:\Users\sun\Desktop\team08 project\team08-project\backend\node_modules\pirates\lib\index.js:136:24)
    at Module._extensions..js (node:internal/modules/cjs/loader:1180:10)
    at Object.newLoader [as .js] (C:\Users\sun\Desktop\team08 project\team08-project\backend\node_modules\pirates\lib\index.js:141:7)
    at Module.load (node:internal/modules/cjs/loader:1004:32)
    at Function.Module._load (node:internal/modules/cjs/loader:839:12)
    at Function.runMain (node:internal/modules/run_main:81:12)
    at Object.<anonymous> (C:\Users\sun\Desktop\team08 project\team08-project\backend\node_modules\@babel\node\src\_babel-node.ts:214:12)
    at Module._compile (node:internal/modules/cjs/loader:1126:14)
    at Object.Module._extensions..js (node:internal/modules/cjs/loader:1180:10)
    at Module.load (node:internal/modules/cjs/loader:1004:32)
    at Function.Module._load (node:internal/modules/cjs/loader:839:12)
    at Function.executeUserEntryPoint [as runMain] (node:internal/modules/run_main:81:12)
    at node:internal/main/run_main_module:17:47
2022-11-28 09:11:37 [undefined] error: uncaughtException: User is not defined
ReferenceError: User is not defined
    at _callee$ (C:\Users\sun\Desktop\team08 project\team08-project\backend\src\utils\passport\/local.js:17:58)
    at tryCatch (C:\Users\sun\Desktop\team08 project\team08-project\backend\src\utils\passport\/local.js:2:1)
    at Generator.<anonymous> (C:\Users\sun\Desktop\team08 project\team08-project\backend\src\utils\passport\/local.js:2:1)
    at Generator.next (C:\Users\sun\Desktop\team08 project\team08-project\backend\src\utils\passport\/local.js:2:1)
    at asyncGeneratorStep (C:\Users\sun\Desktop\team08 project\team08-project\backend\src\utils\passport\/local.js:2:1)
    at _next (C:\Users\sun\Desktop\team08 project\team08-project\backend\src\utils\passport\/local.js:2:1)
    at C:\Users\sun\Desktop\team08 project\team08-project\backend\src\utils\passport\/local.js:2:1
    at new Promise (<anonymous>)
    at Strategy.<anonymous> (C:\Users\sun\Desktop\team08 project\team08-project\backend\src\utils\passport\/local.js:2:1)
    at Strategy._verify (C:\Users\sun\Desktop\team08 project\team08-project\backend\src\utils\passport\/local.js:38:8)
    at Strategy.authenticate (C:\Users\sun\Desktop\team08 project\team08-project\backend\node_modules\passport-local\lib\strategy.js:90:12)
    at attempt (C:\Users\sun\Desktop\team08 project\team08-project\backend\node_modules\passport\lib\middleware\authenticate.js:369:16)
    at authenticate (C:\Users\sun\Desktop\team08 project\team08-project\backend\node_modules\passport\lib\middleware\authenticate.js:370:7)
    at Layer.handle [as handle_request] (C:\Users\sun\Desktop\team08 project\team08-project\backend\node_modules\express\lib\router\layer.js:95:5)
    at next (C:\Users\sun\Desktop\team08 project\team08-project\backend\node_modules\express\lib\router\route.js:144:13)
    at Route.dispatch (C:\Users\sun\Desktop\team08 project\team08-project\backend\node_modules\express\lib\router\route.js:114:3)
    at Layer.handle [as handle_request] (C:\Users\sun\Desktop\team08 project\team08-project\backend\node_modules\express\lib\router\layer.js:95:5)
    at C:\Users\sun\Desktop\team08 project\team08-project\backend\node_modules\express\lib\router\index.js:284:15
    at Function.process_params (C:\Users\sun\Desktop\team08 project\team08-project\backend\node_modules\express\lib\router\index.js:346:12)
    at next (C:\Users\sun\Desktop\team08 project\team08-project\backend\node_modules\express\lib\router\index.js:280:10)
    at SessionStrategy.strategy.pass (C:\Users\sun\Desktop\team08 project\team08-project\backend\node_modules\passport\lib\middleware\authenticate.js:346:9)
    at SessionStrategy.authenticate (C:\Users\sun\Desktop\team08 project\team08-project\backend\node_modules\passport\lib\strategies\session.js:75:10)
    at attempt (C:\Users\sun\Desktop\team08 project\team08-project\backend\node_modules\passport\lib\middleware\authenticate.js:369:16)
    at authenticate (C:\Users\sun\Desktop\team08 project\team08-project\backend\node_modules\passport\lib\middleware\authenticate.js:370:7)
    at Layer.handle [as handle_request] (C:\Users\sun\Desktop\team08 project\team08-project\backend\node_modules\express\lib\router\layer.js:95:5)
    at trim_prefix (C:\Users\sun\Desktop\team08 project\team08-project\backend\node_modules\express\lib\router\index.js:328:13)
    at C:\Users\sun\Desktop\team08 project\team08-project\backend\node_modules\express\lib\router\index.js:286:9
    at Function.process_params (C:\Users\sun\Desktop\team08 project\team08-project\backend\node_modules\express\lib\router\index.js:346:12)
    at next (C:\Users\sun\Desktop\team08 project\team08-project\backend\node_modules\express\lib\router\index.js:280:10)
    at initialize (C:\Users\sun\Desktop\team08 project\team08-project\backend\node_modules\passport\lib\middleware\initialize.js:98:5)
    at Layer.handle [as handle_request] (C:\Users\sun\Desktop\team08 project\team08-project\backend\node_modules\express\lib\router\layer.js:95:5)
    at trim_prefix (C:\Users\sun\Desktop\team08 project\team08-project\backend\node_modules\express\lib\router\index.js:328:13)
    at C:\Users\sun\Desktop\team08 project\team08-project\backend\node_modules\express\lib\router\index.js:286:9
    at Function.process_params (C:\Users\sun\Desktop\team08 project\team08-project\backend\node_modules\express\lib\router\index.js:346:12)
    at next (C:\Users\sun\Desktop\team08 project\team08-project\backend\node_modules\express\lib\router\index.js:280:10)
    at C:\Users\sun\Desktop\team08 project\team08-project\backend\node_modules\connect-flash\lib\flash.js:21:5
    at Layer.handle [as handle_request] (C:\Users\sun\Desktop\team08 project\team08-project\backend\node_modules\express\lib\router\layer.js:95:5)
    at trim_prefix (C:\Users\sun\Desktop\team08 project\team08-project\backend\node_modules\express\lib\router\index.js:328:13)
    at C:\Users\sun\Desktop\team08 project\team08-project\backend\node_modules\express\lib\router\index.js:286:9
    at Function.process_params (C:\Users\sun\Desktop\team08 project\team08-project\backend\node_modules\express\lib\router\index.js:346:12)
    at next (C:\Users\sun\Desktop\team08 project\team08-project\backend\node_modules\express\lib\router\index.js:280:10)
    at C:\Users\sun\Desktop\team08 project\team08-project\backend\node_modules\express-session\index.js:506:7
    at Query.<anonymous> (C:\Users\sun\Desktop\team08 project\team08-project\backend\node_modules\express-mysql-session\index.js:172:12)
    at Query.<anonymous> (C:\Users\sun\Desktop\team08 project\team08-project\backend\node_modules\underscore\underscore-node-f-pre.js:1206:19)
    at Query.<anonymous> (C:\Users\sun\Desktop\team08 project\team08-project\backend\node_modules\mysql\lib\Connection.js:526:10)
    at Query._callback (C:\Users\sun\Desktop\team08 project\team08-project\backend\node_modules\mysql\lib\Connection.js:488:16)
    at Query.Sequence.end (C:\Users\sun\Desktop\team08 project\team08-project\backend\node_modules\mysql\lib\protocol\sequences\Sequence.js:83:24)
    at Query._handleFinalResultPacket (C:\Users\sun\Desktop\team08 project\team08-project\backend\node_modules\mysql\lib\protocol\sequences\Query.js:149:8)
    at Query.EofPacket (C:\Users\sun\Desktop\team08 project\team08-project\backend\node_modules\mysql\lib\protocol\sequences\Query.js:133:8)
    at Protocol._parsePacket (C:\Users\sun\Desktop\team08 project\team08-project\backend\node_modules\mysql\lib\protocol\Protocol.js:291:23)
2022-11-28 09:14:06 [undefined] error: uncaughtException: (0 , _local.default) is not a function
TypeError: (0 , _local.default) is not a function
    at module.exports (C:\Users\sun\Desktop\team08 project\team08-project\backend\src\utils\passport\/passport.js:30:8)
    at Object.<anonymous> (C:\Users\sun\Desktop\team08 project\team08-project\backend\/app.js:61:31)
    at Module._compile (node:internal/modules/cjs/loader:1126:14)
    at Module._compile (C:\Users\sun\Desktop\team08 project\team08-project\backend\node_modules\pirates\lib\index.js:136:24)
    at Module._extensions..js (node:internal/modules/cjs/loader:1180:10)
    at Object.newLoader [as .js] (C:\Users\sun\Desktop\team08 project\team08-project\backend\node_modules\pirates\lib\index.js:141:7)
    at Module.load (node:internal/modules/cjs/loader:1004:32)
    at Function.Module._load (node:internal/modules/cjs/loader:839:12)
    at Function.runMain (node:internal/modules/run_main:81:12)
    at Object.<anonymous> (C:\Users\sun\Desktop\team08 project\team08-project\backend\node_modules\@babel\node\src\_babel-node.ts:214:12)
    at Module._compile (node:internal/modules/cjs/loader:1126:14)
    at Object.Module._extensions..js (node:internal/modules/cjs/loader:1180:10)
    at Module.load (node:internal/modules/cjs/loader:1004:32)
    at Function.Module._load (node:internal/modules/cjs/loader:839:12)
    at Function.executeUserEntryPoint [as runMain] (node:internal/modules/run_main:81:12)
    at node:internal/main/run_main_module:17:47
2022-11-28 09:15:27 [undefined] error: uncaughtException: (0 , _local.default) is not a function
TypeError: (0 , _local.default) is not a function
    at module.exports (C:\Users\sun\Desktop\team08 project\team08-project\backend\src\utils\passport\/passport.js:30:8)
    at Object.<anonymous> (C:\Users\sun\Desktop\team08 project\team08-project\backend\/app.js:61:31)
    at Module._compile (node:internal/modules/cjs/loader:1126:14)
    at Module._compile (C:\Users\sun\Desktop\team08 project\team08-project\backend\node_modules\pirates\lib\index.js:136:24)
    at Module._extensions..js (node:internal/modules/cjs/loader:1180:10)
    at Object.newLoader [as .js] (C:\Users\sun\Desktop\team08 project\team08-project\backend\node_modules\pirates\lib\index.js:141:7)
    at Module.load (node:internal/modules/cjs/loader:1004:32)
    at Function.Module._load (node:internal/modules/cjs/loader:839:12)
    at Function.runMain (node:internal/modules/run_main:81:12)
    at Object.<anonymous> (C:\Users\sun\Desktop\team08 project\team08-project\backend\node_modules\@babel\node\src\_babel-node.ts:214:12)
    at Module._compile (node:internal/modules/cjs/loader:1126:14)
    at Object.Module._extensions..js (node:internal/modules/cjs/loader:1180:10)
    at Module.load (node:internal/modules/cjs/loader:1004:32)
    at Function.Module._load (node:internal/modules/cjs/loader:839:12)
    at Function.executeUserEntryPoint [as runMain] (node:internal/modules/run_main:81:12)
    at node:internal/main/run_main_module:17:47
2022-11-28 09:16:13 [undefined] error: uncaughtException: (0 , _local.default) is not a function
TypeError: (0 , _local.default) is not a function
    at module.exports (C:\Users\sun\Desktop\team08 project\team08-project\backend\src\utils\passport\/passport.js:30:30)
    at Object.<anonymous> (C:\Users\sun\Desktop\team08 project\team08-project\backend\/app.js:61:31)
    at Module._compile (node:internal/modules/cjs/loader:1126:14)
    at Module._compile (C:\Users\sun\Desktop\team08 project\team08-project\backend\node_modules\pirates\lib\index.js:136:24)
    at Module._extensions..js (node:internal/modules/cjs/loader:1180:10)
    at Object.newLoader [as .js] (C:\Users\sun\Desktop\team08 project\team08-project\backend\node_modules\pirates\lib\index.js:141:7)
    at Module.load (node:internal/modules/cjs/loader:1004:32)
    at Function.Module._load (node:internal/modules/cjs/loader:839:12)
    at Function.runMain (node:internal/modules/run_main:81:12)
    at Object.<anonymous> (C:\Users\sun\Desktop\team08 project\team08-project\backend\node_modules\@babel\node\src\_babel-node.ts:214:12)
    at Module._compile (node:internal/modules/cjs/loader:1126:14)
    at Object.Module._extensions..js (node:internal/modules/cjs/loader:1180:10)
    at Module.load (node:internal/modules/cjs/loader:1004:32)
    at Function.Module._load (node:internal/modules/cjs/loader:839:12)
    at Function.executeUserEntryPoint [as runMain] (node:internal/modules/run_main:81:12)
    at node:internal/main/run_main_module:17:47
2022-11-28 09:16:32 [undefined] error: uncaughtException: (0 , _local.default) is not a function
TypeError: (0 , _local.default) is not a function
    at module.exports (C:\Users\sun\Desktop\team08 project\team08-project\backend\src\utils\passport\/passport.js:30:8)
    at Object.<anonymous> (C:\Users\sun\Desktop\team08 project\team08-project\backend\/app.js:61:31)
    at Module._compile (node:internal/modules/cjs/loader:1126:14)
    at Module._compile (C:\Users\sun\Desktop\team08 project\team08-project\backend\node_modules\pirates\lib\index.js:136:24)
    at Module._extensions..js (node:internal/modules/cjs/loader:1180:10)
    at Object.newLoader [as .js] (C:\Users\sun\Desktop\team08 project\team08-project\backend\node_modules\pirates\lib\index.js:141:7)
    at Module.load (node:internal/modules/cjs/loader:1004:32)
    at Function.Module._load (node:internal/modules/cjs/loader:839:12)
    at Function.runMain (node:internal/modules/run_main:81:12)
    at Object.<anonymous> (C:\Users\sun\Desktop\team08 project\team08-project\backend\node_modules\@babel\node\src\_babel-node.ts:214:12)
    at Module._compile (node:internal/modules/cjs/loader:1126:14)
    at Object.Module._extensions..js (node:internal/modules/cjs/loader:1180:10)
    at Module.load (node:internal/modules/cjs/loader:1004:32)
    at Function.Module._load (node:internal/modules/cjs/loader:839:12)
    at Function.executeUserEntryPoint [as runMain] (node:internal/modules/run_main:81:12)
    at node:internal/main/run_main_module:17:47
2022-11-28 09:18:27 [undefined] error: uncaughtException: (0 , _local.default) is not a function
TypeError: (0 , _local.default) is not a function
    at module.exports (C:\Users\sun\Desktop\team08 project\team08-project\backend\src\utils\passport\/passport.js:30:8)
    at Object.<anonymous> (C:\Users\sun\Desktop\team08 project\team08-project\backend\/app.js:61:31)
    at Module._compile (node:internal/modules/cjs/loader:1126:14)
    at Module._compile (C:\Users\sun\Desktop\team08 project\team08-project\backend\node_modules\pirates\lib\index.js:136:24)
    at Module._extensions..js (node:internal/modules/cjs/loader:1180:10)
    at Object.newLoader [as .js] (C:\Users\sun\Desktop\team08 project\team08-project\backend\node_modules\pirates\lib\index.js:141:7)
    at Module.load (node:internal/modules/cjs/loader:1004:32)
    at Function.Module._load (node:internal/modules/cjs/loader:839:12)
    at Function.runMain (node:internal/modules/run_main:81:12)
    at Object.<anonymous> (C:\Users\sun\Desktop\team08 project\team08-project\backend\node_modules\@babel\node\src\_babel-node.ts:214:12)
    at Module._compile (node:internal/modules/cjs/loader:1126:14)
    at Object.Module._extensions..js (node:internal/modules/cjs/loader:1180:10)
    at Module.load (node:internal/modules/cjs/loader:1004:32)
    at Function.Module._load (node:internal/modules/cjs/loader:839:12)
    at Function.executeUserEntryPoint [as runMain] (node:internal/modules/run_main:81:12)
    at node:internal/main/run_main_module:17:47
2022-11-28 09:19:07 [undefined] error: uncaughtException: (0 , _local.default) is not a function
TypeError: (0 , _local.default) is not a function
    at module.exports (C:\Users\sun\Desktop\team08 project\team08-project\backend\src\utils\passport\/passport.js:30:8)
    at Object.<anonymous> (C:\Users\sun\Desktop\team08 project\team08-project\backend\/app.js:61:31)
    at Module._compile (node:internal/modules/cjs/loader:1126:14)
    at Module._compile (C:\Users\sun\Desktop\team08 project\team08-project\backend\node_modules\pirates\lib\index.js:136:24)
    at Module._extensions..js (node:internal/modules/cjs/loader:1180:10)
    at Object.newLoader [as .js] (C:\Users\sun\Desktop\team08 project\team08-project\backend\node_modules\pirates\lib\index.js:141:7)
    at Module.load (node:internal/modules/cjs/loader:1004:32)
    at Function.Module._load (node:internal/modules/cjs/loader:839:12)
    at Function.runMain (node:internal/modules/run_main:81:12)
    at Object.<anonymous> (C:\Users\sun\Desktop\team08 project\team08-project\backend\node_modules\@babel\node\src\_babel-node.ts:214:12)
    at Module._compile (node:internal/modules/cjs/loader:1126:14)
    at Object.Module._extensions..js (node:internal/modules/cjs/loader:1180:10)
    at Module.load (node:internal/modules/cjs/loader:1004:32)
    at Function.Module._load (node:internal/modules/cjs/loader:839:12)
    at Function.executeUserEntryPoint [as runMain] (node:internal/modules/run_main:81:12)
    at node:internal/main/run_main_module:17:47
2022-11-28 09:19:41 [undefined] error: uncaughtException: (0 , _local.default) is not a function
TypeError: (0 , _local.default) is not a function
    at module.exports (C:\Users\sun\Desktop\team08 project\team08-project\backend\src\utils\passport\/passport.js:30:8)
    at Object.<anonymous> (C:\Users\sun\Desktop\team08 project\team08-project\backend\/app.js:61:31)
    at Module._compile (node:internal/modules/cjs/loader:1126:14)
    at Module._compile (C:\Users\sun\Desktop\team08 project\team08-project\backend\node_modules\pirates\lib\index.js:136:24)
    at Module._extensions..js (node:internal/modules/cjs/loader:1180:10)
    at Object.newLoader [as .js] (C:\Users\sun\Desktop\team08 project\team08-project\backend\node_modules\pirates\lib\index.js:141:7)
    at Module.load (node:internal/modules/cjs/loader:1004:32)
    at Function.Module._load (node:internal/modules/cjs/loader:839:12)
    at Function.runMain (node:internal/modules/run_main:81:12)
    at Object.<anonymous> (C:\Users\sun\Desktop\team08 project\team08-project\backend\node_modules\@babel\node\src\_babel-node.ts:214:12)
    at Module._compile (node:internal/modules/cjs/loader:1126:14)
    at Object.Module._extensions..js (node:internal/modules/cjs/loader:1180:10)
    at Module.load (node:internal/modules/cjs/loader:1004:32)
    at Function.Module._load (node:internal/modules/cjs/loader:839:12)
    at Function.executeUserEntryPoint [as runMain] (node:internal/modules/run_main:81:12)
    at node:internal/main/run_main_module:17:47
2022-11-28 09:20:06 [undefined] error: uncaughtException: (0 , _local.default) is not a function
TypeError: (0 , _local.default) is not a function
    at module.exports (C:\Users\sun\Desktop\team08 project\team08-project\backend\src\utils\passport\/passport.js:30:8)
    at Object.<anonymous> (C:\Users\sun\Desktop\team08 project\team08-project\backend\/app.js:61:31)
    at Module._compile (node:internal/modules/cjs/loader:1126:14)
    at Module._compile (C:\Users\sun\Desktop\team08 project\team08-project\backend\node_modules\pirates\lib\index.js:136:24)
    at Module._extensions..js (node:internal/modules/cjs/loader:1180:10)
    at Object.newLoader [as .js] (C:\Users\sun\Desktop\team08 project\team08-project\backend\node_modules\pirates\lib\index.js:141:7)
    at Module.load (node:internal/modules/cjs/loader:1004:32)
    at Function.Module._load (node:internal/modules/cjs/loader:839:12)
    at Function.runMain (node:internal/modules/run_main:81:12)
    at Object.<anonymous> (C:\Users\sun\Desktop\team08 project\team08-project\backend\node_modules\@babel\node\src\_babel-node.ts:214:12)
    at Module._compile (node:internal/modules/cjs/loader:1126:14)
    at Object.Module._extensions..js (node:internal/modules/cjs/loader:1180:10)
    at Module.load (node:internal/modules/cjs/loader:1004:32)
    at Function.Module._load (node:internal/modules/cjs/loader:839:12)
    at Function.executeUserEntryPoint [as runMain] (node:internal/modules/run_main:81:12)
    at node:internal/main/run_main_module:17:47
2022-11-28 09:20:48 [undefined] error: uncaughtException: (0 , _local.default) is not a function
TypeError: (0 , _local.default) is not a function
    at module.exports (C:\Users\sun\Desktop\team08 project\team08-project\backend\src\utils\passport\/passport.js:30:8)
    at Object.<anonymous> (C:\Users\sun\Desktop\team08 project\team08-project\backend\/app.js:61:31)
    at Module._compile (node:internal/modules/cjs/loader:1126:14)
    at Module._compile (C:\Users\sun\Desktop\team08 project\team08-project\backend\node_modules\pirates\lib\index.js:136:24)
    at Module._extensions..js (node:internal/modules/cjs/loader:1180:10)
    at Object.newLoader [as .js] (C:\Users\sun\Desktop\team08 project\team08-project\backend\node_modules\pirates\lib\index.js:141:7)
    at Module.load (node:internal/modules/cjs/loader:1004:32)
    at Function.Module._load (node:internal/modules/cjs/loader:839:12)
    at Function.runMain (node:internal/modules/run_main:81:12)
    at Object.<anonymous> (C:\Users\sun\Desktop\team08 project\team08-project\backend\node_modules\@babel\node\src\_babel-node.ts:214:12)
    at Module._compile (node:internal/modules/cjs/loader:1126:14)
    at Object.Module._extensions..js (node:internal/modules/cjs/loader:1180:10)
    at Module.load (node:internal/modules/cjs/loader:1004:32)
    at Function.Module._load (node:internal/modules/cjs/loader:839:12)
    at Function.executeUserEntryPoint [as runMain] (node:internal/modules/run_main:81:12)
    at node:internal/main/run_main_module:17:47
2022-11-28 10:16:34 [undefined] error: uncaughtException: authenticateJWT is not defined
ReferenceError: authenticateJWT is not defined
    at Object.<anonymous> (C:\Users\sun\Desktop\team08 project\team08-project\backend\/app.js:74:9)
    at Module._compile (node:internal/modules/cjs/loader:1126:14)
    at Module._compile (C:\Users\sun\Desktop\team08 project\team08-project\backend\node_modules\pirates\lib\index.js:136:24)
    at Module._extensions..js (node:internal/modules/cjs/loader:1180:10)
    at Object.newLoader [as .js] (C:\Users\sun\Desktop\team08 project\team08-project\backend\node_modules\pirates\lib\index.js:141:7)
    at Module.load (node:internal/modules/cjs/loader:1004:32)
    at Function.Module._load (node:internal/modules/cjs/loader:839:12)
    at Function.runMain (node:internal/modules/run_main:81:12)
    at Object.<anonymous> (C:\Users\sun\Desktop\team08 project\team08-project\backend\node_modules\@babel\node\src\_babel-node.ts:214:12)
    at Module._compile (node:internal/modules/cjs/loader:1126:14)
    at Object.Module._extensions..js (node:internal/modules/cjs/loader:1180:10)
    at Module.load (node:internal/modules/cjs/loader:1004:32)
    at Function.Module._load (node:internal/modules/cjs/loader:839:12)
    at Function.executeUserEntryPoint [as runMain] (node:internal/modules/run_main:81:12)
    at node:internal/main/run_main_module:17:47
2022-11-28 12:30:34 [undefined] error: uncaughtException: dotenv is not defined
ReferenceError: dotenv is not defined
    at Object.<anonymous> (C:\Users\sun\Desktop\team08 project\team08-project\backend\src\middlewares\/addImage.js:6:1)
    at Module._compile (node:internal/modules/cjs/loader:1126:14)
    at Module._compile (C:\Users\sun\Desktop\team08 project\team08-project\backend\node_modules\pirates\lib\index.js:136:24)
    at Module._extensions..js (node:internal/modules/cjs/loader:1180:10)
    at Object.newLoader [as .js] (C:\Users\sun\Desktop\team08 project\team08-project\backend\node_modules\pirates\lib\index.js:141:7)
    at Module.load (node:internal/modules/cjs/loader:1004:32)
    at Function.Module._load (node:internal/modules/cjs/loader:839:12)
    at Module.require (node:internal/modules/cjs/loader:1028:19)
    at require (node:internal/modules/cjs/helpers:102:18)
    at Object.<anonymous> (C:\Users\sun\Desktop\team08 project\team08-project\backend\src\routes\/user.router.js:5:1)
    at Module._compile (node:internal/modules/cjs/loader:1126:14)
    at Module._compile (C:\Users\sun\Desktop\team08 project\team08-project\backend\node_modules\pirates\lib\index.js:136:24)
    at Module._extensions..js (node:internal/modules/cjs/loader:1180:10)
    at Object.newLoader [as .js] (C:\Users\sun\Desktop\team08 project\team08-project\backend\node_modules\pirates\lib\index.js:141:7)
    at Module.load (node:internal/modules/cjs/loader:1004:32)
    at Function.Module._load (node:internal/modules/cjs/loader:839:12)
    at Module.require (node:internal/modules/cjs/loader:1028:19)
    at require (node:internal/modules/cjs/helpers:102:18)
    at Object.<anonymous> (C:\Users\sun\Desktop\team08 project\team08-project\backend\/app.js:18:1)
    at Module._compile (node:internal/modules/cjs/loader:1126:14)
    at Module._compile (C:\Users\sun\Desktop\team08 project\team08-project\backend\node_modules\pirates\lib\index.js:136:24)
    at Module._extensions..js (node:internal/modules/cjs/loader:1180:10)
    at Object.newLoader [as .js] (C:\Users\sun\Desktop\team08 project\team08-project\backend\node_modules\pirates\lib\index.js:141:7)
    at Module.load (node:internal/modules/cjs/loader:1004:32)
    at Function.Module._load (node:internal/modules/cjs/loader:839:12)
    at Function.runMain (node:internal/modules/run_main:81:12)
    at Object.<anonymous> (C:\Users\sun\Desktop\team08 project\team08-project\backend\node_modules\@babel\node\src\_babel-node.ts:214:12)
    at Module._compile (node:internal/modules/cjs/loader:1126:14)
    at Object.Module._extensions..js (node:internal/modules/cjs/loader:1180:10)
    at Module.load (node:internal/modules/cjs/loader:1004:32)
    at Function.Module._load (node:internal/modules/cjs/loader:839:12)
    at Function.executeUserEntryPoint [as runMain] (node:internal/modules/run_main:81:12)
    at node:internal/main/run_main_module:17:47
2022-11-28 12:34:31 [undefined] error: uncaughtException: dotenv is not defined
ReferenceError: dotenv is not defined
    at Object.<anonymous> (C:\Users\sun\Desktop\team08 project\team08-project\backend\src\middlewares\/uploadImageS3.js:6:1)
    at Module._compile (node:internal/modules/cjs/loader:1126:14)
    at Module._compile (C:\Users\sun\Desktop\team08 project\team08-project\backend\node_modules\pirates\lib\index.js:136:24)
    at Module._extensions..js (node:internal/modules/cjs/loader:1180:10)
    at Object.newLoader [as .js] (C:\Users\sun\Desktop\team08 project\team08-project\backend\node_modules\pirates\lib\index.js:141:7)
    at Module.load (node:internal/modules/cjs/loader:1004:32)
    at Function.Module._load (node:internal/modules/cjs/loader:839:12)
    at Module.require (node:internal/modules/cjs/loader:1028:19)
    at require (node:internal/modules/cjs/helpers:102:18)
    at Object.<anonymous> (C:\Users\sun\Desktop\team08 project\team08-project\backend\src\routes\/user.router.js:5:1)
    at Module._compile (node:internal/modules/cjs/loader:1126:14)
    at Module._compile (C:\Users\sun\Desktop\team08 project\team08-project\backend\node_modules\pirates\lib\index.js:136:24)
    at Module._extensions..js (node:internal/modules/cjs/loader:1180:10)
    at Object.newLoader [as .js] (C:\Users\sun\Desktop\team08 project\team08-project\backend\node_modules\pirates\lib\index.js:141:7)
    at Module.load (node:internal/modules/cjs/loader:1004:32)
    at Function.Module._load (node:internal/modules/cjs/loader:839:12)
    at Module.require (node:internal/modules/cjs/loader:1028:19)
    at require (node:internal/modules/cjs/helpers:102:18)
    at Object.<anonymous> (C:\Users\sun\Desktop\team08 project\team08-project\backend\/app.js:18:1)
    at Module._compile (node:internal/modules/cjs/loader:1126:14)
    at Module._compile (C:\Users\sun\Desktop\team08 project\team08-project\backend\node_modules\pirates\lib\index.js:136:24)
    at Module._extensions..js (node:internal/modules/cjs/loader:1180:10)
    at Object.newLoader [as .js] (C:\Users\sun\Desktop\team08 project\team08-project\backend\node_modules\pirates\lib\index.js:141:7)
    at Module.load (node:internal/modules/cjs/loader:1004:32)
    at Function.Module._load (node:internal/modules/cjs/loader:839:12)
    at Function.runMain (node:internal/modules/run_main:81:12)
    at Object.<anonymous> (C:\Users\sun\Desktop\team08 project\team08-project\backend\node_modules\@babel\node\src\_babel-node.ts:214:12)
    at Module._compile (node:internal/modules/cjs/loader:1126:14)
    at Object.Module._extensions..js (node:internal/modules/cjs/loader:1180:10)
    at Module.load (node:internal/modules/cjs/loader:1004:32)
    at Function.Module._load (node:internal/modules/cjs/loader:839:12)
    at Function.executeUserEntryPoint [as runMain] (node:internal/modules/run_main:81:12)
    at node:internal/main/run_main_module:17:47
2022-11-28 12:36:04 [undefined] error: uncaughtException: dotenv is not defined
ReferenceError: dotenv is not defined
    at Object.<anonymous> (C:\Users\sun\Desktop\team08 project\team08-project\backend\src\middlewares\/uploadImageS3.js:6:1)
    at Module._compile (node:internal/modules/cjs/loader:1126:14)
    at Module._compile (C:\Users\sun\Desktop\team08 project\team08-project\backend\node_modules\pirates\lib\index.js:136:24)
    at Module._extensions..js (node:internal/modules/cjs/loader:1180:10)
    at Object.newLoader [as .js] (C:\Users\sun\Desktop\team08 project\team08-project\backend\node_modules\pirates\lib\index.js:141:7)
    at Module.load (node:internal/modules/cjs/loader:1004:32)
    at Function.Module._load (node:internal/modules/cjs/loader:839:12)
    at Module.require (node:internal/modules/cjs/loader:1028:19)
    at require (node:internal/modules/cjs/helpers:102:18)
    at Object.<anonymous> (C:\Users\sun\Desktop\team08 project\team08-project\backend\src\routes\/user.router.js:5:1)
    at Module._compile (node:internal/modules/cjs/loader:1126:14)
    at Module._compile (C:\Users\sun\Desktop\team08 project\team08-project\backend\node_modules\pirates\lib\index.js:136:24)
    at Module._extensions..js (node:internal/modules/cjs/loader:1180:10)
    at Object.newLoader [as .js] (C:\Users\sun\Desktop\team08 project\team08-project\backend\node_modules\pirates\lib\index.js:141:7)
    at Module.load (node:internal/modules/cjs/loader:1004:32)
    at Function.Module._load (node:internal/modules/cjs/loader:839:12)
    at Module.require (node:internal/modules/cjs/loader:1028:19)
    at require (node:internal/modules/cjs/helpers:102:18)
    at Object.<anonymous> (C:\Users\sun\Desktop\team08 project\team08-project\backend\/app.js:18:1)
    at Module._compile (node:internal/modules/cjs/loader:1126:14)
    at Module._compile (C:\Users\sun\Desktop\team08 project\team08-project\backend\node_modules\pirates\lib\index.js:136:24)
    at Module._extensions..js (node:internal/modules/cjs/loader:1180:10)
    at Object.newLoader [as .js] (C:\Users\sun\Desktop\team08 project\team08-project\backend\node_modules\pirates\lib\index.js:141:7)
    at Module.load (node:internal/modules/cjs/loader:1004:32)
    at Function.Module._load (node:internal/modules/cjs/loader:839:12)
    at Function.runMain (node:internal/modules/run_main:81:12)
    at Object.<anonymous> (C:\Users\sun\Desktop\team08 project\team08-project\backend\node_modules\@babel\node\src\_babel-node.ts:214:12)
    at Module._compile (node:internal/modules/cjs/loader:1126:14)
    at Object.Module._extensions..js (node:internal/modules/cjs/loader:1180:10)
    at Module.load (node:internal/modules/cjs/loader:1004:32)
    at Function.Module._load (node:internal/modules/cjs/loader:839:12)
    at Function.executeUserEntryPoint [as runMain] (node:internal/modules/run_main:81:12)
    at node:internal/main/run_main_module:17:47
2022-11-28 12:38:52 [undefined] error: uncaughtException: dotenv is not defined
ReferenceError: dotenv is not defined
    at Object.<anonymous> (C:\Users\sun\Desktop\team08 project\team08-project\backend\src\middlewares\/uploadImageS3.js:6:1)
    at Module._compile (node:internal/modules/cjs/loader:1126:14)
    at Module._compile (C:\Users\sun\Desktop\team08 project\team08-project\backend\node_modules\pirates\lib\index.js:136:24)
    at Module._extensions..js (node:internal/modules/cjs/loader:1180:10)
    at Object.newLoader [as .js] (C:\Users\sun\Desktop\team08 project\team08-project\backend\node_modules\pirates\lib\index.js:141:7)
    at Module.load (node:internal/modules/cjs/loader:1004:32)
    at Function.Module._load (node:internal/modules/cjs/loader:839:12)
    at Module.require (node:internal/modules/cjs/loader:1028:19)
    at require (node:internal/modules/cjs/helpers:102:18)
    at Object.<anonymous> (C:\Users\sun\Desktop\team08 project\team08-project\backend\src\routes\/user.router.js:5:1)
    at Module._compile (node:internal/modules/cjs/loader:1126:14)
    at Module._compile (C:\Users\sun\Desktop\team08 project\team08-project\backend\node_modules\pirates\lib\index.js:136:24)
    at Module._extensions..js (node:internal/modules/cjs/loader:1180:10)
    at Object.newLoader [as .js] (C:\Users\sun\Desktop\team08 project\team08-project\backend\node_modules\pirates\lib\index.js:141:7)
    at Module.load (node:internal/modules/cjs/loader:1004:32)
    at Function.Module._load (node:internal/modules/cjs/loader:839:12)
    at Module.require (node:internal/modules/cjs/loader:1028:19)
    at require (node:internal/modules/cjs/helpers:102:18)
    at Object.<anonymous> (C:\Users\sun\Desktop\team08 project\team08-project\backend\/app.js:18:1)
    at Module._compile (node:internal/modules/cjs/loader:1126:14)
    at Module._compile (C:\Users\sun\Desktop\team08 project\team08-project\backend\node_modules\pirates\lib\index.js:136:24)
    at Module._extensions..js (node:internal/modules/cjs/loader:1180:10)
    at Object.newLoader [as .js] (C:\Users\sun\Desktop\team08 project\team08-project\backend\node_modules\pirates\lib\index.js:141:7)
    at Module.load (node:internal/modules/cjs/loader:1004:32)
    at Function.Module._load (node:internal/modules/cjs/loader:839:12)
    at Function.runMain (node:internal/modules/run_main:81:12)
    at Object.<anonymous> (C:\Users\sun\Desktop\team08 project\team08-project\backend\node_modules\@babel\node\src\_babel-node.ts:214:12)
    at Module._compile (node:internal/modules/cjs/loader:1126:14)
    at Object.Module._extensions..js (node:internal/modules/cjs/loader:1180:10)
    at Module.load (node:internal/modules/cjs/loader:1004:32)
    at Function.Module._load (node:internal/modules/cjs/loader:839:12)
    at Function.executeUserEntryPoint [as runMain] (node:internal/modules/run_main:81:12)
    at node:internal/main/run_main_module:17:47
2022-11-28 12:39:21 [undefined] error: uncaughtException: dotenv is not defined
ReferenceError: dotenv is not defined
    at Object.<anonymous> (C:\Users\sun\Desktop\team08 project\team08-project\backend\src\middlewares\/uploadImageS3.js:6:1)
    at Module._compile (node:internal/modules/cjs/loader:1126:14)
    at Module._compile (C:\Users\sun\Desktop\team08 project\team08-project\backend\node_modules\pirates\lib\index.js:136:24)
    at Module._extensions..js (node:internal/modules/cjs/loader:1180:10)
    at Object.newLoader [as .js] (C:\Users\sun\Desktop\team08 project\team08-project\backend\node_modules\pirates\lib\index.js:141:7)
    at Module.load (node:internal/modules/cjs/loader:1004:32)
    at Function.Module._load (node:internal/modules/cjs/loader:839:12)
    at Module.require (node:internal/modules/cjs/loader:1028:19)
    at require (node:internal/modules/cjs/helpers:102:18)
    at Object.<anonymous> (C:\Users\sun\Desktop\team08 project\team08-project\backend\src\routes\/user.router.js:5:1)
    at Module._compile (node:internal/modules/cjs/loader:1126:14)
    at Module._compile (C:\Users\sun\Desktop\team08 project\team08-project\backend\node_modules\pirates\lib\index.js:136:24)
    at Module._extensions..js (node:internal/modules/cjs/loader:1180:10)
    at Object.newLoader [as .js] (C:\Users\sun\Desktop\team08 project\team08-project\backend\node_modules\pirates\lib\index.js:141:7)
    at Module.load (node:internal/modules/cjs/loader:1004:32)
    at Function.Module._load (node:internal/modules/cjs/loader:839:12)
    at Module.require (node:internal/modules/cjs/loader:1028:19)
    at require (node:internal/modules/cjs/helpers:102:18)
    at Object.<anonymous> (C:\Users\sun\Desktop\team08 project\team08-project\backend\/app.js:18:1)
    at Module._compile (node:internal/modules/cjs/loader:1126:14)
    at Module._compile (C:\Users\sun\Desktop\team08 project\team08-project\backend\node_modules\pirates\lib\index.js:136:24)
    at Module._extensions..js (node:internal/modules/cjs/loader:1180:10)
    at Object.newLoader [as .js] (C:\Users\sun\Desktop\team08 project\team08-project\backend\node_modules\pirates\lib\index.js:141:7)
    at Module.load (node:internal/modules/cjs/loader:1004:32)
    at Function.Module._load (node:internal/modules/cjs/loader:839:12)
    at Function.runMain (node:internal/modules/run_main:81:12)
    at Object.<anonymous> (C:\Users\sun\Desktop\team08 project\team08-project\backend\node_modules\@babel\node\src\_babel-node.ts:214:12)
    at Module._compile (node:internal/modules/cjs/loader:1126:14)
    at Object.Module._extensions..js (node:internal/modules/cjs/loader:1180:10)
    at Module.load (node:internal/modules/cjs/loader:1004:32)
    at Function.Module._load (node:internal/modules/cjs/loader:839:12)
    at Function.executeUserEntryPoint [as runMain] (node:internal/modules/run_main:81:12)
    at node:internal/main/run_main_module:17:47
2022-11-28 13:06:31 [undefined] error: uncaughtException: C:\Users\sun\Desktop\team08 project\team08-project\backend\src\middlewares\uploadImageS3.js: Unexpected token (6:21)

[0m [90m 4 |[39m [36mimport[39m [33mAWS[39m [36mfrom[39m [32m'aws-sdk'[39m[33m;[39m[0m
[0m [90m 5 |[39m [36mimport[39m dotenv [36mfrom[39m [32m'dotenv'[39m[33m;[39m[0m
[0m[31m[1m>[22m[39m[90m 6 |[39m [36mimport[39m multerS3 [36mfrom[39m ([32m'multer-s3'[39m)[33m;[39m[0m
[0m [90m   |[39m                      [31m[1m^[22m[39m[0m
[0m [90m 7 |[39m dotenv[33m.[39mconfig()[33m;[39m[0m
[0m [90m 8 |[39m[0m
[0m [90m 9 |[39m [36mfunction[39m uploadImageS3() {[0m
SyntaxError: C:\Users\sun\Desktop\team08 project\team08-project\backend\src\middlewares\uploadImageS3.js: Unexpected token (6:21)

[0m [90m 4 |[39m [36mimport[39m [33mAWS[39m [36mfrom[39m [32m'aws-sdk'[39m[33m;[39m[0m
[0m [90m 5 |[39m [36mimport[39m dotenv [36mfrom[39m [32m'dotenv'[39m[33m;[39m[0m
[0m[31m[1m>[22m[39m[90m 6 |[39m [36mimport[39m multerS3 [36mfrom[39m ([32m'multer-s3'[39m)[33m;[39m[0m
[0m [90m   |[39m                      [31m[1m^[22m[39m[0m
[0m [90m 7 |[39m dotenv[33m.[39mconfig()[33m;[39m[0m
[0m [90m 8 |[39m[0m
[0m [90m 9 |[39m [36mfunction[39m uploadImageS3() {[0m
    at instantiate (C:\Users\sun\Desktop\team08 project\team08-project\backend\node_modules\@babel\parser\src\parse-error\credentials.ts:62:21)
    at toParseError (C:\Users\sun\Desktop\team08 project\team08-project\backend\node_modules\@babel\parser\src\parse-error.ts:60:12)
    at Parser.raise (C:\Users\sun\Desktop\team08 project\team08-project\backend\node_modules\@babel\parser\src\tokenizer\index.ts:1474:19)
    at Parser.unexpected (C:\Users\sun\Desktop\team08 project\team08-project\backend\node_modules\@babel\parser\src\tokenizer\index.ts:1520:16)
    at Parser.parseImportSource (C:\Users\sun\Desktop\team08 project\team08-project\backend\node_modules\@babel\parser\src\parser\statement.ts:2827:38)
    at Parser.parseImport (C:\Users\sun\Desktop\team08 project\team08-project\backend\node_modules\@babel\parser\src\parser\statement.ts:2805:24)
    at Parser.parseStatementContent (C:\Users\sun\Desktop\team08 project\team08-project\backend\node_modules\@babel\parser\src\parser\statement.ts:483:25)
    at Parser.parseStatement (C:\Users\sun\Desktop\team08 project\team08-project\backend\node_modules\@babel\parser\src\parser\statement.ts:359:17)
    at Parser.parseBlockOrModuleBlockBody (C:\Users\sun\Desktop\team08 project\team08-project\backend\node_modules\@babel\parser\src\parser\statement.ts:1241:25)
    at Parser.parseBlockBody (C:\Users\sun\Desktop\team08 project\team08-project\backend\node_modules\@babel\parser\src\parser\statement.ts:1216:10)
    at Parser.parseProgram (C:\Users\sun\Desktop\team08 project\team08-project\backend\node_modules\@babel\parser\src\parser\statement.ts:215:10)
    at Parser.parseTopLevel (C:\Users\sun\Desktop\team08 project\team08-project\backend\node_modules\@babel\parser\src\parser\statement.ts:197:25)
    at Parser.parse (C:\Users\sun\Desktop\team08 project\team08-project\backend\node_modules\@babel\parser\src\parser\index.ts:45:10)
    at parse (C:\Users\sun\Desktop\team08 project\team08-project\backend\node_modules\@babel\parser\src\index.ts:67:38)
    at parser (C:\Users\sun\Desktop\team08 project\team08-project\backend\node_modules\@babel\core\src\parser\index.ts:28:19)
    at parser.next (<anonymous>)
    at normalizeFile (C:\Users\sun\Desktop\team08 project\team08-project\backend\node_modules\@babel\core\src\transformation\normalize-file.ts:52:24)
    at normalizeFile.next (<anonymous>)
    at run (C:\Users\sun\Desktop\team08 project\team08-project\backend\node_modules\@babel\core\src\transformation\index.ts:38:36)
    at run.next (<anonymous>)
    at transform (C:\Users\sun\Desktop\team08 project\team08-project\backend\node_modules\@babel\core\src\transform.ts:29:20)
    at transform.next (<anonymous>)
    at evaluateSync (C:\Users\sun\Desktop\team08 project\team08-project\backend\node_modules\gensync\index.js:251:28)
    at fn (C:\Users\sun\Desktop\team08 project\team08-project\backend\node_modules\gensync\index.js:89:14)
    at stopHiding - secret - don't use this - v1 (C:\Users\sun\Desktop\team08 project\team08-project\backend\node_modules\@babel\core\src\errors\rewrite-stack-trace.ts:97:14)
    at Object.transformSync (C:\Users\sun\Desktop\team08 project\team08-project\backend\node_modules\@babel\core\src\transform.ts:66:52)
    at exports.transformSync (C:\Users\sun\Desktop\team08 project\team08-project\backend\node_modules\@babel\register\lib\worker\transform.js:94:15)
    at Function.handleMessage (C:\Users\sun\Desktop\team08 project\team08-project\backend\node_modules\@babel\register\lib\worker\handle-message.js:23:16)
    at LocalClient.<anonymous> (C:\Users\sun\Desktop\team08 project\team08-project\backend\node_modules\@babel\register\lib\worker-client.js:134:86)
    at LocalClient.transform (C:\Users\sun\Desktop\team08 project\team08-project\backend\node_modules\@babel\register\lib\worker-client.js:64:47)
    at compile (C:\Users\sun\Desktop\team08 project\team08-project\backend\node_modules\@babel\register\lib\hook.js:58:25)
    at compileBabel7 (C:\Users\sun\Desktop\team08 project\team08-project\backend\node_modules\@babel\register\lib\hook.js:49:14)
    at Module._compile (C:\Users\sun\Desktop\team08 project\team08-project\backend\node_modules\pirates\lib\index.js:130:29)
    at Module._extensions..js (node:internal/modules/cjs/loader:1180:10)
    at Object.newLoader [as .js] (C:\Users\sun\Desktop\team08 project\team08-project\backend\node_modules\pirates\lib\index.js:141:7)
    at Module.load (node:internal/modules/cjs/loader:1004:32)
    at Function.Module._load (node:internal/modules/cjs/loader:839:12)
    at Module.require (node:internal/modules/cjs/loader:1028:19)
    at require (node:internal/modules/cjs/helpers:102:18)
    at Object.<anonymous> (C:\Users\sun\Desktop\team08 project\team08-project\backend\src\routes\/user.router.js:5:1)
    at Module._compile (node:internal/modules/cjs/loader:1126:14)
    at Module._compile (C:\Users\sun\Desktop\team08 project\team08-project\backend\node_modules\pirates\lib\index.js:136:24)
    at Module._extensions..js (node:internal/modules/cjs/loader:1180:10)
    at Object.newLoader [as .js] (C:\Users\sun\Desktop\team08 project\team08-project\backend\node_modules\pirates\lib\index.js:141:7)
    at Module.load (node:internal/modules/cjs/loader:1004:32)
    at Function.Module._load (node:internal/modules/cjs/loader:839:12)
    at Module.require (node:internal/modules/cjs/loader:1028:19)
    at require (node:internal/modules/cjs/helpers:102:18)
    at Object.<anonymous> (C:\Users\sun\Desktop\team08 project\team08-project\backend\/app.js:18:1)
    at Module._compile (node:internal/modules/cjs/loader:1126:14)
2022-11-28 13:07:34 [undefined] error: uncaughtException: C:\Users\sun\Desktop\team08 project\team08-project\backend\src\middlewares\uploadImageS3.js: Unexpected token (6:21)

[0m [90m 4 |[39m [36mimport[39m [33mAWS[39m [36mfrom[39m [32m'aws-sdk'[39m[33m;[39m[0m
[0m [90m 5 |[39m [36mimport[39m dotenv [36mfrom[39m [32m'dotenv'[39m[33m;[39m[0m
[0m[31m[1m>[22m[39m[90m 6 |[39m [36mimport[39m multerS3 [36mfrom[39m ([32m'multer-s3'[39m)[33m;[39m[0m
[0m [90m   |[39m                      [31m[1m^[22m[39m[0m
[0m [90m 7 |[39m dotenv[33m.[39mconfig()[33m;[39m[0m
[0m [90m 8 |[39m[0m
[0m [90m 9 |[39m [36mfunction[39m uploadImageS3() {[0m
SyntaxError: C:\Users\sun\Desktop\team08 project\team08-project\backend\src\middlewares\uploadImageS3.js: Unexpected token (6:21)

[0m [90m 4 |[39m [36mimport[39m [33mAWS[39m [36mfrom[39m [32m'aws-sdk'[39m[33m;[39m[0m
[0m [90m 5 |[39m [36mimport[39m dotenv [36mfrom[39m [32m'dotenv'[39m[33m;[39m[0m
[0m[31m[1m>[22m[39m[90m 6 |[39m [36mimport[39m multerS3 [36mfrom[39m ([32m'multer-s3'[39m)[33m;[39m[0m
[0m [90m   |[39m                      [31m[1m^[22m[39m[0m
[0m [90m 7 |[39m dotenv[33m.[39mconfig()[33m;[39m[0m
[0m [90m 8 |[39m[0m
[0m [90m 9 |[39m [36mfunction[39m uploadImageS3() {[0m
    at instantiate (C:\Users\sun\Desktop\team08 project\team08-project\backend\node_modules\@babel\parser\src\parse-error\credentials.ts:62:21)
    at toParseError (C:\Users\sun\Desktop\team08 project\team08-project\backend\node_modules\@babel\parser\src\parse-error.ts:60:12)
    at Parser.raise (C:\Users\sun\Desktop\team08 project\team08-project\backend\node_modules\@babel\parser\src\tokenizer\index.ts:1474:19)
    at Parser.unexpected (C:\Users\sun\Desktop\team08 project\team08-project\backend\node_modules\@babel\parser\src\tokenizer\index.ts:1520:16)
    at Parser.parseImportSource (C:\Users\sun\Desktop\team08 project\team08-project\backend\node_modules\@babel\parser\src\parser\statement.ts:2827:38)
    at Parser.parseImport (C:\Users\sun\Desktop\team08 project\team08-project\backend\node_modules\@babel\parser\src\parser\statement.ts:2805:24)
    at Parser.parseStatementContent (C:\Users\sun\Desktop\team08 project\team08-project\backend\node_modules\@babel\parser\src\parser\statement.ts:483:25)
    at Parser.parseStatement (C:\Users\sun\Desktop\team08 project\team08-project\backend\node_modules\@babel\parser\src\parser\statement.ts:359:17)
    at Parser.parseBlockOrModuleBlockBody (C:\Users\sun\Desktop\team08 project\team08-project\backend\node_modules\@babel\parser\src\parser\statement.ts:1241:25)
    at Parser.parseBlockBody (C:\Users\sun\Desktop\team08 project\team08-project\backend\node_modules\@babel\parser\src\parser\statement.ts:1216:10)
    at Parser.parseProgram (C:\Users\sun\Desktop\team08 project\team08-project\backend\node_modules\@babel\parser\src\parser\statement.ts:215:10)
    at Parser.parseTopLevel (C:\Users\sun\Desktop\team08 project\team08-project\backend\node_modules\@babel\parser\src\parser\statement.ts:197:25)
    at Parser.parse (C:\Users\sun\Desktop\team08 project\team08-project\backend\node_modules\@babel\parser\src\parser\index.ts:45:10)
    at parse (C:\Users\sun\Desktop\team08 project\team08-project\backend\node_modules\@babel\parser\src\index.ts:67:38)
    at parser (C:\Users\sun\Desktop\team08 project\team08-project\backend\node_modules\@babel\core\src\parser\index.ts:28:19)
    at parser.next (<anonymous>)
    at normalizeFile (C:\Users\sun\Desktop\team08 project\team08-project\backend\node_modules\@babel\core\src\transformation\normalize-file.ts:52:24)
    at normalizeFile.next (<anonymous>)
    at run (C:\Users\sun\Desktop\team08 project\team08-project\backend\node_modules\@babel\core\src\transformation\index.ts:38:36)
    at run.next (<anonymous>)
    at transform (C:\Users\sun\Desktop\team08 project\team08-project\backend\node_modules\@babel\core\src\transform.ts:29:20)
    at transform.next (<anonymous>)
    at evaluateSync (C:\Users\sun\Desktop\team08 project\team08-project\backend\node_modules\gensync\index.js:251:28)
    at fn (C:\Users\sun\Desktop\team08 project\team08-project\backend\node_modules\gensync\index.js:89:14)
    at stopHiding - secret - don't use this - v1 (C:\Users\sun\Desktop\team08 project\team08-project\backend\node_modules\@babel\core\src\errors\rewrite-stack-trace.ts:97:14)
    at Object.transformSync (C:\Users\sun\Desktop\team08 project\team08-project\backend\node_modules\@babel\core\src\transform.ts:66:52)
    at exports.transformSync (C:\Users\sun\Desktop\team08 project\team08-project\backend\node_modules\@babel\register\lib\worker\transform.js:94:15)
    at Function.handleMessage (C:\Users\sun\Desktop\team08 project\team08-project\backend\node_modules\@babel\register\lib\worker\handle-message.js:23:16)
    at LocalClient.<anonymous> (C:\Users\sun\Desktop\team08 project\team08-project\backend\node_modules\@babel\register\lib\worker-client.js:134:86)
    at LocalClient.transform (C:\Users\sun\Desktop\team08 project\team08-project\backend\node_modules\@babel\register\lib\worker-client.js:64:47)
    at compile (C:\Users\sun\Desktop\team08 project\team08-project\backend\node_modules\@babel\register\lib\hook.js:58:25)
    at compileBabel7 (C:\Users\sun\Desktop\team08 project\team08-project\backend\node_modules\@babel\register\lib\hook.js:49:14)
    at Module._compile (C:\Users\sun\Desktop\team08 project\team08-project\backend\node_modules\pirates\lib\index.js:130:29)
    at Module._extensions..js (node:internal/modules/cjs/loader:1180:10)
    at Object.newLoader [as .js] (C:\Users\sun\Desktop\team08 project\team08-project\backend\node_modules\pirates\lib\index.js:141:7)
    at Module.load (node:internal/modules/cjs/loader:1004:32)
    at Function.Module._load (node:internal/modules/cjs/loader:839:12)
    at Module.require (node:internal/modules/cjs/loader:1028:19)
    at require (node:internal/modules/cjs/helpers:102:18)
    at Object.<anonymous> (C:\Users\sun\Desktop\team08 project\team08-project\backend\src\routes\/user.router.js:5:1)
    at Module._compile (node:internal/modules/cjs/loader:1126:14)
    at Module._compile (C:\Users\sun\Desktop\team08 project\team08-project\backend\node_modules\pirates\lib\index.js:136:24)
    at Module._extensions..js (node:internal/modules/cjs/loader:1180:10)
    at Object.newLoader [as .js] (C:\Users\sun\Desktop\team08 project\team08-project\backend\node_modules\pirates\lib\index.js:141:7)
    at Module.load (node:internal/modules/cjs/loader:1004:32)
    at Function.Module._load (node:internal/modules/cjs/loader:839:12)
    at Module.require (node:internal/modules/cjs/loader:1028:19)
    at require (node:internal/modules/cjs/helpers:102:18)
    at Object.<anonymous> (C:\Users\sun\Desktop\team08 project\team08-project\backend\/app.js:18:1)
    at Module._compile (node:internal/modules/cjs/loader:1126:14)
2022-11-28 13:08:17 [undefined] error: uncaughtException: C:\Users\sun\Desktop\team08 project\team08-project\backend\src\middlewares\uploadImageS3.js: Unexpected token (6:21)

[0m [90m 4 |[39m [36mimport[39m [33mAWS[39m [36mfrom[39m [32m'aws-sdk'[39m[33m;[39m[0m
[0m [90m 5 |[39m [36mimport[39m dotenv [36mfrom[39m [32m'dotenv'[39m[33m;[39m[0m
[0m[31m[1m>[22m[39m[90m 6 |[39m [36mimport[39m multerS3 [36mfrom[39m ([32m'multer-s3'[39m)[33m;[39m[0m
[0m [90m   |[39m                      [31m[1m^[22m[39m[0m
[0m [90m 7 |[39m dotenv[33m.[39mconfig()[33m;[39m[0m
[0m [90m 8 |[39m[0m
[0m [90m 9 |[39m [36mfunction[39m uploadImageS3() {[0m
SyntaxError: C:\Users\sun\Desktop\team08 project\team08-project\backend\src\middlewares\uploadImageS3.js: Unexpected token (6:21)

[0m [90m 4 |[39m [36mimport[39m [33mAWS[39m [36mfrom[39m [32m'aws-sdk'[39m[33m;[39m[0m
[0m [90m 5 |[39m [36mimport[39m dotenv [36mfrom[39m [32m'dotenv'[39m[33m;[39m[0m
[0m[31m[1m>[22m[39m[90m 6 |[39m [36mimport[39m multerS3 [36mfrom[39m ([32m'multer-s3'[39m)[33m;[39m[0m
[0m [90m   |[39m                      [31m[1m^[22m[39m[0m
[0m [90m 7 |[39m dotenv[33m.[39mconfig()[33m;[39m[0m
[0m [90m 8 |[39m[0m
[0m [90m 9 |[39m [36mfunction[39m uploadImageS3() {[0m
    at instantiate (C:\Users\sun\Desktop\team08 project\team08-project\backend\node_modules\@babel\parser\src\parse-error\credentials.ts:62:21)
    at toParseError (C:\Users\sun\Desktop\team08 project\team08-project\backend\node_modules\@babel\parser\src\parse-error.ts:60:12)
    at Parser.raise (C:\Users\sun\Desktop\team08 project\team08-project\backend\node_modules\@babel\parser\src\tokenizer\index.ts:1474:19)
    at Parser.unexpected (C:\Users\sun\Desktop\team08 project\team08-project\backend\node_modules\@babel\parser\src\tokenizer\index.ts:1520:16)
    at Parser.parseImportSource (C:\Users\sun\Desktop\team08 project\team08-project\backend\node_modules\@babel\parser\src\parser\statement.ts:2827:38)
    at Parser.parseImport (C:\Users\sun\Desktop\team08 project\team08-project\backend\node_modules\@babel\parser\src\parser\statement.ts:2805:24)
    at Parser.parseStatementContent (C:\Users\sun\Desktop\team08 project\team08-project\backend\node_modules\@babel\parser\src\parser\statement.ts:483:25)
    at Parser.parseStatement (C:\Users\sun\Desktop\team08 project\team08-project\backend\node_modules\@babel\parser\src\parser\statement.ts:359:17)
    at Parser.parseBlockOrModuleBlockBody (C:\Users\sun\Desktop\team08 project\team08-project\backend\node_modules\@babel\parser\src\parser\statement.ts:1241:25)
    at Parser.parseBlockBody (C:\Users\sun\Desktop\team08 project\team08-project\backend\node_modules\@babel\parser\src\parser\statement.ts:1216:10)
    at Parser.parseProgram (C:\Users\sun\Desktop\team08 project\team08-project\backend\node_modules\@babel\parser\src\parser\statement.ts:215:10)
    at Parser.parseTopLevel (C:\Users\sun\Desktop\team08 project\team08-project\backend\node_modules\@babel\parser\src\parser\statement.ts:197:25)
    at Parser.parse (C:\Users\sun\Desktop\team08 project\team08-project\backend\node_modules\@babel\parser\src\parser\index.ts:45:10)
    at parse (C:\Users\sun\Desktop\team08 project\team08-project\backend\node_modules\@babel\parser\src\index.ts:67:38)
    at parser (C:\Users\sun\Desktop\team08 project\team08-project\backend\node_modules\@babel\core\src\parser\index.ts:28:19)
    at parser.next (<anonymous>)
    at normalizeFile (C:\Users\sun\Desktop\team08 project\team08-project\backend\node_modules\@babel\core\src\transformation\normalize-file.ts:52:24)
    at normalizeFile.next (<anonymous>)
    at run (C:\Users\sun\Desktop\team08 project\team08-project\backend\node_modules\@babel\core\src\transformation\index.ts:38:36)
    at run.next (<anonymous>)
    at transform (C:\Users\sun\Desktop\team08 project\team08-project\backend\node_modules\@babel\core\src\transform.ts:29:20)
    at transform.next (<anonymous>)
    at evaluateSync (C:\Users\sun\Desktop\team08 project\team08-project\backend\node_modules\gensync\index.js:251:28)
    at fn (C:\Users\sun\Desktop\team08 project\team08-project\backend\node_modules\gensync\index.js:89:14)
    at stopHiding - secret - don't use this - v1 (C:\Users\sun\Desktop\team08 project\team08-project\backend\node_modules\@babel\core\src\errors\rewrite-stack-trace.ts:97:14)
    at Object.transformSync (C:\Users\sun\Desktop\team08 project\team08-project\backend\node_modules\@babel\core\src\transform.ts:66:52)
    at exports.transformSync (C:\Users\sun\Desktop\team08 project\team08-project\backend\node_modules\@babel\register\lib\worker\transform.js:94:15)
    at Function.handleMessage (C:\Users\sun\Desktop\team08 project\team08-project\backend\node_modules\@babel\register\lib\worker\handle-message.js:23:16)
    at LocalClient.<anonymous> (C:\Users\sun\Desktop\team08 project\team08-project\backend\node_modules\@babel\register\lib\worker-client.js:134:86)
    at LocalClient.transform (C:\Users\sun\Desktop\team08 project\team08-project\backend\node_modules\@babel\register\lib\worker-client.js:64:47)
    at compile (C:\Users\sun\Desktop\team08 project\team08-project\backend\node_modules\@babel\register\lib\hook.js:58:25)
    at compileBabel7 (C:\Users\sun\Desktop\team08 project\team08-project\backend\node_modules\@babel\register\lib\hook.js:49:14)
    at Module._compile (C:\Users\sun\Desktop\team08 project\team08-project\backend\node_modules\pirates\lib\index.js:130:29)
    at Module._extensions..js (node:internal/modules/cjs/loader:1180:10)
    at Object.newLoader [as .js] (C:\Users\sun\Desktop\team08 project\team08-project\backend\node_modules\pirates\lib\index.js:141:7)
    at Module.load (node:internal/modules/cjs/loader:1004:32)
    at Function.Module._load (node:internal/modules/cjs/loader:839:12)
    at Module.require (node:internal/modules/cjs/loader:1028:19)
    at require (node:internal/modules/cjs/helpers:102:18)
    at Object.<anonymous> (C:\Users\sun\Desktop\team08 project\team08-project\backend\src\routes\/user.router.js:5:1)
    at Module._compile (node:internal/modules/cjs/loader:1126:14)
    at Module._compile (C:\Users\sun\Desktop\team08 project\team08-project\backend\node_modules\pirates\lib\index.js:136:24)
    at Module._extensions..js (node:internal/modules/cjs/loader:1180:10)
    at Object.newLoader [as .js] (C:\Users\sun\Desktop\team08 project\team08-project\backend\node_modules\pirates\lib\index.js:141:7)
    at Module.load (node:internal/modules/cjs/loader:1004:32)
    at Function.Module._load (node:internal/modules/cjs/loader:839:12)
    at Module.require (node:internal/modules/cjs/loader:1028:19)
    at require (node:internal/modules/cjs/helpers:102:18)
    at Object.<anonymous> (C:\Users\sun\Desktop\team08 project\team08-project\backend\/app.js:18:1)
    at Module._compile (node:internal/modules/cjs/loader:1126:14)
2022-11-28 13:08:37 [undefined] error: uncaughtException: C:\Users\sun\Desktop\team08 project\team08-project\backend\src\middlewares\uploadImageS3.js: Unexpected token (6:21)

[0m [90m 4 |[39m [36mimport[39m [33mAWS[39m [36mfrom[39m [32m'aws-sdk'[39m[33m;[39m[0m
[0m [90m 5 |[39m [36mimport[39m dotenv [36mfrom[39m [32m'dotenv'[39m[33m;[39m[0m
[0m[31m[1m>[22m[39m[90m 6 |[39m [36mimport[39m multerS3 [36mfrom[39m ([32m'multer-s3'[39m)[33m;[39m[0m
[0m [90m   |[39m                      [31m[1m^[22m[39m[0m
[0m [90m 7 |[39m dotenv[33m.[39mconfig()[33m;[39m[0m
[0m [90m 8 |[39m[0m
[0m [90m 9 |[39m [36mfunction[39m uploadImageS3() {[0m
SyntaxError: C:\Users\sun\Desktop\team08 project\team08-project\backend\src\middlewares\uploadImageS3.js: Unexpected token (6:21)

[0m [90m 4 |[39m [36mimport[39m [33mAWS[39m [36mfrom[39m [32m'aws-sdk'[39m[33m;[39m[0m
[0m [90m 5 |[39m [36mimport[39m dotenv [36mfrom[39m [32m'dotenv'[39m[33m;[39m[0m
[0m[31m[1m>[22m[39m[90m 6 |[39m [36mimport[39m multerS3 [36mfrom[39m ([32m'multer-s3'[39m)[33m;[39m[0m
[0m [90m   |[39m                      [31m[1m^[22m[39m[0m
[0m [90m 7 |[39m dotenv[33m.[39mconfig()[33m;[39m[0m
[0m [90m 8 |[39m[0m
[0m [90m 9 |[39m [36mfunction[39m uploadImageS3() {[0m
    at instantiate (C:\Users\sun\Desktop\team08 project\team08-project\backend\node_modules\@babel\parser\src\parse-error\credentials.ts:62:21)
    at toParseError (C:\Users\sun\Desktop\team08 project\team08-project\backend\node_modules\@babel\parser\src\parse-error.ts:60:12)
    at Parser.raise (C:\Users\sun\Desktop\team08 project\team08-project\backend\node_modules\@babel\parser\src\tokenizer\index.ts:1474:19)
    at Parser.unexpected (C:\Users\sun\Desktop\team08 project\team08-project\backend\node_modules\@babel\parser\src\tokenizer\index.ts:1520:16)
    at Parser.parseImportSource (C:\Users\sun\Desktop\team08 project\team08-project\backend\node_modules\@babel\parser\src\parser\statement.ts:2827:38)
    at Parser.parseImport (C:\Users\sun\Desktop\team08 project\team08-project\backend\node_modules\@babel\parser\src\parser\statement.ts:2805:24)
    at Parser.parseStatementContent (C:\Users\sun\Desktop\team08 project\team08-project\backend\node_modules\@babel\parser\src\parser\statement.ts:483:25)
    at Parser.parseStatement (C:\Users\sun\Desktop\team08 project\team08-project\backend\node_modules\@babel\parser\src\parser\statement.ts:359:17)
    at Parser.parseBlockOrModuleBlockBody (C:\Users\sun\Desktop\team08 project\team08-project\backend\node_modules\@babel\parser\src\parser\statement.ts:1241:25)
    at Parser.parseBlockBody (C:\Users\sun\Desktop\team08 project\team08-project\backend\node_modules\@babel\parser\src\parser\statement.ts:1216:10)
    at Parser.parseProgram (C:\Users\sun\Desktop\team08 project\team08-project\backend\node_modules\@babel\parser\src\parser\statement.ts:215:10)
    at Parser.parseTopLevel (C:\Users\sun\Desktop\team08 project\team08-project\backend\node_modules\@babel\parser\src\parser\statement.ts:197:25)
    at Parser.parse (C:\Users\sun\Desktop\team08 project\team08-project\backend\node_modules\@babel\parser\src\parser\index.ts:45:10)
    at parse (C:\Users\sun\Desktop\team08 project\team08-project\backend\node_modules\@babel\parser\src\index.ts:67:38)
    at parser (C:\Users\sun\Desktop\team08 project\team08-project\backend\node_modules\@babel\core\src\parser\index.ts:28:19)
    at parser.next (<anonymous>)
    at normalizeFile (C:\Users\sun\Desktop\team08 project\team08-project\backend\node_modules\@babel\core\src\transformation\normalize-file.ts:52:24)
    at normalizeFile.next (<anonymous>)
    at run (C:\Users\sun\Desktop\team08 project\team08-project\backend\node_modules\@babel\core\src\transformation\index.ts:38:36)
    at run.next (<anonymous>)
    at transform (C:\Users\sun\Desktop\team08 project\team08-project\backend\node_modules\@babel\core\src\transform.ts:29:20)
    at transform.next (<anonymous>)
    at evaluateSync (C:\Users\sun\Desktop\team08 project\team08-project\backend\node_modules\gensync\index.js:251:28)
    at fn (C:\Users\sun\Desktop\team08 project\team08-project\backend\node_modules\gensync\index.js:89:14)
    at stopHiding - secret - don't use this - v1 (C:\Users\sun\Desktop\team08 project\team08-project\backend\node_modules\@babel\core\src\errors\rewrite-stack-trace.ts:97:14)
    at Object.transformSync (C:\Users\sun\Desktop\team08 project\team08-project\backend\node_modules\@babel\core\src\transform.ts:66:52)
    at exports.transformSync (C:\Users\sun\Desktop\team08 project\team08-project\backend\node_modules\@babel\register\lib\worker\transform.js:94:15)
    at Function.handleMessage (C:\Users\sun\Desktop\team08 project\team08-project\backend\node_modules\@babel\register\lib\worker\handle-message.js:23:16)
    at LocalClient.<anonymous> (C:\Users\sun\Desktop\team08 project\team08-project\backend\node_modules\@babel\register\lib\worker-client.js:134:86)
    at LocalClient.transform (C:\Users\sun\Desktop\team08 project\team08-project\backend\node_modules\@babel\register\lib\worker-client.js:64:47)
    at compile (C:\Users\sun\Desktop\team08 project\team08-project\backend\node_modules\@babel\register\lib\hook.js:58:25)
    at compileBabel7 (C:\Users\sun\Desktop\team08 project\team08-project\backend\node_modules\@babel\register\lib\hook.js:49:14)
    at Module._compile (C:\Users\sun\Desktop\team08 project\team08-project\backend\node_modules\pirates\lib\index.js:130:29)
    at Module._extensions..js (node:internal/modules/cjs/loader:1180:10)
    at Object.newLoader [as .js] (C:\Users\sun\Desktop\team08 project\team08-project\backend\node_modules\pirates\lib\index.js:141:7)
    at Module.load (node:internal/modules/cjs/loader:1004:32)
    at Function.Module._load (node:internal/modules/cjs/loader:839:12)
    at Module.require (node:internal/modules/cjs/loader:1028:19)
    at require (node:internal/modules/cjs/helpers:102:18)
    at Object.<anonymous> (C:\Users\sun\Desktop\team08 project\team08-project\backend\src\routes\/user.router.js:5:1)
    at Module._compile (node:internal/modules/cjs/loader:1126:14)
    at Module._compile (C:\Users\sun\Desktop\team08 project\team08-project\backend\node_modules\pirates\lib\index.js:136:24)
    at Module._extensions..js (node:internal/modules/cjs/loader:1180:10)
    at Object.newLoader [as .js] (C:\Users\sun\Desktop\team08 project\team08-project\backend\node_modules\pirates\lib\index.js:141:7)
    at Module.load (node:internal/modules/cjs/loader:1004:32)
    at Function.Module._load (node:internal/modules/cjs/loader:839:12)
    at Module.require (node:internal/modules/cjs/loader:1028:19)
    at require (node:internal/modules/cjs/helpers:102:18)
    at Object.<anonymous> (C:\Users\sun\Desktop\team08 project\team08-project\backend\/app.js:18:1)
    at Module._compile (node:internal/modules/cjs/loader:1126:14)
2022-11-28 13:08:49 [undefined] error: uncaughtException: C:\Users\sun\Desktop\team08 project\team08-project\backend\src\middlewares\uploadImageS3.js: Unexpected token (6:21)

[0m [90m 4 |[39m [36mimport[39m [33mAWS[39m [36mfrom[39m [32m'aws-sdk'[39m[33m;[39m[0m
[0m [90m 5 |[39m [36mimport[39m dotenv [36mfrom[39m [32m'dotenv'[39m[33m;[39m[0m
[0m[31m[1m>[22m[39m[90m 6 |[39m [36mimport[39m multerS3 [36mfrom[39m ([32m'multer-s3'[39m)[33m;[39m[0m
[0m [90m   |[39m                      [31m[1m^[22m[39m[0m
[0m [90m 7 |[39m dotenv[33m.[39mconfig()[33m;[39m[0m
[0m [90m 8 |[39m[0m
[0m [90m 9 |[39m [36mfunction[39m uploadImageS3() {[0m
SyntaxError: C:\Users\sun\Desktop\team08 project\team08-project\backend\src\middlewares\uploadImageS3.js: Unexpected token (6:21)

[0m [90m 4 |[39m [36mimport[39m [33mAWS[39m [36mfrom[39m [32m'aws-sdk'[39m[33m;[39m[0m
[0m [90m 5 |[39m [36mimport[39m dotenv [36mfrom[39m [32m'dotenv'[39m[33m;[39m[0m
[0m[31m[1m>[22m[39m[90m 6 |[39m [36mimport[39m multerS3 [36mfrom[39m ([32m'multer-s3'[39m)[33m;[39m[0m
[0m [90m   |[39m                      [31m[1m^[22m[39m[0m
[0m [90m 7 |[39m dotenv[33m.[39mconfig()[33m;[39m[0m
[0m [90m 8 |[39m[0m
[0m [90m 9 |[39m [36mfunction[39m uploadImageS3() {[0m
    at instantiate (C:\Users\sun\Desktop\team08 project\team08-project\backend\node_modules\@babel\parser\src\parse-error\credentials.ts:62:21)
    at toParseError (C:\Users\sun\Desktop\team08 project\team08-project\backend\node_modules\@babel\parser\src\parse-error.ts:60:12)
    at Parser.raise (C:\Users\sun\Desktop\team08 project\team08-project\backend\node_modules\@babel\parser\src\tokenizer\index.ts:1474:19)
    at Parser.unexpected (C:\Users\sun\Desktop\team08 project\team08-project\backend\node_modules\@babel\parser\src\tokenizer\index.ts:1520:16)
    at Parser.parseImportSource (C:\Users\sun\Desktop\team08 project\team08-project\backend\node_modules\@babel\parser\src\parser\statement.ts:2827:38)
    at Parser.parseImport (C:\Users\sun\Desktop\team08 project\team08-project\backend\node_modules\@babel\parser\src\parser\statement.ts:2805:24)
    at Parser.parseStatementContent (C:\Users\sun\Desktop\team08 project\team08-project\backend\node_modules\@babel\parser\src\parser\statement.ts:483:25)
    at Parser.parseStatement (C:\Users\sun\Desktop\team08 project\team08-project\backend\node_modules\@babel\parser\src\parser\statement.ts:359:17)
    at Parser.parseBlockOrModuleBlockBody (C:\Users\sun\Desktop\team08 project\team08-project\backend\node_modules\@babel\parser\src\parser\statement.ts:1241:25)
    at Parser.parseBlockBody (C:\Users\sun\Desktop\team08 project\team08-project\backend\node_modules\@babel\parser\src\parser\statement.ts:1216:10)
    at Parser.parseProgram (C:\Users\sun\Desktop\team08 project\team08-project\backend\node_modules\@babel\parser\src\parser\statement.ts:215:10)
    at Parser.parseTopLevel (C:\Users\sun\Desktop\team08 project\team08-project\backend\node_modules\@babel\parser\src\parser\statement.ts:197:25)
    at Parser.parse (C:\Users\sun\Desktop\team08 project\team08-project\backend\node_modules\@babel\parser\src\parser\index.ts:45:10)
    at parse (C:\Users\sun\Desktop\team08 project\team08-project\backend\node_modules\@babel\parser\src\index.ts:67:38)
    at parser (C:\Users\sun\Desktop\team08 project\team08-project\backend\node_modules\@babel\core\src\parser\index.ts:28:19)
    at parser.next (<anonymous>)
    at normalizeFile (C:\Users\sun\Desktop\team08 project\team08-project\backend\node_modules\@babel\core\src\transformation\normalize-file.ts:52:24)
    at normalizeFile.next (<anonymous>)
    at run (C:\Users\sun\Desktop\team08 project\team08-project\backend\node_modules\@babel\core\src\transformation\index.ts:38:36)
    at run.next (<anonymous>)
    at transform (C:\Users\sun\Desktop\team08 project\team08-project\backend\node_modules\@babel\core\src\transform.ts:29:20)
    at transform.next (<anonymous>)
    at evaluateSync (C:\Users\sun\Desktop\team08 project\team08-project\backend\node_modules\gensync\index.js:251:28)
    at fn (C:\Users\sun\Desktop\team08 project\team08-project\backend\node_modules\gensync\index.js:89:14)
    at stopHiding - secret - don't use this - v1 (C:\Users\sun\Desktop\team08 project\team08-project\backend\node_modules\@babel\core\src\errors\rewrite-stack-trace.ts:97:14)
    at Object.transformSync (C:\Users\sun\Desktop\team08 project\team08-project\backend\node_modules\@babel\core\src\transform.ts:66:52)
    at exports.transformSync (C:\Users\sun\Desktop\team08 project\team08-project\backend\node_modules\@babel\register\lib\worker\transform.js:94:15)
    at Function.handleMessage (C:\Users\sun\Desktop\team08 project\team08-project\backend\node_modules\@babel\register\lib\worker\handle-message.js:23:16)
    at LocalClient.<anonymous> (C:\Users\sun\Desktop\team08 project\team08-project\backend\node_modules\@babel\register\lib\worker-client.js:134:86)
    at LocalClient.transform (C:\Users\sun\Desktop\team08 project\team08-project\backend\node_modules\@babel\register\lib\worker-client.js:64:47)
    at compile (C:\Users\sun\Desktop\team08 project\team08-project\backend\node_modules\@babel\register\lib\hook.js:58:25)
    at compileBabel7 (C:\Users\sun\Desktop\team08 project\team08-project\backend\node_modules\@babel\register\lib\hook.js:49:14)
    at Module._compile (C:\Users\sun\Desktop\team08 project\team08-project\backend\node_modules\pirates\lib\index.js:130:29)
    at Module._extensions..js (node:internal/modules/cjs/loader:1180:10)
    at Object.newLoader [as .js] (C:\Users\sun\Desktop\team08 project\team08-project\backend\node_modules\pirates\lib\index.js:141:7)
    at Module.load (node:internal/modules/cjs/loader:1004:32)
    at Function.Module._load (node:internal/modules/cjs/loader:839:12)
    at Module.require (node:internal/modules/cjs/loader:1028:19)
    at require (node:internal/modules/cjs/helpers:102:18)
    at Object.<anonymous> (C:\Users\sun\Desktop\team08 project\team08-project\backend\src\routes\/user.router.js:5:1)
    at Module._compile (node:internal/modules/cjs/loader:1126:14)
    at Module._compile (C:\Users\sun\Desktop\team08 project\team08-project\backend\node_modules\pirates\lib\index.js:136:24)
    at Module._extensions..js (node:internal/modules/cjs/loader:1180:10)
    at Object.newLoader [as .js] (C:\Users\sun\Desktop\team08 project\team08-project\backend\node_modules\pirates\lib\index.js:141:7)
    at Module.load (node:internal/modules/cjs/loader:1004:32)
    at Function.Module._load (node:internal/modules/cjs/loader:839:12)
    at Module.require (node:internal/modules/cjs/loader:1028:19)
    at require (node:internal/modules/cjs/helpers:102:18)
    at Object.<anonymous> (C:\Users\sun\Desktop\team08 project\team08-project\backend\/app.js:18:1)
    at Module._compile (node:internal/modules/cjs/loader:1126:14)
2022-11-28 13:09:12 [undefined] error: uncaughtException: C:\Users\sun\Desktop\team08 project\team08-project\backend\src\middlewares\uploadImageS3.js: Unexpected token (6:21)

[0m [90m 4 |[39m [36mimport[39m [33mAWS[39m [36mfrom[39m [32m'aws-sdk'[39m[33m;[39m[0m
[0m [90m 5 |[39m [36mimport[39m dotenv [36mfrom[39m [32m'dotenv'[39m[33m;[39m[0m
[0m[31m[1m>[22m[39m[90m 6 |[39m [36mimport[39m multerS3 [36mfrom[39m ([32m'multer-s3'[39m)[33m;[39m[0m
[0m [90m   |[39m                      [31m[1m^[22m[39m[0m
[0m [90m 7 |[39m dotenv[33m.[39mconfig()[33m;[39m[0m
[0m [90m 8 |[39m[0m
[0m [90m 9 |[39m [36mfunction[39m uploadImageS3() {[0m
SyntaxError: C:\Users\sun\Desktop\team08 project\team08-project\backend\src\middlewares\uploadImageS3.js: Unexpected token (6:21)

[0m [90m 4 |[39m [36mimport[39m [33mAWS[39m [36mfrom[39m [32m'aws-sdk'[39m[33m;[39m[0m
[0m [90m 5 |[39m [36mimport[39m dotenv [36mfrom[39m [32m'dotenv'[39m[33m;[39m[0m
[0m[31m[1m>[22m[39m[90m 6 |[39m [36mimport[39m multerS3 [36mfrom[39m ([32m'multer-s3'[39m)[33m;[39m[0m
[0m [90m   |[39m                      [31m[1m^[22m[39m[0m
[0m [90m 7 |[39m dotenv[33m.[39mconfig()[33m;[39m[0m
[0m [90m 8 |[39m[0m
[0m [90m 9 |[39m [36mfunction[39m uploadImageS3() {[0m
    at instantiate (C:\Users\sun\Desktop\team08 project\team08-project\backend\node_modules\@babel\parser\src\parse-error\credentials.ts:62:21)
    at toParseError (C:\Users\sun\Desktop\team08 project\team08-project\backend\node_modules\@babel\parser\src\parse-error.ts:60:12)
    at Parser.raise (C:\Users\sun\Desktop\team08 project\team08-project\backend\node_modules\@babel\parser\src\tokenizer\index.ts:1474:19)
    at Parser.unexpected (C:\Users\sun\Desktop\team08 project\team08-project\backend\node_modules\@babel\parser\src\tokenizer\index.ts:1520:16)
    at Parser.parseImportSource (C:\Users\sun\Desktop\team08 project\team08-project\backend\node_modules\@babel\parser\src\parser\statement.ts:2827:38)
    at Parser.parseImport (C:\Users\sun\Desktop\team08 project\team08-project\backend\node_modules\@babel\parser\src\parser\statement.ts:2805:24)
    at Parser.parseStatementContent (C:\Users\sun\Desktop\team08 project\team08-project\backend\node_modules\@babel\parser\src\parser\statement.ts:483:25)
    at Parser.parseStatement (C:\Users\sun\Desktop\team08 project\team08-project\backend\node_modules\@babel\parser\src\parser\statement.ts:359:17)
    at Parser.parseBlockOrModuleBlockBody (C:\Users\sun\Desktop\team08 project\team08-project\backend\node_modules\@babel\parser\src\parser\statement.ts:1241:25)
    at Parser.parseBlockBody (C:\Users\sun\Desktop\team08 project\team08-project\backend\node_modules\@babel\parser\src\parser\statement.ts:1216:10)
    at Parser.parseProgram (C:\Users\sun\Desktop\team08 project\team08-project\backend\node_modules\@babel\parser\src\parser\statement.ts:215:10)
    at Parser.parseTopLevel (C:\Users\sun\Desktop\team08 project\team08-project\backend\node_modules\@babel\parser\src\parser\statement.ts:197:25)
    at Parser.parse (C:\Users\sun\Desktop\team08 project\team08-project\backend\node_modules\@babel\parser\src\parser\index.ts:45:10)
    at parse (C:\Users\sun\Desktop\team08 project\team08-project\backend\node_modules\@babel\parser\src\index.ts:67:38)
    at parser (C:\Users\sun\Desktop\team08 project\team08-project\backend\node_modules\@babel\core\src\parser\index.ts:28:19)
    at parser.next (<anonymous>)
    at normalizeFile (C:\Users\sun\Desktop\team08 project\team08-project\backend\node_modules\@babel\core\src\transformation\normalize-file.ts:52:24)
    at normalizeFile.next (<anonymous>)
    at run (C:\Users\sun\Desktop\team08 project\team08-project\backend\node_modules\@babel\core\src\transformation\index.ts:38:36)
    at run.next (<anonymous>)
    at transform (C:\Users\sun\Desktop\team08 project\team08-project\backend\node_modules\@babel\core\src\transform.ts:29:20)
    at transform.next (<anonymous>)
    at evaluateSync (C:\Users\sun\Desktop\team08 project\team08-project\backend\node_modules\gensync\index.js:251:28)
    at fn (C:\Users\sun\Desktop\team08 project\team08-project\backend\node_modules\gensync\index.js:89:14)
    at stopHiding - secret - don't use this - v1 (C:\Users\sun\Desktop\team08 project\team08-project\backend\node_modules\@babel\core\src\errors\rewrite-stack-trace.ts:97:14)
    at Object.transformSync (C:\Users\sun\Desktop\team08 project\team08-project\backend\node_modules\@babel\core\src\transform.ts:66:52)
    at exports.transformSync (C:\Users\sun\Desktop\team08 project\team08-project\backend\node_modules\@babel\register\lib\worker\transform.js:94:15)
    at Function.handleMessage (C:\Users\sun\Desktop\team08 project\team08-project\backend\node_modules\@babel\register\lib\worker\handle-message.js:23:16)
    at LocalClient.<anonymous> (C:\Users\sun\Desktop\team08 project\team08-project\backend\node_modules\@babel\register\lib\worker-client.js:134:86)
    at LocalClient.transform (C:\Users\sun\Desktop\team08 project\team08-project\backend\node_modules\@babel\register\lib\worker-client.js:64:47)
    at compile (C:\Users\sun\Desktop\team08 project\team08-project\backend\node_modules\@babel\register\lib\hook.js:58:25)
    at compileBabel7 (C:\Users\sun\Desktop\team08 project\team08-project\backend\node_modules\@babel\register\lib\hook.js:49:14)
    at Module._compile (C:\Users\sun\Desktop\team08 project\team08-project\backend\node_modules\pirates\lib\index.js:130:29)
    at Module._extensions..js (node:internal/modules/cjs/loader:1180:10)
    at Object.newLoader [as .js] (C:\Users\sun\Desktop\team08 project\team08-project\backend\node_modules\pirates\lib\index.js:141:7)
    at Module.load (node:internal/modules/cjs/loader:1004:32)
    at Function.Module._load (node:internal/modules/cjs/loader:839:12)
    at Module.require (node:internal/modules/cjs/loader:1028:19)
    at require (node:internal/modules/cjs/helpers:102:18)
    at Object.<anonymous> (C:\Users\sun\Desktop\team08 project\team08-project\backend\src\routes\/user.router.js:5:1)
    at Module._compile (node:internal/modules/cjs/loader:1126:14)
    at Module._compile (C:\Users\sun\Desktop\team08 project\team08-project\backend\node_modules\pirates\lib\index.js:136:24)
    at Module._extensions..js (node:internal/modules/cjs/loader:1180:10)
    at Object.newLoader [as .js] (C:\Users\sun\Desktop\team08 project\team08-project\backend\node_modules\pirates\lib\index.js:141:7)
    at Module.load (node:internal/modules/cjs/loader:1004:32)
    at Function.Module._load (node:internal/modules/cjs/loader:839:12)
    at Module.require (node:internal/modules/cjs/loader:1028:19)
    at require (node:internal/modules/cjs/helpers:102:18)
    at Object.<anonymous> (C:\Users\sun\Desktop\team08 project\team08-project\backend\/app.js:18:1)
    at Module._compile (node:internal/modules/cjs/loader:1126:14)
2022-11-28 13:09:56 [undefined] error: uncaughtException: C:\Users\sun\Desktop\team08 project\team08-project\backend\src\middlewares\uploadImageS3.js: Unexpected token (6:21)

[0m [90m 4 |[39m [36mimport[39m [33mAWS[39m [36mfrom[39m [32m'aws-sdk'[39m[33m;[39m[0m
[0m [90m 5 |[39m [36mimport[39m dotenv [36mfrom[39m [32m'dotenv'[39m[33m;[39m[0m
[0m[31m[1m>[22m[39m[90m 6 |[39m [36mimport[39m multerS3 [36mfrom[39m ([32m'multer-s3'[39m)[33m;[39m[0m
[0m [90m   |[39m                      [31m[1m^[22m[39m[0m
[0m [90m 7 |[39m dotenv[33m.[39mconfig()[33m;[39m[0m
[0m [90m 8 |[39m[0m
[0m [90m 9 |[39m [36mfunction[39m uploadImageS3() {[0m
SyntaxError: C:\Users\sun\Desktop\team08 project\team08-project\backend\src\middlewares\uploadImageS3.js: Unexpected token (6:21)

[0m [90m 4 |[39m [36mimport[39m [33mAWS[39m [36mfrom[39m [32m'aws-sdk'[39m[33m;[39m[0m
[0m [90m 5 |[39m [36mimport[39m dotenv [36mfrom[39m [32m'dotenv'[39m[33m;[39m[0m
[0m[31m[1m>[22m[39m[90m 6 |[39m [36mimport[39m multerS3 [36mfrom[39m ([32m'multer-s3'[39m)[33m;[39m[0m
[0m [90m   |[39m                      [31m[1m^[22m[39m[0m
[0m [90m 7 |[39m dotenv[33m.[39mconfig()[33m;[39m[0m
[0m [90m 8 |[39m[0m
[0m [90m 9 |[39m [36mfunction[39m uploadImageS3() {[0m
    at instantiate (C:\Users\sun\Desktop\team08 project\team08-project\backend\node_modules\@babel\parser\src\parse-error\credentials.ts:62:21)
    at toParseError (C:\Users\sun\Desktop\team08 project\team08-project\backend\node_modules\@babel\parser\src\parse-error.ts:60:12)
    at Parser.raise (C:\Users\sun\Desktop\team08 project\team08-project\backend\node_modules\@babel\parser\src\tokenizer\index.ts:1474:19)
    at Parser.unexpected (C:\Users\sun\Desktop\team08 project\team08-project\backend\node_modules\@babel\parser\src\tokenizer\index.ts:1520:16)
    at Parser.parseImportSource (C:\Users\sun\Desktop\team08 project\team08-project\backend\node_modules\@babel\parser\src\parser\statement.ts:2827:38)
    at Parser.parseImport (C:\Users\sun\Desktop\team08 project\team08-project\backend\node_modules\@babel\parser\src\parser\statement.ts:2805:24)
    at Parser.parseStatementContent (C:\Users\sun\Desktop\team08 project\team08-project\backend\node_modules\@babel\parser\src\parser\statement.ts:483:25)
    at Parser.parseStatement (C:\Users\sun\Desktop\team08 project\team08-project\backend\node_modules\@babel\parser\src\parser\statement.ts:359:17)
    at Parser.parseBlockOrModuleBlockBody (C:\Users\sun\Desktop\team08 project\team08-project\backend\node_modules\@babel\parser\src\parser\statement.ts:1241:25)
    at Parser.parseBlockBody (C:\Users\sun\Desktop\team08 project\team08-project\backend\node_modules\@babel\parser\src\parser\statement.ts:1216:10)
    at Parser.parseProgram (C:\Users\sun\Desktop\team08 project\team08-project\backend\node_modules\@babel\parser\src\parser\statement.ts:215:10)
    at Parser.parseTopLevel (C:\Users\sun\Desktop\team08 project\team08-project\backend\node_modules\@babel\parser\src\parser\statement.ts:197:25)
    at Parser.parse (C:\Users\sun\Desktop\team08 project\team08-project\backend\node_modules\@babel\parser\src\parser\index.ts:45:10)
    at parse (C:\Users\sun\Desktop\team08 project\team08-project\backend\node_modules\@babel\parser\src\index.ts:67:38)
    at parser (C:\Users\sun\Desktop\team08 project\team08-project\backend\node_modules\@babel\core\src\parser\index.ts:28:19)
    at parser.next (<anonymous>)
    at normalizeFile (C:\Users\sun\Desktop\team08 project\team08-project\backend\node_modules\@babel\core\src\transformation\normalize-file.ts:52:24)
    at normalizeFile.next (<anonymous>)
    at run (C:\Users\sun\Desktop\team08 project\team08-project\backend\node_modules\@babel\core\src\transformation\index.ts:38:36)
    at run.next (<anonymous>)
    at transform (C:\Users\sun\Desktop\team08 project\team08-project\backend\node_modules\@babel\core\src\transform.ts:29:20)
    at transform.next (<anonymous>)
    at evaluateSync (C:\Users\sun\Desktop\team08 project\team08-project\backend\node_modules\gensync\index.js:251:28)
    at fn (C:\Users\sun\Desktop\team08 project\team08-project\backend\node_modules\gensync\index.js:89:14)
    at stopHiding - secret - don't use this - v1 (C:\Users\sun\Desktop\team08 project\team08-project\backend\node_modules\@babel\core\src\errors\rewrite-stack-trace.ts:97:14)
    at Object.transformSync (C:\Users\sun\Desktop\team08 project\team08-project\backend\node_modules\@babel\core\src\transform.ts:66:52)
    at exports.transformSync (C:\Users\sun\Desktop\team08 project\team08-project\backend\node_modules\@babel\register\lib\worker\transform.js:94:15)
    at Function.handleMessage (C:\Users\sun\Desktop\team08 project\team08-project\backend\node_modules\@babel\register\lib\worker\handle-message.js:23:16)
    at LocalClient.<anonymous> (C:\Users\sun\Desktop\team08 project\team08-project\backend\node_modules\@babel\register\lib\worker-client.js:134:86)
    at LocalClient.transform (C:\Users\sun\Desktop\team08 project\team08-project\backend\node_modules\@babel\register\lib\worker-client.js:64:47)
    at compile (C:\Users\sun\Desktop\team08 project\team08-project\backend\node_modules\@babel\register\lib\hook.js:58:25)
    at compileBabel7 (C:\Users\sun\Desktop\team08 project\team08-project\backend\node_modules\@babel\register\lib\hook.js:49:14)
    at Module._compile (C:\Users\sun\Desktop\team08 project\team08-project\backend\node_modules\pirates\lib\index.js:130:29)
    at Module._extensions..js (node:internal/modules/cjs/loader:1180:10)
    at Object.newLoader [as .js] (C:\Users\sun\Desktop\team08 project\team08-project\backend\node_modules\pirates\lib\index.js:141:7)
    at Module.load (node:internal/modules/cjs/loader:1004:32)
    at Function.Module._load (node:internal/modules/cjs/loader:839:12)
    at Module.require (node:internal/modules/cjs/loader:1028:19)
    at require (node:internal/modules/cjs/helpers:102:18)
    at Object.<anonymous> (C:\Users\sun\Desktop\team08 project\team08-project\backend\src\routes\/user.router.js:5:1)
    at Module._compile (node:internal/modules/cjs/loader:1126:14)
    at Module._compile (C:\Users\sun\Desktop\team08 project\team08-project\backend\node_modules\pirates\lib\index.js:136:24)
    at Module._extensions..js (node:internal/modules/cjs/loader:1180:10)
    at Object.newLoader [as .js] (C:\Users\sun\Desktop\team08 project\team08-project\backend\node_modules\pirates\lib\index.js:141:7)
    at Module.load (node:internal/modules/cjs/loader:1004:32)
    at Function.Module._load (node:internal/modules/cjs/loader:839:12)
    at Module.require (node:internal/modules/cjs/loader:1028:19)
    at require (node:internal/modules/cjs/helpers:102:18)
    at Object.<anonymous> (C:\Users\sun\Desktop\team08 project\team08-project\backend\/app.js:18:1)
    at Module._compile (node:internal/modules/cjs/loader:1126:14)
2022-11-28 13:10:16 [undefined] error: uncaughtException: C:\Users\sun\Desktop\team08 project\team08-project\backend\src\middlewares\uploadImageS3.js: Unexpected token (6:21)

[0m [90m 4 |[39m [36mimport[39m [33mAWS[39m [36mfrom[39m [32m'aws-sdk'[39m[33m;[39m[0m
[0m [90m 5 |[39m [36mimport[39m dotenv [36mfrom[39m [32m'dotenv'[39m[33m;[39m[0m
[0m[31m[1m>[22m[39m[90m 6 |[39m [36mimport[39m multerS3 [36mfrom[39m ([32m'multer-s3'[39m)[33m;[39m[0m
[0m [90m   |[39m                      [31m[1m^[22m[39m[0m
[0m [90m 7 |[39m dotenv[33m.[39mconfig()[33m;[39m[0m
[0m [90m 8 |[39m[0m
[0m [90m 9 |[39m [36mfunction[39m uploadImageS3() {[0m
SyntaxError: C:\Users\sun\Desktop\team08 project\team08-project\backend\src\middlewares\uploadImageS3.js: Unexpected token (6:21)

[0m [90m 4 |[39m [36mimport[39m [33mAWS[39m [36mfrom[39m [32m'aws-sdk'[39m[33m;[39m[0m
[0m [90m 5 |[39m [36mimport[39m dotenv [36mfrom[39m [32m'dotenv'[39m[33m;[39m[0m
[0m[31m[1m>[22m[39m[90m 6 |[39m [36mimport[39m multerS3 [36mfrom[39m ([32m'multer-s3'[39m)[33m;[39m[0m
[0m [90m   |[39m                      [31m[1m^[22m[39m[0m
[0m [90m 7 |[39m dotenv[33m.[39mconfig()[33m;[39m[0m
[0m [90m 8 |[39m[0m
[0m [90m 9 |[39m [36mfunction[39m uploadImageS3() {[0m
    at instantiate (C:\Users\sun\Desktop\team08 project\team08-project\backend\node_modules\@babel\parser\src\parse-error\credentials.ts:62:21)
    at toParseError (C:\Users\sun\Desktop\team08 project\team08-project\backend\node_modules\@babel\parser\src\parse-error.ts:60:12)
    at Parser.raise (C:\Users\sun\Desktop\team08 project\team08-project\backend\node_modules\@babel\parser\src\tokenizer\index.ts:1474:19)
    at Parser.unexpected (C:\Users\sun\Desktop\team08 project\team08-project\backend\node_modules\@babel\parser\src\tokenizer\index.ts:1520:16)
    at Parser.parseImportSource (C:\Users\sun\Desktop\team08 project\team08-project\backend\node_modules\@babel\parser\src\parser\statement.ts:2827:38)
    at Parser.parseImport (C:\Users\sun\Desktop\team08 project\team08-project\backend\node_modules\@babel\parser\src\parser\statement.ts:2805:24)
    at Parser.parseStatementContent (C:\Users\sun\Desktop\team08 project\team08-project\backend\node_modules\@babel\parser\src\parser\statement.ts:483:25)
    at Parser.parseStatement (C:\Users\sun\Desktop\team08 project\team08-project\backend\node_modules\@babel\parser\src\parser\statement.ts:359:17)
    at Parser.parseBlockOrModuleBlockBody (C:\Users\sun\Desktop\team08 project\team08-project\backend\node_modules\@babel\parser\src\parser\statement.ts:1241:25)
    at Parser.parseBlockBody (C:\Users\sun\Desktop\team08 project\team08-project\backend\node_modules\@babel\parser\src\parser\statement.ts:1216:10)
    at Parser.parseProgram (C:\Users\sun\Desktop\team08 project\team08-project\backend\node_modules\@babel\parser\src\parser\statement.ts:215:10)
    at Parser.parseTopLevel (C:\Users\sun\Desktop\team08 project\team08-project\backend\node_modules\@babel\parser\src\parser\statement.ts:197:25)
    at Parser.parse (C:\Users\sun\Desktop\team08 project\team08-project\backend\node_modules\@babel\parser\src\parser\index.ts:45:10)
    at parse (C:\Users\sun\Desktop\team08 project\team08-project\backend\node_modules\@babel\parser\src\index.ts:67:38)
    at parser (C:\Users\sun\Desktop\team08 project\team08-project\backend\node_modules\@babel\core\src\parser\index.ts:28:19)
    at parser.next (<anonymous>)
    at normalizeFile (C:\Users\sun\Desktop\team08 project\team08-project\backend\node_modules\@babel\core\src\transformation\normalize-file.ts:52:24)
    at normalizeFile.next (<anonymous>)
    at run (C:\Users\sun\Desktop\team08 project\team08-project\backend\node_modules\@babel\core\src\transformation\index.ts:38:36)
    at run.next (<anonymous>)
    at transform (C:\Users\sun\Desktop\team08 project\team08-project\backend\node_modules\@babel\core\src\transform.ts:29:20)
    at transform.next (<anonymous>)
    at evaluateSync (C:\Users\sun\Desktop\team08 project\team08-project\backend\node_modules\gensync\index.js:251:28)
    at fn (C:\Users\sun\Desktop\team08 project\team08-project\backend\node_modules\gensync\index.js:89:14)
    at stopHiding - secret - don't use this - v1 (C:\Users\sun\Desktop\team08 project\team08-project\backend\node_modules\@babel\core\src\errors\rewrite-stack-trace.ts:97:14)
    at Object.transformSync (C:\Users\sun\Desktop\team08 project\team08-project\backend\node_modules\@babel\core\src\transform.ts:66:52)
    at exports.transformSync (C:\Users\sun\Desktop\team08 project\team08-project\backend\node_modules\@babel\register\lib\worker\transform.js:94:15)
    at Function.handleMessage (C:\Users\sun\Desktop\team08 project\team08-project\backend\node_modules\@babel\register\lib\worker\handle-message.js:23:16)
    at LocalClient.<anonymous> (C:\Users\sun\Desktop\team08 project\team08-project\backend\node_modules\@babel\register\lib\worker-client.js:134:86)
    at LocalClient.transform (C:\Users\sun\Desktop\team08 project\team08-project\backend\node_modules\@babel\register\lib\worker-client.js:64:47)
    at compile (C:\Users\sun\Desktop\team08 project\team08-project\backend\node_modules\@babel\register\lib\hook.js:58:25)
    at compileBabel7 (C:\Users\sun\Desktop\team08 project\team08-project\backend\node_modules\@babel\register\lib\hook.js:49:14)
    at Module._compile (C:\Users\sun\Desktop\team08 project\team08-project\backend\node_modules\pirates\lib\index.js:130:29)
    at Module._extensions..js (node:internal/modules/cjs/loader:1180:10)
    at Object.newLoader [as .js] (C:\Users\sun\Desktop\team08 project\team08-project\backend\node_modules\pirates\lib\index.js:141:7)
    at Module.load (node:internal/modules/cjs/loader:1004:32)
    at Function.Module._load (node:internal/modules/cjs/loader:839:12)
    at Module.require (node:internal/modules/cjs/loader:1028:19)
    at require (node:internal/modules/cjs/helpers:102:18)
    at Object.<anonymous> (C:\Users\sun\Desktop\team08 project\team08-project\backend\src\routes\/user.router.js:5:1)
    at Module._compile (node:internal/modules/cjs/loader:1126:14)
    at Module._compile (C:\Users\sun\Desktop\team08 project\team08-project\backend\node_modules\pirates\lib\index.js:136:24)
    at Module._extensions..js (node:internal/modules/cjs/loader:1180:10)
    at Object.newLoader [as .js] (C:\Users\sun\Desktop\team08 project\team08-project\backend\node_modules\pirates\lib\index.js:141:7)
    at Module.load (node:internal/modules/cjs/loader:1004:32)
    at Function.Module._load (node:internal/modules/cjs/loader:839:12)
    at Module.require (node:internal/modules/cjs/loader:1028:19)
    at require (node:internal/modules/cjs/helpers:102:18)
    at Object.<anonymous> (C:\Users\sun\Desktop\team08 project\team08-project\backend\/app.js:18:1)
    at Module._compile (node:internal/modules/cjs/loader:1126:14)
